2022-04-05 23:59:00,002 DEBUG    root            Loaded Command Group: ['gcloud', 'builds']
2022-04-05 23:59:00,013 DEBUG    root            Loaded Command Group: ['gcloud', 'builds', 'submit']
2022-04-05 23:59:00,019 DEBUG    root            Running [gcloud.builds.submit] with arguments: [--project: "greenday-6aba2", --tag: "us-east1-docker.pkg.dev/greenday-6aba2/greenday/app:latest"]
2022-04-05 23:59:00,041 DEBUG    urllib3.connectionpool Starting new HTTPS connection (1): storage.googleapis.com:443
2022-04-05 23:59:00,160 DEBUG    urllib3.connectionpool https://storage.googleapis.com:443 "GET /storage/v1/b/greenday-6aba2_cloudbuild?alt=json HTTP/1.1" 200 648
2022-04-05 23:59:00,327 DEBUG    urllib3.connectionpool https://storage.googleapis.com:443 "GET /storage/v1/b?alt=json&maxResults=1000&prefix=greenday-6aba2_cloudbuild&project=greenday-6aba2 HTTP/1.1" 200 794
2022-04-05 23:59:00,332 INFO     root            Using default gcloudignore file:
--------------------------------------------------
# This file specifies files that are *not* uploaded to Google Cloud
# using gcloud. It follows the same syntax as .gitignore, with the addition of
# "#!include" directives (which insert the entries of the given .gitignore-style
# file at that point).
#
# For more information, run:
#   $ gcloud topic gcloudignore
#
.gcloudignore
# If you would like to upload your .git directory, .gitignore file or files
# from your .gitignore file, remove the corresponding line
# below:
.git
.gitignore
#!include:.gitignore

--------------------------------------------------
2022-04-05 23:59:00,334 DEBUG    root            Skipping file [.gitignore]
2022-04-05 23:59:00,334 DEBUG    root            Skipping file [.env]
2022-04-05 23:59:00,334 DEBUG    root            Skipping file [node_modules]
2022-04-05 23:59:00,334 DEBUG    root            Skipping file [.git]
2022-04-05 23:59:00,334 INFO     ___FILE_ONLY___ Creating temporary tarball archive of 12 file(s) totalling 49.3 KiB before compression.

2022-04-05 23:59:00,336 DEBUG    root            Added dir [commands]
2022-04-05 23:59:00,336 DEBUG    root            Added [Dockerfile]
2022-04-05 23:59:00,336 DEBUG    root            Added [index.js]
2022-04-05 23:59:00,338 DEBUG    root            Added [package-lock.json]
2022-04-05 23:59:00,338 DEBUG    root            Added [package.json]
2022-04-05 23:59:00,339 DEBUG    root            Added [deploy.sh]
2022-04-05 23:59:00,339 DEBUG    root            Added [commands/dice.js]
2022-04-05 23:59:00,339 DEBUG    root            Added [commands/inspire.js]
2022-04-05 23:59:00,340 DEBUG    root            Added [commands/deleteRole.js]
2022-04-05 23:59:00,340 DEBUG    root            Added [commands/meme.js]
2022-04-05 23:59:00,340 DEBUG    root            Added [commands/setRole.js]
2022-04-05 23:59:00,341 DEBUG    root            Added [commands/dadBot.js]
2022-04-05 23:59:00,341 DEBUG    root            Added [commands/ban.js]
2022-04-05 23:59:00,341 INFO     ___FILE_ONLY___ Some files were not included in the source upload.

Check the gcloud log [/Users/ankurahir/.config/gcloud/logs/2022.04.05/23.59.00.002146.log] to see which files and the contents of the
default gcloudignore file used (see `$ gcloud topic gcloudignore` to learn
more).


2022-04-05 23:59:00,341 INFO     ___FILE_ONLY___ Uploading tarball of [.] to [gs://greenday-6aba2_cloudbuild/source/1649228340.03437-edb19a4627df4d5782fba0034d153d8e.tgz]

2022-04-05 23:59:00,343 INFO     root            Uploading [/var/folders/s5/kqdr94n90p92sn2jtby_q0rh0000gn/T/tmpxf4mu8ol/file.tgz] to [greenday-6aba2_cloudbuild/source/1649228340.03437-edb19a4627df4d5782fba0034d153d8e.tgz]
2022-04-05 23:59:00,516 DEBUG    urllib3.connectionpool https://storage.googleapis.com:443 "POST /upload/storage/v1/b/greenday-6aba2_cloudbuild/o?alt=json&name=source%2F1649228340.03437-edb19a4627df4d5782fba0034d153d8e.tgz&uploadType=multipart HTTP/1.1" 200 995
2022-04-05 23:59:00,520 DEBUG    root            submitting build: <Build
 images: ['us-east1-docker.pkg.dev/greenday-6aba2/greenday/app:latest']
 secrets: []
 source: <Source
 storageSource: <StorageSource
 bucket: 'greenday-6aba2_cloudbuild'
 generation: 1649228340492027
 object: 'source/1649228340.03437-edb19a4627df4d5782fba0034d153d8e.tgz'>>
 steps: [<BuildStep
 args: ['build', '--network', 'cloudbuild', '--no-cache', '-t', 'us-east1-docker.pkg.dev/greenday-6aba2/greenday/app:latest', '.']
 env: []
 name: 'gcr.io/cloud-builders/docker'
 secretEnv: []
 volumes: []
 waitFor: []>]
 tags: []
 warnings: []>
2022-04-05 23:59:00,528 DEBUG    urllib3.connectionpool Starting new HTTPS connection (1): cloudbuild.googleapis.com:443
2022-04-05 23:59:01,131 DEBUG    urllib3.connectionpool https://cloudbuild.googleapis.com:443 "POST /v1/projects/greenday-6aba2/locations/global/builds?alt=json HTTP/1.1" 200 None
2022-04-05 23:59:01,143 INFO     ___FILE_ONLY___ Created [https://cloudbuild.googleapis.com/v1/projects/greenday-6aba2/locations/global/builds/92889c7f-d8a3-45e1-be8e-e4060e5c6207].

2022-04-05 23:59:01,143 INFO     ___FILE_ONLY___ Logs are available at [https://console.cloud.google.com/cloud-build/builds/92889c7f-d8a3-45e1-be8e-e4060e5c6207?project=15765189134].

2022-04-05 23:59:01,355 DEBUG    urllib3.connectionpool https://cloudbuild.googleapis.com:443 "GET /v1/projects/greenday-6aba2/locations/global/builds/92889c7f-d8a3-45e1-be8e-e4060e5c6207?alt=json HTTP/1.1" 200 None
2022-04-05 23:59:01,365 DEBUG    root            GCS logfile url is https://storage.googleapis.com/15765189134.cloudbuild-logs.googleusercontent.com/log-92889c7f-d8a3-45e1-be8e-e4060e5c6207.txt
2022-04-05 23:59:01,370 DEBUG    urllib3.connectionpool Starting new HTTPS connection (1): storage.googleapis.com:443
2022-04-05 23:59:01,481 DEBUG    urllib3.connectionpool https://cloudbuild.googleapis.com:443 "GET /v1/projects/greenday-6aba2/locations/global/builds/92889c7f-d8a3-45e1-be8e-e4060e5c6207?alt=json HTTP/1.1" 200 None
2022-04-05 23:59:01,500 DEBUG    urllib3.connectionpool https://storage.googleapis.com:443 "GET /15765189134.cloudbuild-logs.googleusercontent.com/log-92889c7f-d8a3-45e1-be8e-e4060e5c6207.txt HTTP/1.1" 404 256
2022-04-05 23:59:01,501 DEBUG    root            Reading GCS logfile: 404 (no log yet; keep polling)
2022-04-05 23:59:02,593 DEBUG    urllib3.connectionpool https://cloudbuild.googleapis.com:443 "GET /v1/projects/greenday-6aba2/locations/global/builds/92889c7f-d8a3-45e1-be8e-e4060e5c6207?alt=json HTTP/1.1" 200 None
2022-04-05 23:59:02,594 DEBUG    urllib3.connectionpool https://storage.googleapis.com:443 "GET /15765189134.cloudbuild-logs.googleusercontent.com/log-92889c7f-d8a3-45e1-be8e-e4060e5c6207.txt HTTP/1.1" 416 164
2022-04-05 23:59:02,599 DEBUG    root            Reading GCS logfile: 416 (no new content; keep polling)
2022-04-05 23:59:03,689 DEBUG    urllib3.connectionpool https://storage.googleapis.com:443 "GET /15765189134.cloudbuild-logs.googleusercontent.com/log-92889c7f-d8a3-45e1-be8e-e4060e5c6207.txt HTTP/1.1" 416 164
2022-04-05 23:59:03,691 DEBUG    root            Reading GCS logfile: 416 (no new content; keep polling)
2022-04-05 23:59:03,704 DEBUG    urllib3.connectionpool https://cloudbuild.googleapis.com:443 "GET /v1/projects/greenday-6aba2/locations/global/builds/92889c7f-d8a3-45e1-be8e-e4060e5c6207?alt=json HTTP/1.1" 200 None
2022-04-05 23:59:04,815 DEBUG    urllib3.connectionpool https://storage.googleapis.com:443 "GET /15765189134.cloudbuild-logs.googleusercontent.com/log-92889c7f-d8a3-45e1-be8e-e4060e5c6207.txt HTTP/1.1" 206 201
2022-04-05 23:59:04,816 DEBUG    root            Reading GCS logfile: 206 (read 201 bytes)
2022-04-05 23:59:04,816 INFO     ___FILE_ONLY___ ---------------------------------------------------- REMOTE BUILD OUTPUT -----------------------------------------------------

2022-04-05 23:59:04,816 INFO     ___FILE_ONLY___ starting build "92889c7f-d8a3-45e1-be8e-e4060e5c6207"

FETCHSOURCE
Fetching storage object: gs://greenday-6aba2_cloudbuild/source/1649228340.03437-edb19a4627df4d5782fba0034d153d8e.tgz#1649228340492027

2022-04-05 23:59:04,859 DEBUG    urllib3.connectionpool https://cloudbuild.googleapis.com:443 "GET /v1/projects/greenday-6aba2/locations/global/builds/92889c7f-d8a3-45e1-be8e-e4060e5c6207?alt=json HTTP/1.1" 200 None
2022-04-05 23:59:05,955 DEBUG    urllib3.connectionpool https://storage.googleapis.com:443 "GET /15765189134.cloudbuild-logs.googleusercontent.com/log-92889c7f-d8a3-45e1-be8e-e4060e5c6207.txt HTTP/1.1" 416 166
2022-04-05 23:59:05,957 DEBUG    root            Reading GCS logfile: 416 (no new content; keep polling)
2022-04-05 23:59:05,993 DEBUG    urllib3.connectionpool https://cloudbuild.googleapis.com:443 "GET /v1/projects/greenday-6aba2/locations/global/builds/92889c7f-d8a3-45e1-be8e-e4060e5c6207?alt=json HTTP/1.1" 200 None
2022-04-05 23:59:07,094 DEBUG    urllib3.connectionpool https://storage.googleapis.com:443 "GET /15765189134.cloudbuild-logs.googleusercontent.com/log-92889c7f-d8a3-45e1-be8e-e4060e5c6207.txt HTTP/1.1" 206 365
2022-04-05 23:59:07,097 DEBUG    root            Reading GCS logfile: 206 (read 365 bytes)
2022-04-05 23:59:07,097 INFO     ___FILE_ONLY___ Copying gs://greenday-6aba2_cloudbuild/source/1649228340.03437-edb19a4627df4d5782fba0034d153d8e.tgz#1649228340492027...
/ [0 files][    0.0 B/ 10.4 KiB]                                                / [1 files][ 10.4 KiB/ 10.4 KiB]                                                
Operation completed over 1 objects/10.4 KiB.

2022-04-05 23:59:07,366 DEBUG    urllib3.connectionpool https://cloudbuild.googleapis.com:443 "GET /v1/projects/greenday-6aba2/locations/global/builds/92889c7f-d8a3-45e1-be8e-e4060e5c6207?alt=json HTTP/1.1" 200 None
2022-04-05 23:59:08,233 DEBUG    urllib3.connectionpool https://storage.googleapis.com:443 "GET /15765189134.cloudbuild-logs.googleusercontent.com/log-92889c7f-d8a3-45e1-be8e-e4060e5c6207.txt HTTP/1.1" 416 166
2022-04-05 23:59:08,235 DEBUG    root            Reading GCS logfile: 416 (no new content; keep polling)
2022-04-05 23:59:08,673 DEBUG    urllib3.connectionpool https://cloudbuild.googleapis.com:443 "GET /v1/projects/greenday-6aba2/locations/global/builds/92889c7f-d8a3-45e1-be8e-e4060e5c6207?alt=json HTTP/1.1" 200 None
2022-04-05 23:59:09,369 DEBUG    urllib3.connectionpool https://storage.googleapis.com:443 "GET /15765189134.cloudbuild-logs.googleusercontent.com/log-92889c7f-d8a3-45e1-be8e-e4060e5c6207.txt HTTP/1.1" 206 69
2022-04-05 23:59:09,371 DEBUG    root            Reading GCS logfile: 206 (read 69 bytes)
2022-04-05 23:59:09,371 INFO     ___FILE_ONLY___ BUILD
Already have image (with digest): gcr.io/cloud-builders/docker

2022-04-05 23:59:09,788 DEBUG    urllib3.connectionpool https://cloudbuild.googleapis.com:443 "GET /v1/projects/greenday-6aba2/locations/global/builds/92889c7f-d8a3-45e1-be8e-e4060e5c6207?alt=json HTTP/1.1" 200 None
2022-04-05 23:59:10,503 DEBUG    urllib3.connectionpool https://storage.googleapis.com:443 "GET /15765189134.cloudbuild-logs.googleusercontent.com/log-92889c7f-d8a3-45e1-be8e-e4060e5c6207.txt HTTP/1.1" 206 645
2022-04-05 23:59:10,505 DEBUG    root            Reading GCS logfile: 206 (read 645 bytes)
2022-04-05 23:59:10,506 INFO     ___FILE_ONLY___ Sending build context to Docker daemon  60.93kB
Step 1/6 : FROM node:16
16: Pulling from library/node
b281ebec60d2: Pulling fs layer
74dae484504b: Pulling fs layer
21739e3ef21a: Pulling fs layer
e98d6bb51c7c: Pulling fs layer
517ebafd9747: Pulling fs layer
fa245e9d6fa2: Pulling fs layer
662bb10a8d17: Pulling fs layer
fad28b720f14: Pulling fs layer
512c94f3667e: Pulling fs layer
fa245e9d6fa2: Waiting
662bb10a8d17: Waiting
fad28b720f14: Waiting
512c94f3667e: Waiting
e98d6bb51c7c: Waiting
517ebafd9747: Waiting
21739e3ef21a: Verifying Checksum
21739e3ef21a: Download complete
74dae484504b: Verifying Checksum
74dae484504b: Download complete

2022-04-05 23:59:10,904 DEBUG    urllib3.connectionpool https://cloudbuild.googleapis.com:443 "GET /v1/projects/greenday-6aba2/locations/global/builds/92889c7f-d8a3-45e1-be8e-e4060e5c6207?alt=json HTTP/1.1" 200 None
2022-04-05 23:59:11,638 DEBUG    urllib3.connectionpool https://storage.googleapis.com:443 "GET /15765189134.cloudbuild-logs.googleusercontent.com/log-92889c7f-d8a3-45e1-be8e-e4060e5c6207.txt HTTP/1.1" 206 390
2022-04-05 23:59:11,641 DEBUG    root            Reading GCS logfile: 206 (read 390 bytes)
2022-04-05 23:59:11,641 INFO     ___FILE_ONLY___ b281ebec60d2: Verifying Checksum
b281ebec60d2: Download complete
e98d6bb51c7c: Verifying Checksum
e98d6bb51c7c: Download complete
fa245e9d6fa2: Verifying Checksum
fa245e9d6fa2: Download complete
fad28b720f14: Verifying Checksum
fad28b720f14: Download complete
512c94f3667e: Verifying Checksum
512c94f3667e: Download complete
662bb10a8d17: Verifying Checksum
662bb10a8d17: Download complete

2022-04-05 23:59:12,019 DEBUG    urllib3.connectionpool https://cloudbuild.googleapis.com:443 "GET /v1/projects/greenday-6aba2/locations/global/builds/92889c7f-d8a3-45e1-be8e-e4060e5c6207?alt=json HTTP/1.1" 200 None
2022-04-05 23:59:12,774 DEBUG    urllib3.connectionpool https://storage.googleapis.com:443 "GET /15765189134.cloudbuild-logs.googleusercontent.com/log-92889c7f-d8a3-45e1-be8e-e4060e5c6207.txt HTTP/1.1" 206 65
2022-04-05 23:59:12,776 DEBUG    root            Reading GCS logfile: 206 (read 65 bytes)
2022-04-05 23:59:12,777 INFO     ___FILE_ONLY___ 517ebafd9747: Verifying Checksum
517ebafd9747: Download complete

2022-04-05 23:59:13,137 DEBUG    urllib3.connectionpool https://cloudbuild.googleapis.com:443 "GET /v1/projects/greenday-6aba2/locations/global/builds/92889c7f-d8a3-45e1-be8e-e4060e5c6207?alt=json HTTP/1.1" 200 None
2022-04-05 23:59:13,940 DEBUG    urllib3.connectionpool https://storage.googleapis.com:443 "GET /15765189134.cloudbuild-logs.googleusercontent.com/log-92889c7f-d8a3-45e1-be8e-e4060e5c6207.txt HTTP/1.1" 206 84
2022-04-05 23:59:13,941 DEBUG    root            Reading GCS logfile: 206 (read 84 bytes)
2022-04-05 23:59:13,941 INFO     ___FILE_ONLY___ b281ebec60d2: Pull complete
74dae484504b: Pull complete
21739e3ef21a: Pull complete

2022-04-05 23:59:14,247 DEBUG    urllib3.connectionpool https://cloudbuild.googleapis.com:443 "GET /v1/projects/greenday-6aba2/locations/global/builds/92889c7f-d8a3-45e1-be8e-e4060e5c6207?alt=json HTTP/1.1" 200 None
2022-04-05 23:59:15,070 DEBUG    urllib3.connectionpool https://storage.googleapis.com:443 "GET /15765189134.cloudbuild-logs.googleusercontent.com/log-92889c7f-d8a3-45e1-be8e-e4060e5c6207.txt HTTP/1.1" 416 167
2022-04-05 23:59:15,072 DEBUG    root            Reading GCS logfile: 416 (no new content; keep polling)
2022-04-05 23:59:15,367 DEBUG    urllib3.connectionpool https://cloudbuild.googleapis.com:443 "GET /v1/projects/greenday-6aba2/locations/global/builds/92889c7f-d8a3-45e1-be8e-e4060e5c6207?alt=json HTTP/1.1" 200 None
2022-04-05 23:59:16,201 DEBUG    urllib3.connectionpool https://storage.googleapis.com:443 "GET /15765189134.cloudbuild-logs.googleusercontent.com/log-92889c7f-d8a3-45e1-be8e-e4060e5c6207.txt HTTP/1.1" 416 167
2022-04-05 23:59:16,203 DEBUG    root            Reading GCS logfile: 416 (no new content; keep polling)
2022-04-05 23:59:16,519 DEBUG    urllib3.connectionpool https://cloudbuild.googleapis.com:443 "GET /v1/projects/greenday-6aba2/locations/global/builds/92889c7f-d8a3-45e1-be8e-e4060e5c6207?alt=json HTTP/1.1" 200 None
2022-04-05 23:59:17,335 DEBUG    urllib3.connectionpool https://storage.googleapis.com:443 "GET /15765189134.cloudbuild-logs.googleusercontent.com/log-92889c7f-d8a3-45e1-be8e-e4060e5c6207.txt HTTP/1.1" 206 28
2022-04-05 23:59:17,337 DEBUG    root            Reading GCS logfile: 206 (read 28 bytes)
2022-04-05 23:59:17,338 INFO     ___FILE_ONLY___ e98d6bb51c7c: Pull complete

2022-04-05 23:59:17,643 DEBUG    urllib3.connectionpool https://cloudbuild.googleapis.com:443 "GET /v1/projects/greenday-6aba2/locations/global/builds/92889c7f-d8a3-45e1-be8e-e4060e5c6207?alt=json HTTP/1.1" 200 None
2022-04-05 23:59:18,476 DEBUG    urllib3.connectionpool https://storage.googleapis.com:443 "GET /15765189134.cloudbuild-logs.googleusercontent.com/log-92889c7f-d8a3-45e1-be8e-e4060e5c6207.txt HTTP/1.1" 416 167
2022-04-05 23:59:18,481 DEBUG    root            Reading GCS logfile: 416 (no new content; keep polling)
2022-04-05 23:59:18,754 DEBUG    urllib3.connectionpool https://cloudbuild.googleapis.com:443 "GET /v1/projects/greenday-6aba2/locations/global/builds/92889c7f-d8a3-45e1-be8e-e4060e5c6207?alt=json HTTP/1.1" 200 None
2022-04-05 23:59:19,617 DEBUG    urllib3.connectionpool https://storage.googleapis.com:443 "GET /15765189134.cloudbuild-logs.googleusercontent.com/log-92889c7f-d8a3-45e1-be8e-e4060e5c6207.txt HTTP/1.1" 416 167
2022-04-05 23:59:19,619 DEBUG    root            Reading GCS logfile: 416 (no new content; keep polling)
2022-04-05 23:59:19,866 DEBUG    urllib3.connectionpool https://cloudbuild.googleapis.com:443 "GET /v1/projects/greenday-6aba2/locations/global/builds/92889c7f-d8a3-45e1-be8e-e4060e5c6207?alt=json HTTP/1.1" 200 None
2022-04-05 23:59:20,762 DEBUG    urllib3.connectionpool https://storage.googleapis.com:443 "GET /15765189134.cloudbuild-logs.googleusercontent.com/log-92889c7f-d8a3-45e1-be8e-e4060e5c6207.txt HTTP/1.1" 416 167
2022-04-05 23:59:20,762 DEBUG    root            Reading GCS logfile: 416 (no new content; keep polling)
2022-04-05 23:59:20,971 DEBUG    urllib3.connectionpool https://cloudbuild.googleapis.com:443 "GET /v1/projects/greenday-6aba2/locations/global/builds/92889c7f-d8a3-45e1-be8e-e4060e5c6207?alt=json HTTP/1.1" 200 None
2022-04-05 23:59:21,898 DEBUG    urllib3.connectionpool https://storage.googleapis.com:443 "GET /15765189134.cloudbuild-logs.googleusercontent.com/log-92889c7f-d8a3-45e1-be8e-e4060e5c6207.txt HTTP/1.1" 416 167
2022-04-05 23:59:21,900 DEBUG    root            Reading GCS logfile: 416 (no new content; keep polling)
2022-04-05 23:59:22,142 DEBUG    urllib3.connectionpool https://cloudbuild.googleapis.com:443 "GET /v1/projects/greenday-6aba2/locations/global/builds/92889c7f-d8a3-45e1-be8e-e4060e5c6207?alt=json HTTP/1.1" 200 None
2022-04-05 23:59:23,004 DEBUG    urllib3.connectionpool https://storage.googleapis.com:443 "GET /15765189134.cloudbuild-logs.googleusercontent.com/log-92889c7f-d8a3-45e1-be8e-e4060e5c6207.txt HTTP/1.1" 416 167
2022-04-05 23:59:23,006 DEBUG    root            Reading GCS logfile: 416 (no new content; keep polling)
2022-04-05 23:59:23,253 DEBUG    urllib3.connectionpool https://cloudbuild.googleapis.com:443 "GET /v1/projects/greenday-6aba2/locations/global/builds/92889c7f-d8a3-45e1-be8e-e4060e5c6207?alt=json HTTP/1.1" 200 None
2022-04-05 23:59:24,129 DEBUG    urllib3.connectionpool https://storage.googleapis.com:443 "GET /15765189134.cloudbuild-logs.googleusercontent.com/log-92889c7f-d8a3-45e1-be8e-e4060e5c6207.txt HTTP/1.1" 206 56
2022-04-05 23:59:24,132 DEBUG    root            Reading GCS logfile: 206 (read 56 bytes)
2022-04-05 23:59:24,132 INFO     ___FILE_ONLY___ 517ebafd9747: Pull complete
fa245e9d6fa2: Pull complete

2022-04-05 23:59:24,366 DEBUG    urllib3.connectionpool https://cloudbuild.googleapis.com:443 "GET /v1/projects/greenday-6aba2/locations/global/builds/92889c7f-d8a3-45e1-be8e-e4060e5c6207?alt=json HTTP/1.1" 200 None
2022-04-05 23:59:25,269 DEBUG    urllib3.connectionpool https://storage.googleapis.com:443 "GET /15765189134.cloudbuild-logs.googleusercontent.com/log-92889c7f-d8a3-45e1-be8e-e4060e5c6207.txt HTTP/1.1" 206 258
2022-04-05 23:59:25,269 DEBUG    root            Reading GCS logfile: 206 (read 258 bytes)
2022-04-05 23:59:25,269 INFO     ___FILE_ONLY___ 662bb10a8d17: Pull complete
fad28b720f14: Pull complete
512c94f3667e: Pull complete
Digest: sha256:ffe804d6fcced29bcfc3477de079d03a9c2b0e4917e44bfeafb1a6b0f875e383
Status: Downloaded newer image for node:16
 ---> 424bc28f998d
Step 2/6 : WORKDIR /usr/src/app

2022-04-05 23:59:25,482 DEBUG    urllib3.connectionpool https://cloudbuild.googleapis.com:443 "GET /v1/projects/greenday-6aba2/locations/global/builds/92889c7f-d8a3-45e1-be8e-e4060e5c6207?alt=json HTTP/1.1" 200 None
2022-04-05 23:59:26,398 DEBUG    urllib3.connectionpool https://storage.googleapis.com:443 "GET /15765189134.cloudbuild-logs.googleusercontent.com/log-92889c7f-d8a3-45e1-be8e-e4060e5c6207.txt HTTP/1.1" 416 167
2022-04-05 23:59:26,399 DEBUG    root            Reading GCS logfile: 416 (no new content; keep polling)
2022-04-05 23:59:26,595 DEBUG    urllib3.connectionpool https://cloudbuild.googleapis.com:443 "GET /v1/projects/greenday-6aba2/locations/global/builds/92889c7f-d8a3-45e1-be8e-e4060e5c6207?alt=json HTTP/1.1" 200 None
2022-04-05 23:59:27,542 DEBUG    urllib3.connectionpool https://storage.googleapis.com:443 "GET /15765189134.cloudbuild-logs.googleusercontent.com/log-92889c7f-d8a3-45e1-be8e-e4060e5c6207.txt HTTP/1.1" 206 173
2022-04-05 23:59:27,544 DEBUG    root            Reading GCS logfile: 206 (read 173 bytes)
2022-04-05 23:59:27,544 INFO     ___FILE_ONLY___  ---> Running in 880eb244b82b
Removing intermediate container 880eb244b82b
 ---> 3635881e94be
Step 3/6 : COPY package*.json ./
 ---> 8e291dc6c2b7
Step 4/6 : RUN npm install

2022-04-05 23:59:27,944 DEBUG    urllib3.connectionpool https://cloudbuild.googleapis.com:443 "GET /v1/projects/greenday-6aba2/locations/global/builds/92889c7f-d8a3-45e1-be8e-e4060e5c6207?alt=json HTTP/1.1" 200 None
2022-04-05 23:59:28,644 DEBUG    urllib3.connectionpool https://storage.googleapis.com:443 "GET /15765189134.cloudbuild-logs.googleusercontent.com/log-92889c7f-d8a3-45e1-be8e-e4060e5c6207.txt HTTP/1.1" 206 30
2022-04-05 23:59:28,646 DEBUG    root            Reading GCS logfile: 206 (read 30 bytes)
2022-04-05 23:59:28,647 INFO     ___FILE_ONLY___  ---> Running in 19d3392664f0

2022-04-05 23:59:29,060 DEBUG    urllib3.connectionpool https://cloudbuild.googleapis.com:443 "GET /v1/projects/greenday-6aba2/locations/global/builds/92889c7f-d8a3-45e1-be8e-e4060e5c6207?alt=json HTTP/1.1" 200 None
2022-04-05 23:59:29,849 DEBUG    urllib3.connectionpool https://storage.googleapis.com:443 "GET /15765189134.cloudbuild-logs.googleusercontent.com/log-92889c7f-d8a3-45e1-be8e-e4060e5c6207.txt HTTP/1.1" 206 226
2022-04-05 23:59:29,851 DEBUG    root            Reading GCS logfile: 206 (read 226 bytes)
2022-04-05 23:59:29,852 INFO     ___FILE_ONLY___ [91mnpm[0m[91m WARN[0m[91m [0m[91mdeprecated[0m[91m request-promise@4.2.6: request-promise has been deprecated because it extends the now deprecated request package, see https://github.com/request/request/issues/3142

2022-04-05 23:59:30,172 DEBUG    urllib3.connectionpool https://cloudbuild.googleapis.com:443 "GET /v1/projects/greenday-6aba2/locations/global/builds/92889c7f-d8a3-45e1-be8e-e4060e5c6207?alt=json HTTP/1.1" 200 None
2022-04-05 23:59:30,988 DEBUG    urllib3.connectionpool https://storage.googleapis.com:443 "GET /15765189134.cloudbuild-logs.googleusercontent.com/log-92889c7f-d8a3-45e1-be8e-e4060e5c6207.txt HTTP/1.1" 206 1227
2022-04-05 23:59:30,990 DEBUG    root            Reading GCS logfile: 206 (read 1227 bytes)
2022-04-05 23:59:30,991 INFO     ___FILE_ONLY___ [0m[91mnpm WARN[0m[91m deprecated request@2.88.2: request has been deprecated, see https://github.com/request/request/issues/3142
[0m[91mnpm WARN deprecated[0m[91m har-validator@5.1.5: this library is no longer supported
[0m[91mnpm[0m[91m [0m[91mWARN[0m[91m [0m[91mdeprecated[0m[91m uuid@3.4.0: Please upgrade  to version 7 or higher.  Older versions may use Math.random() in certain circumstances, which is known to be problematic.  See https://v8.dev/blog/math-random for details.
[0m[91mnpm [0m[91mWARN[0m[91m [0m[91mdeprecated[0m[91m discord.js@12.5.3: no longer supported
[0m
added 64 packages, and audited 65 packages in 3s

2 packages are looking for funding
  run `npm fund` for details

4 vulnerabilities (2 moderate, 2 high)

To address all issues, run:
  npm audit fix

Run `npm audit` for details.
[91mnpm[0m[91m [0m[91mnotice[0m[91m 
[0m[91mnpm[0m[91m [0m[91mnotice[0m[91m New minor version of npm available! 8.5.0 -> 8.6.0
[0m[91mnpm[0m[91m [0m[91mnotice[0m[91m Changelog: <https://github.com/npm/cli/releases/tag/v8.6.0>
[0m[91mnpm[0m[91m [0m[91mnotice[0m[91m Run `npm install -g npm@8.6.0` to update!
[0m[91mnpm[0m[91m [0m[91mnotice[0m[91m

2022-04-05 23:59:31,348 DEBUG    urllib3.connectionpool https://cloudbuild.googleapis.com:443 "GET /v1/projects/greenday-6aba2/locations/global/builds/92889c7f-d8a3-45e1-be8e-e4060e5c6207?alt=json HTTP/1.1" 200 None
2022-04-05 23:59:32,129 DEBUG    urllib3.connectionpool https://storage.googleapis.com:443 "GET /15765189134.cloudbuild-logs.googleusercontent.com/log-92889c7f-d8a3-45e1-be8e-e4060e5c6207.txt HTTP/1.1" 206 175
2022-04-05 23:59:32,131 DEBUG    root            Reading GCS logfile: 206 (read 175 bytes)
2022-04-05 23:59:32,131 INFO     ___FILE_ONLY___ [0mRemoving intermediate container 19d3392664f0
 ---> 80f6662fa7c8
Step 5/6 : COPY . .
 ---> 69fead2f3bc4
Step 6/6 : CMD [ "node", "index.js" ]
 ---> Running in 7a7622f851d8

2022-04-05 23:59:32,462 DEBUG    urllib3.connectionpool https://cloudbuild.googleapis.com:443 "GET /v1/projects/greenday-6aba2/locations/global/builds/92889c7f-d8a3-45e1-be8e-e4060e5c6207?alt=json HTTP/1.1" 200 None
2022-04-05 23:59:33,284 DEBUG    urllib3.connectionpool https://storage.googleapis.com:443 "GET /15765189134.cloudbuild-logs.googleusercontent.com/log-92889c7f-d8a3-45e1-be8e-e4060e5c6207.txt HTTP/1.1" 206 980
2022-04-05 23:59:33,287 DEBUG    root            Reading GCS logfile: 206 (read 980 bytes)
2022-04-05 23:59:33,287 INFO     ___FILE_ONLY___ Removing intermediate container 7a7622f851d8
 ---> d1276a0a4b5a
Successfully built d1276a0a4b5a
Successfully tagged us-east1-docker.pkg.dev/greenday-6aba2/greenday/app:latest
PUSH
Pushing us-east1-docker.pkg.dev/greenday-6aba2/greenday/app:latest
The push refers to repository [us-east1-docker.pkg.dev/greenday-6aba2/greenday/app]
507673521cf6: Preparing
466b10e34ecc: Preparing
d66c1ae970bf: Preparing
5ca306fdafd3: Preparing
c3ee875c63ae: Preparing
01281c2cd1e4: Preparing
a9ce14d4c51f: Preparing
9e6164f16476: Preparing
627d03f17169: Preparing
6b9b07bf46f5: Preparing
88139fe969ab: Preparing
83f556e4c108: Preparing
7362f7f77851: Preparing
01281c2cd1e4: Waiting
a9ce14d4c51f: Waiting
9e6164f16476: Waiting
627d03f17169: Waiting
6b9b07bf46f5: Waiting
88139fe969ab: Waiting
83f556e4c108: Waiting
7362f7f77851: Waiting
c3ee875c63ae: Layer already exists
01281c2cd1e4: Layer already exists
a9ce14d4c51f: Layer already exists
9e6164f16476: Layer already exists
d66c1ae970bf: Pushed

2022-04-05 23:59:33,569 DEBUG    urllib3.connectionpool https://cloudbuild.googleapis.com:443 "GET /v1/projects/greenday-6aba2/locations/global/builds/92889c7f-d8a3-45e1-be8e-e4060e5c6207?alt=json HTTP/1.1" 200 None
2022-04-05 23:59:34,416 DEBUG    urllib3.connectionpool https://storage.googleapis.com:443 "GET /15765189134.cloudbuild-logs.googleusercontent.com/log-92889c7f-d8a3-45e1-be8e-e4060e5c6207.txt HTTP/1.1" 206 342
2022-04-05 23:59:34,418 DEBUG    root            Reading GCS logfile: 206 (read 342 bytes)
2022-04-05 23:59:34,418 INFO     ___FILE_ONLY___ 627d03f17169: Layer already exists
507673521cf6: Pushed
88139fe969ab: Layer already exists
6b9b07bf46f5: Layer already exists
83f556e4c108: Layer already exists
5ca306fdafd3: Pushed
7362f7f77851: Layer already exists
466b10e34ecc: Pushed
latest: digest: sha256:6ecf189098f89a8a7dfd11291d2ffb61393d68c5f8440d96b83fcd2f30ac1095 size: 3049
DONE

2022-04-05 23:59:34,678 DEBUG    urllib3.connectionpool https://cloudbuild.googleapis.com:443 "GET /v1/projects/greenday-6aba2/locations/global/builds/92889c7f-d8a3-45e1-be8e-e4060e5c6207?alt=json HTTP/1.1" 200 None
2022-04-05 23:59:35,572 DEBUG    urllib3.connectionpool https://storage.googleapis.com:443 "GET /15765189134.cloudbuild-logs.googleusercontent.com/log-92889c7f-d8a3-45e1-be8e-e4060e5c6207.txt HTTP/1.1" 416 167
2022-04-05 23:59:35,573 DEBUG    root            Reading GCS logfile: 416 (no new content; keep polling)
2022-04-05 23:59:36,716 DEBUG    urllib3.connectionpool https://storage.googleapis.com:443 "GET /15765189134.cloudbuild-logs.googleusercontent.com/log-92889c7f-d8a3-45e1-be8e-e4060e5c6207.txt HTTP/1.1" 416 167
2022-04-05 23:59:36,716 DEBUG    root            Reading GCS logfile: 416 (no new content; keep polling)
2022-04-05 23:59:36,716 INFO     ___FILE_ONLY___ ------------------------------------------------------------------------------------------------------------------------------

2022-04-05 23:59:36,717 INFO     root            Display format: "
        table(
          id,
          createTime.date('%Y-%m-%dT%H:%M:%S%Oz', undefined='-'),
          duration(start=startTime,end=finishTime,precision=0,calendar=false,undefined="  -").slice(2:).join(""):label=DURATION,
          build_source(undefined="-"):label=SOURCE,
          build_images(undefined="-"):label=IMAGES,
          status
        )
      "
2022-04-05 23:59:36,723 INFO     ___FILE_ONLY___ ID
2022-04-05 23:59:36,723 INFO     ___FILE_ONLY___                                     
2022-04-05 23:59:36,723 INFO     ___FILE_ONLY___ CREATE_TIME
2022-04-05 23:59:36,723 INFO     ___FILE_ONLY___                 
2022-04-05 23:59:36,723 INFO     ___FILE_ONLY___ DURATION
2022-04-05 23:59:36,723 INFO     ___FILE_ONLY___   
2022-04-05 23:59:36,723 INFO     ___FILE_ONLY___ SOURCE
2022-04-05 23:59:36,723 INFO     ___FILE_ONLY___                                                                                        
2022-04-05 23:59:36,723 INFO     ___FILE_ONLY___ IMAGES
2022-04-05 23:59:36,723 INFO     ___FILE_ONLY___                                                          
2022-04-05 23:59:36,723 INFO     ___FILE_ONLY___ STATUS
2022-04-05 23:59:36,723 INFO     ___FILE_ONLY___ 

2022-04-05 23:59:36,723 INFO     ___FILE_ONLY___ 92889c7f-d8a3-45e1-be8e-e4060e5c6207
2022-04-05 23:59:36,723 INFO     ___FILE_ONLY___   
2022-04-05 23:59:36,723 INFO     ___FILE_ONLY___ 2022-04-06T06:59:00+00:00
2022-04-05 23:59:36,723 INFO     ___FILE_ONLY___   
2022-04-05 23:59:36,723 INFO     ___FILE_ONLY___ 32S
2022-04-05 23:59:36,723 INFO     ___FILE_ONLY___        
2022-04-05 23:59:36,723 INFO     ___FILE_ONLY___ gs://greenday-6aba2_cloudbuild/source/1649228340.03437-edb19a4627df4d5782fba0034d153d8e.tgz
2022-04-05 23:59:36,723 INFO     ___FILE_ONLY___   
2022-04-05 23:59:36,723 INFO     ___FILE_ONLY___ us-east1-docker.pkg.dev/greenday-6aba2/greenday/app (+1 more)
2022-04-05 23:59:36,723 INFO     ___FILE_ONLY___   
2022-04-05 23:59:36,723 INFO     ___FILE_ONLY___ SUCCESS
2022-04-05 23:59:36,724 INFO     ___FILE_ONLY___ 

