2022-04-05 23:57:41,809 DEBUG    root            Loaded Command Group: ['gcloud', 'builds']
2022-04-05 23:57:41,816 DEBUG    root            Loaded Command Group: ['gcloud', 'builds', 'submit']
2022-04-05 23:57:41,822 DEBUG    root            Running [gcloud.builds.submit] with arguments: [--project: "greenday-6aba2", --tag: "us-east1-docker.pkg.dev/greenday-6aba2/greenday/app:latest"]
2022-04-05 23:57:41,836 DEBUG    urllib3.connectionpool Starting new HTTPS connection (1): storage.googleapis.com:443
2022-04-05 23:57:42,123 DEBUG    urllib3.connectionpool https://storage.googleapis.com:443 "GET /storage/v1/b/greenday-6aba2_cloudbuild?alt=json HTTP/1.1" 200 648
2022-04-05 23:57:42,289 DEBUG    urllib3.connectionpool https://storage.googleapis.com:443 "GET /storage/v1/b?alt=json&maxResults=1000&prefix=greenday-6aba2_cloudbuild&project=greenday-6aba2 HTTP/1.1" 200 794
2022-04-05 23:57:42,294 INFO     root            Using default gcloudignore file:
--------------------------------------------------
# This file specifies files that are *not* uploaded to Google Cloud
# using gcloud. It follows the same syntax as .gitignore, with the addition of
# "#!include" directives (which insert the entries of the given .gitignore-style
# file at that point).
#
# For more information, run:
#   $ gcloud topic gcloudignore
#
.gcloudignore
# If you would like to upload your .git directory, .gitignore file or files
# from your .gitignore file, remove the corresponding line
# below:
.git
.gitignore
#!include:.gitignore

--------------------------------------------------
2022-04-05 23:57:42,295 DEBUG    root            Skipping file [.gitignore]
2022-04-05 23:57:42,295 DEBUG    root            Skipping file [.env]
2022-04-05 23:57:42,295 DEBUG    root            Skipping file [node_modules]
2022-04-05 23:57:42,295 DEBUG    root            Skipping file [.git]
2022-04-05 23:57:42,296 INFO     ___FILE_ONLY___ Creating temporary tarball archive of 12 file(s) totalling 49.3 KiB before compression.

2022-04-05 23:57:42,298 DEBUG    root            Added dir [commands]
2022-04-05 23:57:42,299 DEBUG    root            Added [Dockerfile]
2022-04-05 23:57:42,299 DEBUG    root            Added [index.js]
2022-04-05 23:57:42,301 DEBUG    root            Added [package-lock.json]
2022-04-05 23:57:42,301 DEBUG    root            Added [package.json]
2022-04-05 23:57:42,301 DEBUG    root            Added [deploy.sh]
2022-04-05 23:57:42,302 DEBUG    root            Added [commands/dice.js]
2022-04-05 23:57:42,302 DEBUG    root            Added [commands/inspire.js]
2022-04-05 23:57:42,303 DEBUG    root            Added [commands/deleteRole.js]
2022-04-05 23:57:42,303 DEBUG    root            Added [commands/meme.js]
2022-04-05 23:57:42,303 DEBUG    root            Added [commands/setRole.js]
2022-04-05 23:57:42,304 DEBUG    root            Added [commands/dadBot.js]
2022-04-05 23:57:42,304 DEBUG    root            Added [commands/ban.js]
2022-04-05 23:57:42,304 INFO     ___FILE_ONLY___ Some files were not included in the source upload.

Check the gcloud log [/Users/ankurahir/.config/gcloud/logs/2022.04.05/23.57.41.807550.log] to see which files and the contents of the
default gcloudignore file used (see `$ gcloud topic gcloudignore` to learn
more).


2022-04-05 23:57:42,304 INFO     ___FILE_ONLY___ Uploading tarball of [.] to [gs://greenday-6aba2_cloudbuild/source/1649228261.831526-7c70eb0fda7c4716a3c3dd74a418ad60.tgz]

2022-04-05 23:57:42,306 INFO     root            Uploading [/var/folders/s5/kqdr94n90p92sn2jtby_q0rh0000gn/T/tmprl6ix7ui/file.tgz] to [greenday-6aba2_cloudbuild/source/1649228261.831526-7c70eb0fda7c4716a3c3dd74a418ad60.tgz]
2022-04-05 23:57:42,477 DEBUG    urllib3.connectionpool https://storage.googleapis.com:443 "POST /upload/storage/v1/b/greenday-6aba2_cloudbuild/o?alt=json&name=source%2F1649228261.831526-7c70eb0fda7c4716a3c3dd74a418ad60.tgz&uploadType=multipart HTTP/1.1" 200 999
2022-04-05 23:57:42,481 DEBUG    root            submitting build: <Build
 images: ['us-east1-docker.pkg.dev/greenday-6aba2/greenday/app:latest']
 secrets: []
 source: <Source
 storageSource: <StorageSource
 bucket: 'greenday-6aba2_cloudbuild'
 generation: 1649228262451206
 object: 'source/1649228261.831526-7c70eb0fda7c4716a3c3dd74a418ad60.tgz'>>
 steps: [<BuildStep
 args: ['build', '--network', 'cloudbuild', '--no-cache', '-t', 'us-east1-docker.pkg.dev/greenday-6aba2/greenday/app:latest', '.']
 env: []
 name: 'gcr.io/cloud-builders/docker'
 secretEnv: []
 volumes: []
 waitFor: []>]
 tags: []
 warnings: []>
2022-04-05 23:57:42,488 DEBUG    urllib3.connectionpool Starting new HTTPS connection (1): cloudbuild.googleapis.com:443
2022-04-05 23:57:43,076 DEBUG    urllib3.connectionpool https://cloudbuild.googleapis.com:443 "POST /v1/projects/greenday-6aba2/locations/global/builds?alt=json HTTP/1.1" 200 None
2022-04-05 23:57:43,088 INFO     ___FILE_ONLY___ Created [https://cloudbuild.googleapis.com/v1/projects/greenday-6aba2/locations/global/builds/f9fd0fe8-72f3-46be-b53f-c60c40abf35c].

2022-04-05 23:57:43,088 INFO     ___FILE_ONLY___ Logs are available at [https://console.cloud.google.com/cloud-build/builds/f9fd0fe8-72f3-46be-b53f-c60c40abf35c?project=15765189134].

2022-04-05 23:57:43,225 DEBUG    urllib3.connectionpool https://cloudbuild.googleapis.com:443 "GET /v1/projects/greenday-6aba2/locations/global/builds/f9fd0fe8-72f3-46be-b53f-c60c40abf35c?alt=json HTTP/1.1" 200 None
2022-04-05 23:57:43,234 DEBUG    root            GCS logfile url is https://storage.googleapis.com/15765189134.cloudbuild-logs.googleusercontent.com/log-f9fd0fe8-72f3-46be-b53f-c60c40abf35c.txt
2022-04-05 23:57:43,240 DEBUG    urllib3.connectionpool Starting new HTTPS connection (1): storage.googleapis.com:443
2022-04-05 23:57:43,455 DEBUG    urllib3.connectionpool https://storage.googleapis.com:443 "GET /15765189134.cloudbuild-logs.googleusercontent.com/log-f9fd0fe8-72f3-46be-b53f-c60c40abf35c.txt HTTP/1.1" 404 256
2022-04-05 23:57:43,456 DEBUG    urllib3.connectionpool https://cloudbuild.googleapis.com:443 "GET /v1/projects/greenday-6aba2/locations/global/builds/f9fd0fe8-72f3-46be-b53f-c60c40abf35c?alt=json HTTP/1.1" 200 None
2022-04-05 23:57:43,457 DEBUG    root            Reading GCS logfile: 404 (no log yet; keep polling)
2022-04-05 23:57:44,596 DEBUG    urllib3.connectionpool https://cloudbuild.googleapis.com:443 "GET /v1/projects/greenday-6aba2/locations/global/builds/f9fd0fe8-72f3-46be-b53f-c60c40abf35c?alt=json HTTP/1.1" 200 None
2022-04-05 23:57:44,598 DEBUG    urllib3.connectionpool https://storage.googleapis.com:443 "GET /15765189134.cloudbuild-logs.googleusercontent.com/log-f9fd0fe8-72f3-46be-b53f-c60c40abf35c.txt HTTP/1.1" 416 164
2022-04-05 23:57:44,600 DEBUG    root            Reading GCS logfile: 416 (no new content; keep polling)
2022-04-05 23:57:45,728 DEBUG    urllib3.connectionpool https://storage.googleapis.com:443 "GET /15765189134.cloudbuild-logs.googleusercontent.com/log-f9fd0fe8-72f3-46be-b53f-c60c40abf35c.txt HTTP/1.1" 206 202
2022-04-05 23:57:45,729 DEBUG    root            Reading GCS logfile: 206 (read 202 bytes)
2022-04-05 23:57:45,730 INFO     ___FILE_ONLY___ ---------------------------------------------------- REMOTE BUILD OUTPUT -----------------------------------------------------

2022-04-05 23:57:45,730 INFO     ___FILE_ONLY___ starting build "f9fd0fe8-72f3-46be-b53f-c60c40abf35c"

FETCHSOURCE
Fetching storage object: gs://greenday-6aba2_cloudbuild/source/1649228261.831526-7c70eb0fda7c4716a3c3dd74a418ad60.tgz#1649228262451206

2022-04-05 23:57:45,735 DEBUG    urllib3.connectionpool https://cloudbuild.googleapis.com:443 "GET /v1/projects/greenday-6aba2/locations/global/builds/f9fd0fe8-72f3-46be-b53f-c60c40abf35c?alt=json HTTP/1.1" 200 None
2022-04-05 23:57:46,829 DEBUG    urllib3.connectionpool https://storage.googleapis.com:443 "GET /15765189134.cloudbuild-logs.googleusercontent.com/log-f9fd0fe8-72f3-46be-b53f-c60c40abf35c.txt HTTP/1.1" 416 166
2022-04-05 23:57:46,831 DEBUG    root            Reading GCS logfile: 416 (no new content; keep polling)
2022-04-05 23:57:46,855 DEBUG    urllib3.connectionpool https://cloudbuild.googleapis.com:443 "GET /v1/projects/greenday-6aba2/locations/global/builds/f9fd0fe8-72f3-46be-b53f-c60c40abf35c?alt=json HTTP/1.1" 200 None
2022-04-05 23:57:47,931 DEBUG    urllib3.connectionpool https://storage.googleapis.com:443 "GET /15765189134.cloudbuild-logs.googleusercontent.com/log-f9fd0fe8-72f3-46be-b53f-c60c40abf35c.txt HTTP/1.1" 416 166
2022-04-05 23:57:47,933 DEBUG    root            Reading GCS logfile: 416 (no new content; keep polling)
2022-04-05 23:57:48,023 DEBUG    urllib3.connectionpool https://cloudbuild.googleapis.com:443 "GET /v1/projects/greenday-6aba2/locations/global/builds/f9fd0fe8-72f3-46be-b53f-c60c40abf35c?alt=json HTTP/1.1" 200 None
2022-04-05 23:57:49,062 DEBUG    urllib3.connectionpool https://storage.googleapis.com:443 "GET /15765189134.cloudbuild-logs.googleusercontent.com/log-f9fd0fe8-72f3-46be-b53f-c60c40abf35c.txt HTTP/1.1" 206 366
2022-04-05 23:57:49,063 DEBUG    root            Reading GCS logfile: 206 (read 366 bytes)
2022-04-05 23:57:49,064 INFO     ___FILE_ONLY___ Copying gs://greenday-6aba2_cloudbuild/source/1649228261.831526-7c70eb0fda7c4716a3c3dd74a418ad60.tgz#1649228262451206...
/ [0 files][    0.0 B/ 10.4 KiB]                                                / [1 files][ 10.4 KiB/ 10.4 KiB]                                                
Operation completed over 1 objects/10.4 KiB.

2022-04-05 23:57:49,148 DEBUG    urllib3.connectionpool https://cloudbuild.googleapis.com:443 "GET /v1/projects/greenday-6aba2/locations/global/builds/f9fd0fe8-72f3-46be-b53f-c60c40abf35c?alt=json HTTP/1.1" 200 None
2022-04-05 23:57:50,209 DEBUG    urllib3.connectionpool https://storage.googleapis.com:443 "GET /15765189134.cloudbuild-logs.googleusercontent.com/log-f9fd0fe8-72f3-46be-b53f-c60c40abf35c.txt HTTP/1.1" 206 6
2022-04-05 23:57:50,210 DEBUG    root            Reading GCS logfile: 206 (read 6 bytes)
2022-04-05 23:57:50,210 INFO     ___FILE_ONLY___ BUILD

2022-04-05 23:57:50,456 DEBUG    urllib3.connectionpool https://cloudbuild.googleapis.com:443 "GET /v1/projects/greenday-6aba2/locations/global/builds/f9fd0fe8-72f3-46be-b53f-c60c40abf35c?alt=json HTTP/1.1" 200 None
2022-04-05 23:57:51,459 DEBUG    urllib3.connectionpool https://storage.googleapis.com:443 "GET /15765189134.cloudbuild-logs.googleusercontent.com/log-f9fd0fe8-72f3-46be-b53f-c60c40abf35c.txt HTTP/1.1" 206 63
2022-04-05 23:57:51,465 DEBUG    root            Reading GCS logfile: 206 (read 63 bytes)
2022-04-05 23:57:51,467 INFO     ___FILE_ONLY___ Already have image (with digest): gcr.io/cloud-builders/docker

2022-04-05 23:57:51,569 DEBUG    urllib3.connectionpool https://cloudbuild.googleapis.com:443 "GET /v1/projects/greenday-6aba2/locations/global/builds/f9fd0fe8-72f3-46be-b53f-c60c40abf35c?alt=json HTTP/1.1" 200 None
2022-04-05 23:57:52,646 DEBUG    urllib3.connectionpool https://storage.googleapis.com:443 "GET /15765189134.cloudbuild-logs.googleusercontent.com/log-f9fd0fe8-72f3-46be-b53f-c60c40abf35c.txt HTTP/1.1" 206 742
2022-04-05 23:57:52,648 DEBUG    root            Reading GCS logfile: 206 (read 742 bytes)
2022-04-05 23:57:52,648 INFO     ___FILE_ONLY___ Sending build context to Docker daemon  60.93kB
Step 1/6 : FROM node:16
16: Pulling from library/node
b281ebec60d2: Pulling fs layer
74dae484504b: Pulling fs layer
21739e3ef21a: Pulling fs layer
e98d6bb51c7c: Pulling fs layer
517ebafd9747: Pulling fs layer
fa245e9d6fa2: Pulling fs layer
662bb10a8d17: Pulling fs layer
fad28b720f14: Pulling fs layer
512c94f3667e: Pulling fs layer
e98d6bb51c7c: Waiting
517ebafd9747: Waiting
fa245e9d6fa2: Waiting
662bb10a8d17: Waiting
fad28b720f14: Waiting
512c94f3667e: Waiting
21739e3ef21a: Verifying Checksum
21739e3ef21a: Download complete
74dae484504b: Download complete
b281ebec60d2: Verifying Checksum
b281ebec60d2: Download complete
fa245e9d6fa2: Verifying Checksum
fa245e9d6fa2: Download complete

2022-04-05 23:57:52,719 DEBUG    urllib3.connectionpool https://cloudbuild.googleapis.com:443 "GET /v1/projects/greenday-6aba2/locations/global/builds/f9fd0fe8-72f3-46be-b53f-c60c40abf35c?alt=json HTTP/1.1" 200 None
2022-04-05 23:57:53,796 DEBUG    urllib3.connectionpool https://storage.googleapis.com:443 "GET /15765189134.cloudbuild-logs.googleusercontent.com/log-f9fd0fe8-72f3-46be-b53f-c60c40abf35c.txt HTTP/1.1" 206 260
2022-04-05 23:57:53,799 DEBUG    root            Reading GCS logfile: 206 (read 260 bytes)
2022-04-05 23:57:53,799 INFO     ___FILE_ONLY___ e98d6bb51c7c: Verifying Checksum
e98d6bb51c7c: Download complete
fad28b720f14: Verifying Checksum
fad28b720f14: Download complete
662bb10a8d17: Verifying Checksum
662bb10a8d17: Download complete
512c94f3667e: Verifying Checksum
512c94f3667e: Download complete

2022-04-05 23:57:53,826 DEBUG    urllib3.connectionpool https://cloudbuild.googleapis.com:443 "GET /v1/projects/greenday-6aba2/locations/global/builds/f9fd0fe8-72f3-46be-b53f-c60c40abf35c?alt=json HTTP/1.1" 200 None
2022-04-05 23:57:55,005 DEBUG    urllib3.connectionpool https://storage.googleapis.com:443 "GET /15765189134.cloudbuild-logs.googleusercontent.com/log-f9fd0fe8-72f3-46be-b53f-c60c40abf35c.txt HTTP/1.1" 206 65
2022-04-05 23:57:55,006 DEBUG    root            Reading GCS logfile: 206 (read 65 bytes)
2022-04-05 23:57:55,006 INFO     ___FILE_ONLY___ 517ebafd9747: Verifying Checksum
517ebafd9747: Download complete

2022-04-05 23:57:55,039 DEBUG    urllib3.connectionpool https://cloudbuild.googleapis.com:443 "GET /v1/projects/greenday-6aba2/locations/global/builds/f9fd0fe8-72f3-46be-b53f-c60c40abf35c?alt=json HTTP/1.1" 200 None
2022-04-05 23:57:56,168 DEBUG    urllib3.connectionpool https://storage.googleapis.com:443 "GET /15765189134.cloudbuild-logs.googleusercontent.com/log-f9fd0fe8-72f3-46be-b53f-c60c40abf35c.txt HTTP/1.1" 416 167
2022-04-05 23:57:56,169 DEBUG    root            Reading GCS logfile: 416 (no new content; keep polling)
2022-04-05 23:57:56,359 DEBUG    urllib3.connectionpool https://cloudbuild.googleapis.com:443 "GET /v1/projects/greenday-6aba2/locations/global/builds/f9fd0fe8-72f3-46be-b53f-c60c40abf35c?alt=json HTTP/1.1" 200 None
2022-04-05 23:57:57,304 DEBUG    urllib3.connectionpool https://storage.googleapis.com:443 "GET /15765189134.cloudbuild-logs.googleusercontent.com/log-f9fd0fe8-72f3-46be-b53f-c60c40abf35c.txt HTTP/1.1" 206 28
2022-04-05 23:57:57,306 DEBUG    root            Reading GCS logfile: 206 (read 28 bytes)
2022-04-05 23:57:57,307 INFO     ___FILE_ONLY___ b281ebec60d2: Pull complete

2022-04-05 23:57:57,504 DEBUG    urllib3.connectionpool https://cloudbuild.googleapis.com:443 "GET /v1/projects/greenday-6aba2/locations/global/builds/f9fd0fe8-72f3-46be-b53f-c60c40abf35c?alt=json HTTP/1.1" 200 None
2022-04-05 23:57:58,438 DEBUG    urllib3.connectionpool https://storage.googleapis.com:443 "GET /15765189134.cloudbuild-logs.googleusercontent.com/log-f9fd0fe8-72f3-46be-b53f-c60c40abf35c.txt HTTP/1.1" 206 56
2022-04-05 23:57:58,440 DEBUG    root            Reading GCS logfile: 206 (read 56 bytes)
2022-04-05 23:57:58,440 INFO     ___FILE_ONLY___ 74dae484504b: Pull complete
21739e3ef21a: Pull complete

2022-04-05 23:57:58,637 DEBUG    urllib3.connectionpool https://cloudbuild.googleapis.com:443 "GET /v1/projects/greenday-6aba2/locations/global/builds/f9fd0fe8-72f3-46be-b53f-c60c40abf35c?alt=json HTTP/1.1" 200 None
2022-04-05 23:57:59,593 DEBUG    urllib3.connectionpool https://storage.googleapis.com:443 "GET /15765189134.cloudbuild-logs.googleusercontent.com/log-f9fd0fe8-72f3-46be-b53f-c60c40abf35c.txt HTTP/1.1" 416 167
2022-04-05 23:57:59,596 DEBUG    root            Reading GCS logfile: 416 (no new content; keep polling)
2022-04-05 23:57:59,847 DEBUG    urllib3.connectionpool https://cloudbuild.googleapis.com:443 "GET /v1/projects/greenday-6aba2/locations/global/builds/f9fd0fe8-72f3-46be-b53f-c60c40abf35c?alt=json HTTP/1.1" 200 None
2022-04-05 23:58:00,895 DEBUG    urllib3.connectionpool https://storage.googleapis.com:443 "GET /15765189134.cloudbuild-logs.googleusercontent.com/log-f9fd0fe8-72f3-46be-b53f-c60c40abf35c.txt HTTP/1.1" 206 28
2022-04-05 23:58:00,895 DEBUG    root            Reading GCS logfile: 206 (read 28 bytes)
2022-04-05 23:58:00,895 INFO     ___FILE_ONLY___ e98d6bb51c7c: Pull complete

2022-04-05 23:58:00,984 DEBUG    urllib3.connectionpool https://cloudbuild.googleapis.com:443 "GET /v1/projects/greenday-6aba2/locations/global/builds/f9fd0fe8-72f3-46be-b53f-c60c40abf35c?alt=json HTTP/1.1" 200 None
2022-04-05 23:58:02,094 DEBUG    urllib3.connectionpool https://storage.googleapis.com:443 "GET /15765189134.cloudbuild-logs.googleusercontent.com/log-f9fd0fe8-72f3-46be-b53f-c60c40abf35c.txt HTTP/1.1" 416 167
2022-04-05 23:58:02,096 DEBUG    root            Reading GCS logfile: 416 (no new content; keep polling)
2022-04-05 23:58:02,165 DEBUG    urllib3.connectionpool https://cloudbuild.googleapis.com:443 "GET /v1/projects/greenday-6aba2/locations/global/builds/f9fd0fe8-72f3-46be-b53f-c60c40abf35c?alt=json HTTP/1.1" 200 None
2022-04-05 23:58:03,223 DEBUG    urllib3.connectionpool https://storage.googleapis.com:443 "GET /15765189134.cloudbuild-logs.googleusercontent.com/log-f9fd0fe8-72f3-46be-b53f-c60c40abf35c.txt HTTP/1.1" 416 167
2022-04-05 23:58:03,225 DEBUG    root            Reading GCS logfile: 416 (no new content; keep polling)
2022-04-05 23:58:03,282 DEBUG    urllib3.connectionpool https://cloudbuild.googleapis.com:443 "GET /v1/projects/greenday-6aba2/locations/global/builds/f9fd0fe8-72f3-46be-b53f-c60c40abf35c?alt=json HTTP/1.1" 200 None
2022-04-05 23:58:04,433 DEBUG    urllib3.connectionpool https://storage.googleapis.com:443 "GET /15765189134.cloudbuild-logs.googleusercontent.com/log-f9fd0fe8-72f3-46be-b53f-c60c40abf35c.txt HTTP/1.1" 416 167
2022-04-05 23:58:04,435 DEBUG    root            Reading GCS logfile: 416 (no new content; keep polling)
2022-04-05 23:58:04,591 DEBUG    urllib3.connectionpool https://cloudbuild.googleapis.com:443 "GET /v1/projects/greenday-6aba2/locations/global/builds/f9fd0fe8-72f3-46be-b53f-c60c40abf35c?alt=json HTTP/1.1" 200 None
2022-04-05 23:58:05,594 DEBUG    urllib3.connectionpool https://storage.googleapis.com:443 "GET /15765189134.cloudbuild-logs.googleusercontent.com/log-f9fd0fe8-72f3-46be-b53f-c60c40abf35c.txt HTTP/1.1" 416 167
2022-04-05 23:58:05,598 DEBUG    root            Reading GCS logfile: 416 (no new content; keep polling)
2022-04-05 23:58:06,224 DEBUG    urllib3.connectionpool https://cloudbuild.googleapis.com:443 "GET /v1/projects/greenday-6aba2/locations/global/builds/f9fd0fe8-72f3-46be-b53f-c60c40abf35c?alt=json HTTP/1.1" 200 None
2022-04-05 23:58:06,721 DEBUG    urllib3.connectionpool https://storage.googleapis.com:443 "GET /15765189134.cloudbuild-logs.googleusercontent.com/log-f9fd0fe8-72f3-46be-b53f-c60c40abf35c.txt HTTP/1.1" 416 167
2022-04-05 23:58:06,723 DEBUG    root            Reading GCS logfile: 416 (no new content; keep polling)
2022-04-05 23:58:07,373 DEBUG    urllib3.connectionpool https://cloudbuild.googleapis.com:443 "GET /v1/projects/greenday-6aba2/locations/global/builds/f9fd0fe8-72f3-46be-b53f-c60c40abf35c?alt=json HTTP/1.1" 200 None
2022-04-05 23:58:07,876 DEBUG    urllib3.connectionpool https://storage.googleapis.com:443 "GET /15765189134.cloudbuild-logs.googleusercontent.com/log-f9fd0fe8-72f3-46be-b53f-c60c40abf35c.txt HTTP/1.1" 416 167
2022-04-05 23:58:07,878 DEBUG    root            Reading GCS logfile: 416 (no new content; keep polling)
2022-04-05 23:58:08,505 DEBUG    urllib3.connectionpool https://cloudbuild.googleapis.com:443 "GET /v1/projects/greenday-6aba2/locations/global/builds/f9fd0fe8-72f3-46be-b53f-c60c40abf35c?alt=json HTTP/1.1" 200 None
2022-04-05 23:58:09,013 DEBUG    urllib3.connectionpool https://storage.googleapis.com:443 "GET /15765189134.cloudbuild-logs.googleusercontent.com/log-f9fd0fe8-72f3-46be-b53f-c60c40abf35c.txt HTTP/1.1" 416 167
2022-04-05 23:58:09,015 DEBUG    root            Reading GCS logfile: 416 (no new content; keep polling)
2022-04-05 23:58:09,654 DEBUG    urllib3.connectionpool https://cloudbuild.googleapis.com:443 "GET /v1/projects/greenday-6aba2/locations/global/builds/f9fd0fe8-72f3-46be-b53f-c60c40abf35c?alt=json HTTP/1.1" 200 None
2022-04-05 23:58:10,161 DEBUG    urllib3.connectionpool https://storage.googleapis.com:443 "GET /15765189134.cloudbuild-logs.googleusercontent.com/log-f9fd0fe8-72f3-46be-b53f-c60c40abf35c.txt HTTP/1.1" 206 56
2022-04-05 23:58:10,163 DEBUG    root            Reading GCS logfile: 206 (read 56 bytes)
2022-04-05 23:58:10,164 INFO     ___FILE_ONLY___ 517ebafd9747: Pull complete
fa245e9d6fa2: Pull complete

2022-04-05 23:58:10,958 DEBUG    urllib3.connectionpool https://cloudbuild.googleapis.com:443 "GET /v1/projects/greenday-6aba2/locations/global/builds/f9fd0fe8-72f3-46be-b53f-c60c40abf35c?alt=json HTTP/1.1" 200 None
2022-04-05 23:58:11,304 DEBUG    urllib3.connectionpool https://storage.googleapis.com:443 "GET /15765189134.cloudbuild-logs.googleusercontent.com/log-f9fd0fe8-72f3-46be-b53f-c60c40abf35c.txt HTTP/1.1" 416 167
2022-04-05 23:58:11,304 DEBUG    root            Reading GCS logfile: 416 (no new content; keep polling)
2022-04-05 23:58:12,061 DEBUG    urllib3.connectionpool https://cloudbuild.googleapis.com:443 "GET /v1/projects/greenday-6aba2/locations/global/builds/f9fd0fe8-72f3-46be-b53f-c60c40abf35c?alt=json HTTP/1.1" 200 None
2022-04-05 23:58:12,457 DEBUG    urllib3.connectionpool https://storage.googleapis.com:443 "GET /15765189134.cloudbuild-logs.googleusercontent.com/log-f9fd0fe8-72f3-46be-b53f-c60c40abf35c.txt HTTP/1.1" 206 258
2022-04-05 23:58:12,459 DEBUG    root            Reading GCS logfile: 206 (read 258 bytes)
2022-04-05 23:58:12,459 INFO     ___FILE_ONLY___ 662bb10a8d17: Pull complete
fad28b720f14: Pull complete
512c94f3667e: Pull complete
Digest: sha256:ffe804d6fcced29bcfc3477de079d03a9c2b0e4917e44bfeafb1a6b0f875e383
Status: Downloaded newer image for node:16
 ---> 424bc28f998d
Step 2/6 : WORKDIR /usr/src/app

2022-04-05 23:58:13,180 DEBUG    urllib3.connectionpool https://cloudbuild.googleapis.com:443 "GET /v1/projects/greenday-6aba2/locations/global/builds/f9fd0fe8-72f3-46be-b53f-c60c40abf35c?alt=json HTTP/1.1" 200 None
2022-04-05 23:58:13,589 DEBUG    urllib3.connectionpool https://storage.googleapis.com:443 "GET /15765189134.cloudbuild-logs.googleusercontent.com/log-f9fd0fe8-72f3-46be-b53f-c60c40abf35c.txt HTTP/1.1" 206 203
2022-04-05 23:58:13,591 DEBUG    root            Reading GCS logfile: 206 (read 203 bytes)
2022-04-05 23:58:13,591 INFO     ___FILE_ONLY___  ---> Running in 1a1dd440fa18
Removing intermediate container 1a1dd440fa18
 ---> c15339ba9fe5
Step 3/6 : COPY package*.json ./
 ---> 4bd0cf9399c0
Step 4/6 : RUN npm install
 ---> Running in ae59ad2e2f4f

2022-04-05 23:58:14,297 DEBUG    urllib3.connectionpool https://cloudbuild.googleapis.com:443 "GET /v1/projects/greenday-6aba2/locations/global/builds/f9fd0fe8-72f3-46be-b53f-c60c40abf35c?alt=json HTTP/1.1" 200 None
2022-04-05 23:58:14,723 DEBUG    urllib3.connectionpool https://storage.googleapis.com:443 "GET /15765189134.cloudbuild-logs.googleusercontent.com/log-f9fd0fe8-72f3-46be-b53f-c60c40abf35c.txt HTTP/1.1" 416 167
2022-04-05 23:58:14,725 DEBUG    root            Reading GCS logfile: 416 (no new content; keep polling)
2022-04-05 23:58:15,409 DEBUG    urllib3.connectionpool https://cloudbuild.googleapis.com:443 "GET /v1/projects/greenday-6aba2/locations/global/builds/f9fd0fe8-72f3-46be-b53f-c60c40abf35c?alt=json HTTP/1.1" 200 None
2022-04-05 23:58:15,865 DEBUG    urllib3.connectionpool https://storage.googleapis.com:443 "GET /15765189134.cloudbuild-logs.googleusercontent.com/log-f9fd0fe8-72f3-46be-b53f-c60c40abf35c.txt HTTP/1.1" 416 167
2022-04-05 23:58:15,867 DEBUG    root            Reading GCS logfile: 416 (no new content; keep polling)
2022-04-05 23:58:16,527 DEBUG    urllib3.connectionpool https://cloudbuild.googleapis.com:443 "GET /v1/projects/greenday-6aba2/locations/global/builds/f9fd0fe8-72f3-46be-b53f-c60c40abf35c?alt=json HTTP/1.1" 200 None
2022-04-05 23:58:17,051 DEBUG    urllib3.connectionpool https://storage.googleapis.com:443 "GET /15765189134.cloudbuild-logs.googleusercontent.com/log-f9fd0fe8-72f3-46be-b53f-c60c40abf35c.txt HTTP/1.1" 206 720
2022-04-05 23:58:17,052 DEBUG    root            Reading GCS logfile: 206 (read 720 bytes)
2022-04-05 23:58:17,052 INFO     ___FILE_ONLY___ [91mnpm[0m[91m [0m[91mWARN deprecated har-validator@5.1.5: this library is no longer supported
[0m[91mnpm WARN [0m[91mdeprecated[0m[91m request-promise@4.2.6: request-promise has been deprecated because it extends the now deprecated request package, see https://github.com/request/request/issues/3142
[0m[91mnpm[0m[91m [0m[91mWARN[0m[91m [0m[91mdeprecated[0m[91m request@2.88.2: request has been deprecated, see https://github.com/request/request/issues/3142
[0m[91mnpm WARN deprecated[0m[91m uuid@3.4.0: Please upgrade  to version 7 or higher.  Older versions may use Math.random() in certain circumstances, which is known to be problematic.  See https://v8.dev/blog/math-random for details.

2022-04-05 23:58:17,654 DEBUG    urllib3.connectionpool https://cloudbuild.googleapis.com:443 "GET /v1/projects/greenday-6aba2/locations/global/builds/f9fd0fe8-72f3-46be-b53f-c60c40abf35c?alt=json HTTP/1.1" 200 None
2022-04-05 23:58:18,173 DEBUG    urllib3.connectionpool https://storage.googleapis.com:443 "GET /15765189134.cloudbuild-logs.googleusercontent.com/log-f9fd0fe8-72f3-46be-b53f-c60c40abf35c.txt HTTP/1.1" 206 670
2022-04-05 23:58:18,175 DEBUG    root            Reading GCS logfile: 206 (read 670 bytes)
2022-04-05 23:58:18,176 INFO     ___FILE_ONLY___ [0m[91mnpm [0m[91mWARN[0m[91m [0m[91mdeprecated[0m[91m discord.js@12.5.3: no longer supported
[0m
added 64 packages, and audited 65 packages in 3s

2 packages are looking for funding
  run `npm fund` for details

4 vulnerabilities (2 moderate, 2 high)

To address all issues, run:
  npm audit fix

Run `npm audit` for details.
[91mnpm notice 
[0m[91mnpm[0m[91m [0m[91mnotice New minor version of npm available! 8.5.0 -> 8.6.0
[0m[91mnpm [0m[91mnotice[0m[91m Changelog: <https://github.com/npm/cli/releases/tag/v8.6.0>
[0m[91mnpm[0m[91m [0m[91mnotice[0m[91m Run `npm install -g npm@8.6.0` to update!
npm[0m[91m [0m[91mnotice[0m[91m

2022-04-05 23:58:18,769 DEBUG    urllib3.connectionpool https://cloudbuild.googleapis.com:443 "GET /v1/projects/greenday-6aba2/locations/global/builds/f9fd0fe8-72f3-46be-b53f-c60c40abf35c?alt=json HTTP/1.1" 200 None
2022-04-05 23:58:19,311 DEBUG    urllib3.connectionpool https://storage.googleapis.com:443 "GET /15765189134.cloudbuild-logs.googleusercontent.com/log-f9fd0fe8-72f3-46be-b53f-c60c40abf35c.txt HTTP/1.1" 416 167
2022-04-05 23:58:19,313 DEBUG    root            Reading GCS logfile: 416 (no new content; keep polling)
2022-04-05 23:58:19,879 DEBUG    urllib3.connectionpool https://cloudbuild.googleapis.com:443 "GET /v1/projects/greenday-6aba2/locations/global/builds/f9fd0fe8-72f3-46be-b53f-c60c40abf35c?alt=json HTTP/1.1" 200 None
2022-04-05 23:58:20,453 DEBUG    urllib3.connectionpool https://storage.googleapis.com:443 "GET /15765189134.cloudbuild-logs.googleusercontent.com/log-f9fd0fe8-72f3-46be-b53f-c60c40abf35c.txt HTTP/1.1" 206 422
2022-04-05 23:58:20,455 DEBUG    root            Reading GCS logfile: 206 (read 422 bytes)
2022-04-05 23:58:20,456 INFO     ___FILE_ONLY___ [0mRemoving intermediate container ae59ad2e2f4f
 ---> 51676af52253
Step 5/6 : COPY . .
 ---> 2a30cb97abc1
Step 6/6 : CMD [ "node", "index.js" ]
 ---> Running in 5fd64113a927
Removing intermediate container 5fd64113a927
 ---> 7eb4631718ae
Successfully built 7eb4631718ae
Successfully tagged us-east1-docker.pkg.dev/greenday-6aba2/greenday/app:latest
PUSH
Pushing us-east1-docker.pkg.dev/greenday-6aba2/greenday/app:latest

2022-04-05 23:58:21,200 DEBUG    urllib3.connectionpool https://cloudbuild.googleapis.com:443 "GET /v1/projects/greenday-6aba2/locations/global/builds/f9fd0fe8-72f3-46be-b53f-c60c40abf35c?alt=json HTTP/1.1" 200 None
2022-04-05 23:58:21,587 DEBUG    urllib3.connectionpool https://storage.googleapis.com:443 "GET /15765189134.cloudbuild-logs.googleusercontent.com/log-f9fd0fe8-72f3-46be-b53f-c60c40abf35c.txt HTTP/1.1" 206 971
2022-04-05 23:58:21,589 DEBUG    root            Reading GCS logfile: 206 (read 971 bytes)
2022-04-05 23:58:21,589 INFO     ___FILE_ONLY___ The push refers to repository [us-east1-docker.pkg.dev/greenday-6aba2/greenday/app]
653a1eaf3d9e: Preparing
66dbaf95672f: Preparing
f37b1c85bba3: Preparing
85f2af7b884f: Preparing
c3ee875c63ae: Preparing
01281c2cd1e4: Preparing
a9ce14d4c51f: Preparing
9e6164f16476: Preparing
627d03f17169: Preparing
6b9b07bf46f5: Preparing
88139fe969ab: Preparing
83f556e4c108: Preparing
7362f7f77851: Preparing
01281c2cd1e4: Waiting
a9ce14d4c51f: Waiting
9e6164f16476: Waiting
627d03f17169: Waiting
6b9b07bf46f5: Waiting
88139fe969ab: Waiting
83f556e4c108: Waiting
7362f7f77851: Waiting
c3ee875c63ae: Layer already exists
01281c2cd1e4: Layer already exists
a9ce14d4c51f: Layer already exists
9e6164f16476: Layer already exists
653a1eaf3d9e: Pushed
85f2af7b884f: Pushed
627d03f17169: Layer already exists
f37b1c85bba3: Pushed
6b9b07bf46f5: Layer already exists
88139fe969ab: Layer already exists
83f556e4c108: Layer already exists
7362f7f77851: Layer already exists
66dbaf95672f: Pushed

2022-04-05 23:58:22,319 DEBUG    urllib3.connectionpool https://cloudbuild.googleapis.com:443 "GET /v1/projects/greenday-6aba2/locations/global/builds/f9fd0fe8-72f3-46be-b53f-c60c40abf35c?alt=json HTTP/1.1" 200 None
2022-04-05 23:58:22,749 DEBUG    urllib3.connectionpool https://storage.googleapis.com:443 "GET /15765189134.cloudbuild-logs.googleusercontent.com/log-f9fd0fe8-72f3-46be-b53f-c60c40abf35c.txt HTTP/1.1" 206 99
2022-04-05 23:58:22,751 DEBUG    root            Reading GCS logfile: 206 (read 99 bytes)
2022-04-05 23:58:22,751 INFO     ___FILE_ONLY___ latest: digest: sha256:d0539910825f4f371630b9a5b97541c778a1ae28115c504460e6c7aab19f1b23 size: 3049

2022-04-05 23:58:23,428 DEBUG    urllib3.connectionpool https://cloudbuild.googleapis.com:443 "GET /v1/projects/greenday-6aba2/locations/global/builds/f9fd0fe8-72f3-46be-b53f-c60c40abf35c?alt=json HTTP/1.1" 200 None
2022-04-05 23:58:23,886 DEBUG    urllib3.connectionpool https://storage.googleapis.com:443 "GET /15765189134.cloudbuild-logs.googleusercontent.com/log-f9fd0fe8-72f3-46be-b53f-c60c40abf35c.txt HTTP/1.1" 206 5
2022-04-05 23:58:23,888 DEBUG    root            Reading GCS logfile: 206 (read 5 bytes)
2022-04-05 23:58:23,888 INFO     ___FILE_ONLY___ DONE

2022-04-05 23:58:25,024 DEBUG    urllib3.connectionpool https://storage.googleapis.com:443 "GET /15765189134.cloudbuild-logs.googleusercontent.com/log-f9fd0fe8-72f3-46be-b53f-c60c40abf35c.txt HTTP/1.1" 416 167
2022-04-05 23:58:25,026 DEBUG    root            Reading GCS logfile: 416 (no new content; keep polling)
2022-04-05 23:58:25,026 INFO     ___FILE_ONLY___ ------------------------------------------------------------------------------------------------------------------------------

2022-04-05 23:58:25,029 INFO     root            Display format: "
        table(
          id,
          createTime.date('%Y-%m-%dT%H:%M:%S%Oz', undefined='-'),
          duration(start=startTime,end=finishTime,precision=0,calendar=false,undefined="  -").slice(2:).join(""):label=DURATION,
          build_source(undefined="-"):label=SOURCE,
          build_images(undefined="-"):label=IMAGES,
          status
        )
      "
2022-04-05 23:58:25,038 INFO     ___FILE_ONLY___ ID
2022-04-05 23:58:25,038 INFO     ___FILE_ONLY___                                     
2022-04-05 23:58:25,038 INFO     ___FILE_ONLY___ CREATE_TIME
2022-04-05 23:58:25,039 INFO     ___FILE_ONLY___                 
2022-04-05 23:58:25,039 INFO     ___FILE_ONLY___ DURATION
2022-04-05 23:58:25,039 INFO     ___FILE_ONLY___   
2022-04-05 23:58:25,039 INFO     ___FILE_ONLY___ SOURCE
2022-04-05 23:58:25,039 INFO     ___FILE_ONLY___                                                                                         
2022-04-05 23:58:25,039 INFO     ___FILE_ONLY___ IMAGES
2022-04-05 23:58:25,039 INFO     ___FILE_ONLY___                                                          
2022-04-05 23:58:25,039 INFO     ___FILE_ONLY___ STATUS
2022-04-05 23:58:25,039 INFO     ___FILE_ONLY___ 

2022-04-05 23:58:25,039 INFO     ___FILE_ONLY___ f9fd0fe8-72f3-46be-b53f-c60c40abf35c
2022-04-05 23:58:25,039 INFO     ___FILE_ONLY___   
2022-04-05 23:58:25,039 INFO     ___FILE_ONLY___ 2022-04-06T06:57:42+00:00
2022-04-05 23:58:25,039 INFO     ___FILE_ONLY___   
2022-04-05 23:58:25,040 INFO     ___FILE_ONLY___ 40S
2022-04-05 23:58:25,040 INFO     ___FILE_ONLY___        
2022-04-05 23:58:25,040 INFO     ___FILE_ONLY___ gs://greenday-6aba2_cloudbuild/source/1649228261.831526-7c70eb0fda7c4716a3c3dd74a418ad60.tgz
2022-04-05 23:58:25,040 INFO     ___FILE_ONLY___   
2022-04-05 23:58:25,040 INFO     ___FILE_ONLY___ us-east1-docker.pkg.dev/greenday-6aba2/greenday/app (+1 more)
2022-04-05 23:58:25,040 INFO     ___FILE_ONLY___   
2022-04-05 23:58:25,040 INFO     ___FILE_ONLY___ SUCCESS
2022-04-05 23:58:25,040 INFO     ___FILE_ONLY___ 

