2022-03-29 14:41:39,706 DEBUG    root            Loaded Command Group: ['gcloud', 'run']
2022-03-29 14:41:39,734 DEBUG    root            Loaded Command Group: ['gcloud', 'run', 'deploy']
2022-03-29 14:41:39,741 DEBUG    root            Running [gcloud.run.deploy] with arguments: [--clear-env-vars: "True", --cpu: "2", --image: "us-east1-docker.pkg.dev/greenday-6aba2/greenday/multi:latest", --max-instances: "<googlecloudsdk.command_lib.run.flags._ScaleValue object at 0x107535fd0>", --memory: "6G", --min-instances: "<googlecloudsdk.command_lib.run.flags._ScaleValue object at 0x107535dc0>", --region: "us-east1", --service-account: "greenday-service-account@greenday-6aba2.iam.gserviceaccount.com", SERVICE: "multi-service"]
2022-03-29 14:41:39,798 DEBUG    urllib3.connectionpool Starting new HTTPS connection (1): us-east1-run.googleapis.com:443
2022-03-29 14:41:40,272 DEBUG    urllib3.connectionpool https://us-east1-run.googleapis.com:443 "GET /apis/serving.knative.dev/v1/namespaces/greenday-6aba2/services/multi-service?alt=json HTTP/1.1" 200 None
2022-03-29 14:41:40,280 INFO     ___FILE_ONLY___ Deploying container to Cloud Run service [[1mmulti-service[m] in project [[1mgreenday-6aba2[m] region [[1mus-east1[m]

2022-03-29 14:41:40,281 INFO     ___FILE_ONLY___ Deploying...
2022-03-29 14:41:41,032 DEBUG    urllib3.connectionpool https://us-east1-run.googleapis.com:443 "PUT /apis/serving.knative.dev/v1/namespaces/greenday-6aba2/services/multi-service?alt=json HTTP/1.1" 200 None
2022-03-29 14:41:41,434 DEBUG    urllib3.connectionpool https://us-east1-run.googleapis.com:443 "GET /apis/serving.knative.dev/v1/namespaces/greenday-6aba2/services/multi-service?alt=json HTTP/1.1" 200 None
2022-03-29 14:41:47,023 DEBUG    urllib3.connectionpool https://us-east1-run.googleapis.com:443 "GET /apis/serving.knative.dev/v1/namespaces/greenday-6aba2/services/multi-service?alt=json HTTP/1.1" 200 None
2022-03-29 14:41:48,563 DEBUG    urllib3.connectionpool https://us-east1-run.googleapis.com:443 "GET /apis/serving.knative.dev/v1/namespaces/greenday-6aba2/services/multi-service?alt=json HTTP/1.1" 200 None
2022-03-29 14:41:50,063 DEBUG    urllib3.connectionpool https://us-east1-run.googleapis.com:443 "GET /apis/serving.knative.dev/v1/namespaces/greenday-6aba2/services/multi-service?alt=json HTTP/1.1" 200 None
2022-03-29 14:41:51,506 DEBUG    urllib3.connectionpool https://us-east1-run.googleapis.com:443 "GET /apis/serving.knative.dev/v1/namespaces/greenday-6aba2/services/multi-service?alt=json HTTP/1.1" 200 None
2022-03-29 14:41:52,955 DEBUG    urllib3.connectionpool https://us-east1-run.googleapis.com:443 "GET /apis/serving.knative.dev/v1/namespaces/greenday-6aba2/services/multi-service?alt=json HTTP/1.1" 200 None
2022-03-29 14:41:54,349 DEBUG    urllib3.connectionpool https://us-east1-run.googleapis.com:443 "GET /apis/serving.knative.dev/v1/namespaces/greenday-6aba2/services/multi-service?alt=json HTTP/1.1" 200 None
2022-03-29 14:41:55,761 DEBUG    urllib3.connectionpool https://us-east1-run.googleapis.com:443 "GET /apis/serving.knative.dev/v1/namespaces/greenday-6aba2/services/multi-service?alt=json HTTP/1.1" 200 None
2022-03-29 14:41:57,430 DEBUG    urllib3.connectionpool https://us-east1-run.googleapis.com:443 "GET /apis/serving.knative.dev/v1/namespaces/greenday-6aba2/services/multi-service?alt=json HTTP/1.1" 200 None
2022-03-29 14:41:58,894 DEBUG    urllib3.connectionpool https://us-east1-run.googleapis.com:443 "GET /apis/serving.knative.dev/v1/namespaces/greenday-6aba2/services/multi-service?alt=json HTTP/1.1" 200 None
2022-03-29 14:42:00,357 DEBUG    urllib3.connectionpool https://us-east1-run.googleapis.com:443 "GET /apis/serving.knative.dev/v1/namespaces/greenday-6aba2/services/multi-service?alt=json HTTP/1.1" 200 None
2022-03-29 14:42:03,278 DEBUG    urllib3.connectionpool https://us-east1-run.googleapis.com:443 "GET /apis/serving.knative.dev/v1/namespaces/greenday-6aba2/services/multi-service?alt=json HTTP/1.1" 200 None
2022-03-29 14:42:04,513 DEBUG    urllib3.connectionpool https://us-east1-run.googleapis.com:443 "GET /apis/serving.knative.dev/v1/namespaces/greenday-6aba2/services/multi-service?alt=json HTTP/1.1" 200 None
2022-03-29 14:42:06,100 DEBUG    urllib3.connectionpool https://us-east1-run.googleapis.com:443 "GET /apis/serving.knative.dev/v1/namespaces/greenday-6aba2/services/multi-service?alt=json HTTP/1.1" 200 None
2022-03-29 14:42:07,771 DEBUG    urllib3.connectionpool https://us-east1-run.googleapis.com:443 "GET /apis/serving.knative.dev/v1/namespaces/greenday-6aba2/services/multi-service?alt=json HTTP/1.1" 200 None
2022-03-29 14:42:09,172 DEBUG    urllib3.connectionpool https://us-east1-run.googleapis.com:443 "GET /apis/serving.knative.dev/v1/namespaces/greenday-6aba2/services/multi-service?alt=json HTTP/1.1" 200 None
2022-03-29 14:42:10,284 DEBUG    urllib3.connectionpool https://us-east1-run.googleapis.com:443 "GET /apis/serving.knative.dev/v1/namespaces/greenday-6aba2/services/multi-service?alt=json HTTP/1.1" 200 None
2022-03-29 14:42:11,847 DEBUG    urllib3.connectionpool https://us-east1-run.googleapis.com:443 "GET /apis/serving.knative.dev/v1/namespaces/greenday-6aba2/services/multi-service?alt=json HTTP/1.1" 200 None
2022-03-29 14:42:13,279 DEBUG    urllib3.connectionpool https://us-east1-run.googleapis.com:443 "GET /apis/serving.knative.dev/v1/namespaces/greenday-6aba2/services/multi-service?alt=json HTTP/1.1" 200 None
2022-03-29 14:42:14,396 DEBUG    urllib3.connectionpool https://us-east1-run.googleapis.com:443 "GET /apis/serving.knative.dev/v1/namespaces/greenday-6aba2/services/multi-service?alt=json HTTP/1.1" 200 None
2022-03-29 14:42:15,812 DEBUG    urllib3.connectionpool https://us-east1-run.googleapis.com:443 "GET /apis/serving.knative.dev/v1/namespaces/greenday-6aba2/services/multi-service?alt=json HTTP/1.1" 200 None
2022-03-29 14:42:17,276 DEBUG    urllib3.connectionpool https://us-east1-run.googleapis.com:443 "GET /apis/serving.knative.dev/v1/namespaces/greenday-6aba2/services/multi-service?alt=json HTTP/1.1" 200 None
2022-03-29 14:42:18,738 DEBUG    urllib3.connectionpool https://us-east1-run.googleapis.com:443 "GET /apis/serving.knative.dev/v1/namespaces/greenday-6aba2/services/multi-service?alt=json HTTP/1.1" 200 None
2022-03-29 14:42:19,868 DEBUG    urllib3.connectionpool https://us-east1-run.googleapis.com:443 "GET /apis/serving.knative.dev/v1/namespaces/greenday-6aba2/services/multi-service?alt=json HTTP/1.1" 200 None
2022-03-29 14:42:21,283 DEBUG    urllib3.connectionpool https://us-east1-run.googleapis.com:443 "GET /apis/serving.knative.dev/v1/namespaces/greenday-6aba2/services/multi-service?alt=json HTTP/1.1" 200 None
2022-03-29 14:42:22,674 DEBUG    urllib3.connectionpool https://us-east1-run.googleapis.com:443 "GET /apis/serving.knative.dev/v1/namespaces/greenday-6aba2/services/multi-service?alt=json HTTP/1.1" 200 None
2022-03-29 14:42:24,168 DEBUG    urllib3.connectionpool https://us-east1-run.googleapis.com:443 "GET /apis/serving.knative.dev/v1/namespaces/greenday-6aba2/services/multi-service?alt=json HTTP/1.1" 200 None
2022-03-29 14:42:25,631 DEBUG    urllib3.connectionpool https://us-east1-run.googleapis.com:443 "GET /apis/serving.knative.dev/v1/namespaces/greenday-6aba2/services/multi-service?alt=json HTTP/1.1" 200 None
2022-03-29 14:42:27,094 DEBUG    urllib3.connectionpool https://us-east1-run.googleapis.com:443 "GET /apis/serving.knative.dev/v1/namespaces/greenday-6aba2/services/multi-service?alt=json HTTP/1.1" 200 None
2022-03-29 14:42:28,557 DEBUG    urllib3.connectionpool https://us-east1-run.googleapis.com:443 "GET /apis/serving.knative.dev/v1/namespaces/greenday-6aba2/services/multi-service?alt=json HTTP/1.1" 200 None
2022-03-29 14:42:29,960 DEBUG    urllib3.connectionpool https://us-east1-run.googleapis.com:443 "GET /apis/serving.knative.dev/v1/namespaces/greenday-6aba2/services/multi-service?alt=json HTTP/1.1" 200 None
2022-03-29 14:42:31,367 DEBUG    urllib3.connectionpool https://us-east1-run.googleapis.com:443 "GET /apis/serving.knative.dev/v1/namespaces/greenday-6aba2/services/multi-service?alt=json HTTP/1.1" 200 None
2022-03-29 14:42:32,800 DEBUG    urllib3.connectionpool https://us-east1-run.googleapis.com:443 "GET /apis/serving.knative.dev/v1/namespaces/greenday-6aba2/services/multi-service?alt=json HTTP/1.1" 200 None
2022-03-29 14:42:34,300 DEBUG    urllib3.connectionpool https://us-east1-run.googleapis.com:443 "GET /apis/serving.knative.dev/v1/namespaces/greenday-6aba2/services/multi-service?alt=json HTTP/1.1" 200 None
2022-03-29 14:42:35,761 DEBUG    urllib3.connectionpool https://us-east1-run.googleapis.com:443 "GET /apis/serving.knative.dev/v1/namespaces/greenday-6aba2/services/multi-service?alt=json HTTP/1.1" 200 None
2022-03-29 14:42:37,224 DEBUG    urllib3.connectionpool https://us-east1-run.googleapis.com:443 "GET /apis/serving.knative.dev/v1/namespaces/greenday-6aba2/services/multi-service?alt=json HTTP/1.1" 200 None
2022-03-29 14:42:38,686 DEBUG    urllib3.connectionpool https://us-east1-run.googleapis.com:443 "GET /apis/serving.knative.dev/v1/namespaces/greenday-6aba2/services/multi-service?alt=json HTTP/1.1" 200 None
2022-03-29 14:42:40,148 DEBUG    urllib3.connectionpool https://us-east1-run.googleapis.com:443 "GET /apis/serving.knative.dev/v1/namespaces/greenday-6aba2/services/multi-service?alt=json HTTP/1.1" 200 None
2022-03-29 14:42:41,552 DEBUG    urllib3.connectionpool https://us-east1-run.googleapis.com:443 "GET /apis/serving.knative.dev/v1/namespaces/greenday-6aba2/services/multi-service?alt=json HTTP/1.1" 200 None
2022-03-29 14:42:42,969 DEBUG    urllib3.connectionpool https://us-east1-run.googleapis.com:443 "GET /apis/serving.knative.dev/v1/namespaces/greenday-6aba2/services/multi-service?alt=json HTTP/1.1" 200 None
2022-03-29 14:42:44,367 DEBUG    urllib3.connectionpool https://us-east1-run.googleapis.com:443 "GET /apis/serving.knative.dev/v1/namespaces/greenday-6aba2/services/multi-service?alt=json HTTP/1.1" 200 None
2022-03-29 14:42:45,788 DEBUG    urllib3.connectionpool https://us-east1-run.googleapis.com:443 "GET /apis/serving.knative.dev/v1/namespaces/greenday-6aba2/services/multi-service?alt=json HTTP/1.1" 200 None
2022-03-29 14:42:47,207 DEBUG    urllib3.connectionpool https://us-east1-run.googleapis.com:443 "GET /apis/serving.knative.dev/v1/namespaces/greenday-6aba2/services/multi-service?alt=json HTTP/1.1" 200 None
2022-03-29 14:42:48,599 DEBUG    urllib3.connectionpool https://us-east1-run.googleapis.com:443 "GET /apis/serving.knative.dev/v1/namespaces/greenday-6aba2/services/multi-service?alt=json HTTP/1.1" 200 None
2022-03-29 14:42:50,072 DEBUG    urllib3.connectionpool https://us-east1-run.googleapis.com:443 "GET /apis/serving.knative.dev/v1/namespaces/greenday-6aba2/services/multi-service?alt=json HTTP/1.1" 200 None
2022-03-29 14:42:51,534 DEBUG    urllib3.connectionpool https://us-east1-run.googleapis.com:443 "GET /apis/serving.knative.dev/v1/namespaces/greenday-6aba2/services/multi-service?alt=json HTTP/1.1" 200 None
2022-03-29 14:42:52,645 DEBUG    urllib3.connectionpool https://us-east1-run.googleapis.com:443 "GET /apis/serving.knative.dev/v1/namespaces/greenday-6aba2/services/multi-service?alt=json HTTP/1.1" 200 None
2022-03-29 14:42:54,145 DEBUG    urllib3.connectionpool https://us-east1-run.googleapis.com:443 "GET /apis/serving.knative.dev/v1/namespaces/greenday-6aba2/services/multi-service?alt=json HTTP/1.1" 200 None
2022-03-29 14:42:55,608 DEBUG    urllib3.connectionpool https://us-east1-run.googleapis.com:443 "GET /apis/serving.knative.dev/v1/namespaces/greenday-6aba2/services/multi-service?alt=json HTTP/1.1" 200 None
2022-03-29 14:42:57,069 DEBUG    urllib3.connectionpool https://us-east1-run.googleapis.com:443 "GET /apis/serving.knative.dev/v1/namespaces/greenday-6aba2/services/multi-service?alt=json HTTP/1.1" 200 None
2022-03-29 14:42:58,532 DEBUG    urllib3.connectionpool https://us-east1-run.googleapis.com:443 "GET /apis/serving.knative.dev/v1/namespaces/greenday-6aba2/services/multi-service?alt=json HTTP/1.1" 200 None
2022-03-29 14:42:59,996 DEBUG    urllib3.connectionpool https://us-east1-run.googleapis.com:443 "GET /apis/serving.knative.dev/v1/namespaces/greenday-6aba2/services/multi-service?alt=json HTTP/1.1" 200 None
2022-03-29 14:43:01,382 DEBUG    urllib3.connectionpool https://us-east1-run.googleapis.com:443 "GET /apis/serving.knative.dev/v1/namespaces/greenday-6aba2/services/multi-service?alt=json HTTP/1.1" 200 None
2022-03-29 14:43:02,773 DEBUG    urllib3.connectionpool https://us-east1-run.googleapis.com:443 "GET /apis/serving.knative.dev/v1/namespaces/greenday-6aba2/services/multi-service?alt=json HTTP/1.1" 200 None
2022-03-29 14:43:03,896 DEBUG    urllib3.connectionpool https://us-east1-run.googleapis.com:443 "GET /apis/serving.knative.dev/v1/namespaces/greenday-6aba2/services/multi-service?alt=json HTTP/1.1" 200 None
2022-03-29 14:43:05,426 DEBUG    urllib3.connectionpool https://us-east1-run.googleapis.com:443 "GET /apis/serving.knative.dev/v1/namespaces/greenday-6aba2/services/multi-service?alt=json HTTP/1.1" 200 None
2022-03-29 14:43:06,887 DEBUG    urllib3.connectionpool https://us-east1-run.googleapis.com:443 "GET /apis/serving.knative.dev/v1/namespaces/greenday-6aba2/services/multi-service?alt=json HTTP/1.1" 200 None
2022-03-29 14:43:08,351 DEBUG    urllib3.connectionpool https://us-east1-run.googleapis.com:443 "GET /apis/serving.knative.dev/v1/namespaces/greenday-6aba2/services/multi-service?alt=json HTTP/1.1" 200 None
2022-03-29 14:43:09,812 DEBUG    urllib3.connectionpool https://us-east1-run.googleapis.com:443 "GET /apis/serving.knative.dev/v1/namespaces/greenday-6aba2/services/multi-service?alt=json HTTP/1.1" 200 None
2022-03-29 14:43:11,274 DEBUG    urllib3.connectionpool https://us-east1-run.googleapis.com:443 "GET /apis/serving.knative.dev/v1/namespaces/greenday-6aba2/services/multi-service?alt=json HTTP/1.1" 200 None
2022-03-29 14:43:12,410 DEBUG    urllib3.connectionpool https://us-east1-run.googleapis.com:443 "GET /apis/serving.knative.dev/v1/namespaces/greenday-6aba2/services/multi-service?alt=json HTTP/1.1" 200 None
2022-03-29 14:43:13,808 DEBUG    urllib3.connectionpool https://us-east1-run.googleapis.com:443 "GET /apis/serving.knative.dev/v1/namespaces/greenday-6aba2/services/multi-service?alt=json HTTP/1.1" 200 None
2022-03-29 14:43:15,348 DEBUG    urllib3.connectionpool https://us-east1-run.googleapis.com:443 "GET /apis/serving.knative.dev/v1/namespaces/greenday-6aba2/services/multi-service?alt=json HTTP/1.1" 200 None
2022-03-29 14:43:16,812 DEBUG    urllib3.connectionpool https://us-east1-run.googleapis.com:443 "GET /apis/serving.knative.dev/v1/namespaces/greenday-6aba2/services/multi-service?alt=json HTTP/1.1" 200 None
2022-03-29 14:43:17,205 DEBUG    urllib3.connectionpool https://us-east1-run.googleapis.com:443 "GET /apis/serving.knative.dev/v1/namespaces/greenday-6aba2/services/multi-service?alt=json HTTP/1.1" 200 None
2022-03-29 14:43:17,647 DEBUG    urllib3.connectionpool https://us-east1-run.googleapis.com:443 "GET /apis/serving.knative.dev/v1/namespaces/greenday-6aba2/services/multi-service?alt=json HTTP/1.1" 200 None
2022-03-29 14:43:17,655 INFO     ___FILE_ONLY___ Service [[1mmulti-service[m] revision [[1mmulti-service-00093-res[m] has been deployed and is serving [1m100[m percent of traffic.
Service URL: [1mhttps://multi-service-gkv32wdswa-ue.a.run.app[m

2022-03-29 14:43:17,657 INFO     root            Display format: "none"
