2022-03-21 13:32:27,976 DEBUG    root            Loaded Command Group: ['gcloud', 'auth']
2022-03-21 13:32:27,993 DEBUG    root            Loaded Command Group: ['gcloud', 'auth', 'login']
2022-03-21 13:32:27,995 DEBUG    root            Running [gcloud.auth.login] with arguments: []
2022-03-21 13:32:28,051 DEBUG    requests_oauthlib.oauth2_session Generated new state 2L0OX8zGXPZMCgoEjXSaaYSJNokzbS.
2022-03-21 13:32:28,175 INFO     ___FILE_ONLY___ Your browser has been opened to visit:

    https://accounts.google.com/o/oauth2/auth?response_type=code&client_id=32555940559.apps.googleusercontent.com&redirect_uri=http%3A%2F%2Flocalhost%3A8085%2F&scope=openid+https%3A%2F%2Fwww.googleapis.com%2Fauth%2Fuserinfo.email+https%3A%2F%2Fwww.googleapis.com%2Fauth%2Fcloud-platform+https%3A%2F%2Fwww.googleapis.com%2Fauth%2Fappengine.admin+https%3A%2F%2Fwww.googleapis.com%2Fauth%2Fcompute+https%3A%2F%2Fwww.googleapis.com%2Fauth%2Faccounts.reauth&state=2L0OX8zGXPZMCgoEjXSaaYSJNokzbS&access_type=offline&code_challenge=gyX6j8yxj9mlaoISnZYejKqcRgPpIn2Scv5Uo_yuCDc&code_challenge_method=S256


2022-03-21 13:32:33,368 INFO     google_auth_oauthlib.flow "GET /?state=2L0OX8zGXPZMCgoEjXSaaYSJNokzbS&code=4/0AX4XfWhA9Jr4EEt12dW1MU6VxsdOIDveRVdbZw25k3-cdrCMImbTiAcjEpyyqatyf1IPjA&scope=email%20openid%20https://www.googleapis.com/auth/userinfo.email%20https://www.googleapis.com/auth/cloud-platform%20https://www.googleapis.com/auth/appengine.admin%20https://www.googleapis.com/auth/compute%20https://www.googleapis.com/auth/accounts.reauth&authuser=0&prompt=consent HTTP/1.1" 200 959
2022-03-21 13:32:33,370 DEBUG    requests_oauthlib.oauth2_session Requesting url https://oauth2.googleapis.com/token using method POST.
2022-03-21 13:32:33,370 DEBUG    requests_oauthlib.oauth2_session Supplying headers {b'Accept': b'application/json', b'Content-Type': b'application/x-www-form-urlencoded;charset=UTF-8', b'user-agent': b'google-cloud-sdk gcloud/373.0.0 command/gcloud.auth.login invocation-id/296f90791c674bd4b19ad995c9521acd environment/None environment-version/None interactive/True from-script/True python/3.9.9 term/xterm-256color (Macintosh; Intel Mac OS X 21.4.0)'} and data {'grant_type': 'authorization_code', 'client_id': '32555940559.apps.googleusercontent.com', 'client_secret': 'ZmssLNjJy2998hD4CTg2ejr2', 'code': '4/0AX4XfWhA9Jr4EEt12dW1MU6VxsdOIDveRVdbZw25k3-cdrCMImbTiAcjEpyyqatyf1IPjA', 'redirect_uri': 'http://localhost:8085/', 'code_verifier': '-5Noy3ByTIhj2yz5au~JsSjr_Xx_byw3.XRBaIS8aW~rzQkSm0bKfmpmaYigmNLuqQ32ppGrJIEdrhYqQNMhfcL-.dwFaxXz8V90_lcJ8toSPbbxvvwhD49Dqt~F1mUW'}
2022-03-21 13:32:33,371 DEBUG    requests_oauthlib.oauth2_session Passing through key word arguments {'json': None, 'timeout': None, 'auth': None, 'verify': None, 'proxies': None}.
2022-03-21 13:32:33,385 DEBUG    urllib3.connectionpool Starting new HTTPS connection (1): oauth2.googleapis.com:443
2022-03-21 13:32:33,661 DEBUG    urllib3.connectionpool https://oauth2.googleapis.com:443 "POST /token HTTP/1.1" 200 None
2022-03-21 13:32:33,663 DEBUG    requests_oauthlib.oauth2_session Prepared fetch token request body grant_type=authorization_code&client_id=32555940559.apps.googleusercontent.com&client_secret=ZmssLNjJy2998hD4CTg2ejr2&code=4%2F0AX4XfWhA9Jr4EEt12dW1MU6VxsdOIDveRVdbZw25k3-cdrCMImbTiAcjEpyyqatyf1IPjA&redirect_uri=http%3A%2F%2Flocalhost%3A8085%2F&code_verifier=-5Noy3ByTIhj2yz5au~JsSjr_Xx_byw3.XRBaIS8aW~rzQkSm0bKfmpmaYigmNLuqQ32ppGrJIEdrhYqQNMhfcL-.dwFaxXz8V90_lcJ8toSPbbxvvwhD49Dqt~F1mUW
2022-03-21 13:32:33,663 DEBUG    requests_oauthlib.oauth2_session Request to fetch token completed with status 200.
2022-03-21 13:32:33,664 DEBUG    requests_oauthlib.oauth2_session Request headers were {'user-agent': b'google-cloud-sdk gcloud/373.0.0 command/gcloud.auth.login invocation-id/296f90791c674bd4b19ad995c9521acd environment/None environment-version/None interactive/True from-script/True python/3.9.9 term/xterm-256color (Macintosh; Intel Mac OS X 21.4.0)', 'Accept-Encoding': 'gzip, deflate', 'Accept': b'application/json', 'Connection': 'keep-alive', 'Content-Type': b'application/x-www-form-urlencoded;charset=UTF-8', 'Content-Length': '387'}
2022-03-21 13:32:33,664 DEBUG    requests_oauthlib.oauth2_session Request body was grant_type=authorization_code&client_id=32555940559.apps.googleusercontent.com&client_secret=ZmssLNjJy2998hD4CTg2ejr2&code=4%2F0AX4XfWhA9Jr4EEt12dW1MU6VxsdOIDveRVdbZw25k3-cdrCMImbTiAcjEpyyqatyf1IPjA&redirect_uri=http%3A%2F%2Flocalhost%3A8085%2F&code_verifier=-5Noy3ByTIhj2yz5au~JsSjr_Xx_byw3.XRBaIS8aW~rzQkSm0bKfmpmaYigmNLuqQ32ppGrJIEdrhYqQNMhfcL-.dwFaxXz8V90_lcJ8toSPbbxvvwhD49Dqt~F1mUW
2022-03-21 13:32:33,664 DEBUG    requests_oauthlib.oauth2_session Response headers were {'Expires': 'Mon, 01 Jan 1990 00:00:00 GMT', 'Pragma': 'no-cache', 'Cache-Control': 'no-cache, no-store, max-age=0, must-revalidate', 'Date': 'Mon, 21 Mar 2022 20:32:33 GMT', 'Content-Type': 'application/json; charset=utf-8', 'Vary': 'Origin, X-Origin, Referer', 'Content-Encoding': 'gzip', 'Server': 'scaffolding on HTTPServer2', 'X-XSS-Protection': '0', 'X-Frame-Options': 'SAMEORIGIN', 'X-Content-Type-Options': 'nosniff', 'Alt-Svc': 'h3=":443"; ma=2592000,h3-29=":443"; ma=2592000,h3-Q050=":443"; ma=2592000,h3-Q046=":443"; ma=2592000,h3-Q043=":443"; ma=2592000,quic=":443"; ma=2592000; v="46,43"', 'Transfer-Encoding': 'chunked'} and content {
  "access_token": "ya29.A0ARrdaM8LZEOotLpsT1hBZZdlX_RZ6tNrqRrkHd7iaQyfDSw3vxjgostadWHQmY3KPMYH5wYi5YOlaOKwI5nD3pjR4XL17xKgEC2xI1nL4eQYoTXZg09lRfm3l5EOGd6EoOB66ivVsB5oqcfM4pip0Ba060hLQr7TqPNk",
  "expires_in": 3599,
  "refresh_token": "1//06XXjsbv-boFlCgYIARAAGAYSNwF-L9Ir1cLGu66n54-7fXZf3SDM_jyeNwz57IKLbn0PtofJy-GNYbUHgh8x3_KR6euhLRqCvLc",
  "scope": "https://www.googleapis.com/auth/accounts.reauth openid https://www.googleapis.com/auth/cloud-platform https://www.googleapis.com/auth/appengine.admin https://www.googleapis.com/auth/userinfo.email https://www.googleapis.com/auth/compute",
  "token_type": "Bearer",
  "id_token": "eyJhbGciOiJSUzI1NiIsImtpZCI6IjcyOTE4OTQ1MGQ0OTAyODU3MDQyNTI2NmYwM2U3MzdmNDVhZjI5MzIiLCJ0eXAiOiJKV1QifQ.eyJpc3MiOiJodHRwczovL2FjY291bnRzLmdvb2dsZS5jb20iLCJhenAiOiIzMjU1NTk0MDU1OS5hcHBzLmdvb2dsZXVzZXJjb250ZW50LmNvbSIsImF1ZCI6IjMyNTU1OTQwNTU5LmFwcHMuZ29vZ2xldXNlcmNvbnRlbnQuY29tIiwic3ViIjoiMTA0OTg0Njc2MzAzOTM1NDI5NDE1IiwiZW1haWwiOiJuZXh0Y2hhcnQuYmVhY2hyb2NrQGdtYWlsLmNvbSIsImVtYWlsX3ZlcmlmaWVkIjp0cnVlLCJhdF9oYXNoIjoiZVY5N3JDRlJSTDlfVDJGTkxCbUlMdyIsImlhdCI6MTY0Nzg5NDc1MywiZXhwIjoxNjQ3ODk4MzUzfQ.hHOCyR34QZT7BSlW8xbHG9eRM2x6UWAeEcsuQAGClqEUQ6D1zTxioypDbJ14Pbg2mXj1-LGowrpw7IFgoyK480bNnkQnfqL8oTycWDRJXNLztK21iIr51I2MGJ0LD8bixVFM3QrDEjRyXGlFXc3XWpjmIs6gX1sVXQXM-EkagXfhWgL8dJeTf8a4utuKaqGxdxtclkBRiULkN_6287-kh4v-xCFaoKERwfJ6cz8cu_Fr_2eE_E1RbFkegdS_ESmUlyFIkrOa7x_9ri8QNlcyi2iSIX8p_Flo4A6j8womliis27yFqVNWiDnJ_PWfyUYQsC95yhkmmRXE2GHzP-4GXg"
}.
2022-03-21 13:32:33,664 DEBUG    requests_oauthlib.oauth2_session Invoking 0 token response hooks.
2022-03-21 13:32:33,664 DEBUG    requests_oauthlib.oauth2_session Obtained token {'access_token': 'ya29.A0ARrdaM8LZEOotLpsT1hBZZdlX_RZ6tNrqRrkHd7iaQyfDSw3vxjgostadWHQmY3KPMYH5wYi5YOlaOKwI5nD3pjR4XL17xKgEC2xI1nL4eQYoTXZg09lRfm3l5EOGd6EoOB66ivVsB5oqcfM4pip0Ba060hLQr7TqPNk', 'expires_in': 3599, 'refresh_token': '1//06XXjsbv-boFlCgYIARAAGAYSNwF-L9Ir1cLGu66n54-7fXZf3SDM_jyeNwz57IKLbn0PtofJy-GNYbUHgh8x3_KR6euhLRqCvLc', 'scope': ['https://www.googleapis.com/auth/accounts.reauth', 'openid', 'https://www.googleapis.com/auth/cloud-platform', 'https://www.googleapis.com/auth/appengine.admin', 'https://www.googleapis.com/auth/userinfo.email', 'https://www.googleapis.com/auth/compute'], 'token_type': 'Bearer', 'id_token': 'eyJhbGciOiJSUzI1NiIsImtpZCI6IjcyOTE4OTQ1MGQ0OTAyODU3MDQyNTI2NmYwM2U3MzdmNDVhZjI5MzIiLCJ0eXAiOiJKV1QifQ.eyJpc3MiOiJodHRwczovL2FjY291bnRzLmdvb2dsZS5jb20iLCJhenAiOiIzMjU1NTk0MDU1OS5hcHBzLmdvb2dsZXVzZXJjb250ZW50LmNvbSIsImF1ZCI6IjMyNTU1OTQwNTU5LmFwcHMuZ29vZ2xldXNlcmNvbnRlbnQuY29tIiwic3ViIjoiMTA0OTg0Njc2MzAzOTM1NDI5NDE1IiwiZW1haWwiOiJuZXh0Y2hhcnQuYmVhY2hyb2NrQGdtYWlsLmNvbSIsImVtYWlsX3ZlcmlmaWVkIjp0cnVlLCJhdF9oYXNoIjoiZVY5N3JDRlJSTDlfVDJGTkxCbUlMdyIsImlhdCI6MTY0Nzg5NDc1MywiZXhwIjoxNjQ3ODk4MzUzfQ.hHOCyR34QZT7BSlW8xbHG9eRM2x6UWAeEcsuQAGClqEUQ6D1zTxioypDbJ14Pbg2mXj1-LGowrpw7IFgoyK480bNnkQnfqL8oTycWDRJXNLztK21iIr51I2MGJ0LD8bixVFM3QrDEjRyXGlFXc3XWpjmIs6gX1sVXQXM-EkagXfhWgL8dJeTf8a4utuKaqGxdxtclkBRiULkN_6287-kh4v-xCFaoKERwfJ6cz8cu_Fr_2eE_E1RbFkegdS_ESmUlyFIkrOa7x_9ri8QNlcyi2iSIX8p_Flo4A6j8womliis27yFqVNWiDnJ_PWfyUYQsC95yhkmmRXE2GHzP-4GXg', 'expires_at': 1647898352.664843}.
2022-03-21 13:32:33,681 INFO     ___FILE_ONLY___ 
You are now logged in as [nextchart.beachrock@gmail.com].
Your current project is [greenday-6aba2].  You can change this setting by running:
  $ gcloud config set project PROJECT_ID

2022-03-21 13:32:33,682 INFO     root            Display format: "none"
