2022-03-21 13:34:45,266 DEBUG    root            Loaded Command Group: ['gcloud', 'auth']
2022-03-21 13:34:45,282 DEBUG    root            Loaded Command Group: ['gcloud', 'auth', 'login']
2022-03-21 13:34:45,283 DEBUG    root            Running [gcloud.auth.login] with arguments: []
2022-03-21 13:34:45,286 DEBUG    requests_oauthlib.oauth2_session Generated new state xlElQmciHtH8ihDLoxgsXta753j51N.
2022-03-21 13:34:45,402 INFO     ___FILE_ONLY___ Your browser has been opened to visit:

    https://accounts.google.com/o/oauth2/auth?response_type=code&client_id=32555940559.apps.googleusercontent.com&redirect_uri=http%3A%2F%2Flocalhost%3A8085%2F&scope=openid+https%3A%2F%2Fwww.googleapis.com%2Fauth%2Fuserinfo.email+https%3A%2F%2Fwww.googleapis.com%2Fauth%2Fcloud-platform+https%3A%2F%2Fwww.googleapis.com%2Fauth%2Fappengine.admin+https%3A%2F%2Fwww.googleapis.com%2Fauth%2Fcompute+https%3A%2F%2Fwww.googleapis.com%2Fauth%2Faccounts.reauth&state=xlElQmciHtH8ihDLoxgsXta753j51N&access_type=offline&code_challenge=hqtdeSYCCzjo99ovuzLpvXtNOo_EeDeexqSGFdzaiCY&code_challenge_method=S256


2022-03-21 13:34:50,471 INFO     google_auth_oauthlib.flow "GET /?state=xlElQmciHtH8ihDLoxgsXta753j51N&code=4/0AX4XfWiCT4hv-tFbPSWhOyLlzPlymxLFDLAgLzODHK3_97mBitxtR2uuBEdkvetyJtmM-Q&scope=email%20openid%20https://www.googleapis.com/auth/userinfo.email%20https://www.googleapis.com/auth/cloud-platform%20https://www.googleapis.com/auth/appengine.admin%20https://www.googleapis.com/auth/compute%20https://www.googleapis.com/auth/accounts.reauth&authuser=0&prompt=consent HTTP/1.1" 200 959
2022-03-21 13:34:50,474 DEBUG    requests_oauthlib.oauth2_session Requesting url https://oauth2.googleapis.com/token using method POST.
2022-03-21 13:34:50,474 DEBUG    requests_oauthlib.oauth2_session Supplying headers {b'Accept': b'application/json', b'Content-Type': b'application/x-www-form-urlencoded;charset=UTF-8', b'user-agent': b'google-cloud-sdk gcloud/373.0.0 command/gcloud.auth.login invocation-id/da2141a3fc454508b07bca5e2fe97daa environment/None environment-version/None interactive/True from-script/True python/3.9.9 term/xterm-256color (Macintosh; Intel Mac OS X 21.4.0)'} and data {'grant_type': 'authorization_code', 'client_id': '32555940559.apps.googleusercontent.com', 'client_secret': 'ZmssLNjJy2998hD4CTg2ejr2', 'code': '4/0AX4XfWiCT4hv-tFbPSWhOyLlzPlymxLFDLAgLzODHK3_97mBitxtR2uuBEdkvetyJtmM-Q', 'redirect_uri': 'http://localhost:8085/', 'code_verifier': 'C9pwNIqcS.6Axtkcc2xOnQdUdqPhFdBpahF1CFL5TohEPMvmfcBDZ9unLC~~lpQOJ9iNgAquPgf9QbFaxt62Axh~euYDpFfegcey8U_a~2Uo0uNd1_w4kH2eJKRWQnX5'}
2022-03-21 13:34:50,475 DEBUG    requests_oauthlib.oauth2_session Passing through key word arguments {'json': None, 'timeout': None, 'auth': None, 'verify': None, 'proxies': None}.
2022-03-21 13:34:50,507 DEBUG    urllib3.connectionpool Starting new HTTPS connection (1): oauth2.googleapis.com:443
2022-03-21 13:34:50,805 DEBUG    urllib3.connectionpool https://oauth2.googleapis.com:443 "POST /token HTTP/1.1" 200 None
2022-03-21 13:34:50,807 DEBUG    requests_oauthlib.oauth2_session Prepared fetch token request body grant_type=authorization_code&client_id=32555940559.apps.googleusercontent.com&client_secret=ZmssLNjJy2998hD4CTg2ejr2&code=4%2F0AX4XfWiCT4hv-tFbPSWhOyLlzPlymxLFDLAgLzODHK3_97mBitxtR2uuBEdkvetyJtmM-Q&redirect_uri=http%3A%2F%2Flocalhost%3A8085%2F&code_verifier=C9pwNIqcS.6Axtkcc2xOnQdUdqPhFdBpahF1CFL5TohEPMvmfcBDZ9unLC~~lpQOJ9iNgAquPgf9QbFaxt62Axh~euYDpFfegcey8U_a~2Uo0uNd1_w4kH2eJKRWQnX5
2022-03-21 13:34:50,807 DEBUG    requests_oauthlib.oauth2_session Request to fetch token completed with status 200.
2022-03-21 13:34:50,808 DEBUG    requests_oauthlib.oauth2_session Request headers were {'user-agent': b'google-cloud-sdk gcloud/373.0.0 command/gcloud.auth.login invocation-id/da2141a3fc454508b07bca5e2fe97daa environment/None environment-version/None interactive/True from-script/True python/3.9.9 term/xterm-256color (Macintosh; Intel Mac OS X 21.4.0)', 'Accept-Encoding': 'gzip, deflate', 'Accept': b'application/json', 'Connection': 'keep-alive', 'Content-Type': b'application/x-www-form-urlencoded;charset=UTF-8', 'Content-Length': '387'}
2022-03-21 13:34:50,808 DEBUG    requests_oauthlib.oauth2_session Request body was grant_type=authorization_code&client_id=32555940559.apps.googleusercontent.com&client_secret=ZmssLNjJy2998hD4CTg2ejr2&code=4%2F0AX4XfWiCT4hv-tFbPSWhOyLlzPlymxLFDLAgLzODHK3_97mBitxtR2uuBEdkvetyJtmM-Q&redirect_uri=http%3A%2F%2Flocalhost%3A8085%2F&code_verifier=C9pwNIqcS.6Axtkcc2xOnQdUdqPhFdBpahF1CFL5TohEPMvmfcBDZ9unLC~~lpQOJ9iNgAquPgf9QbFaxt62Axh~euYDpFfegcey8U_a~2Uo0uNd1_w4kH2eJKRWQnX5
2022-03-21 13:34:50,808 DEBUG    requests_oauthlib.oauth2_session Response headers were {'Cache-Control': 'no-cache, no-store, max-age=0, must-revalidate', 'Date': 'Mon, 21 Mar 2022 20:34:50 GMT', 'Pragma': 'no-cache', 'Expires': 'Mon, 01 Jan 1990 00:00:00 GMT', 'Content-Type': 'application/json; charset=utf-8', 'Vary': 'Origin, X-Origin, Referer', 'Content-Encoding': 'gzip', 'Server': 'scaffolding on HTTPServer2', 'X-XSS-Protection': '0', 'X-Frame-Options': 'SAMEORIGIN', 'X-Content-Type-Options': 'nosniff', 'Alt-Svc': 'h3=":443"; ma=2592000,h3-29=":443"; ma=2592000,h3-Q050=":443"; ma=2592000,h3-Q046=":443"; ma=2592000,h3-Q043=":443"; ma=2592000,quic=":443"; ma=2592000; v="46,43"', 'Transfer-Encoding': 'chunked'} and content {
  "access_token": "ya29.A0ARrdaM9b0iyzy811sUpa1Y0kPYyg-OInx4DHS_PyaeUbPLPZGvNC1iNt5KjZUB-7Zh-Fa7SGY8cT_E3Yq6lC3rwzhsolh5XsoAoBrmEWovP6D2f7lFfmHjg0MPai7BgAMUQFmh6hmajLClFx-pl-hbO5ubsPqmvaaQaL",
  "expires_in": 3599,
  "refresh_token": "1//0627jhJ7jNMr4CgYIARAAGAYSNwF-L9Ird3yAYaFETyBZG2HclL3bt2ZX8P1urQP0QMpVGGuf81X_tzLLyHc9YT2hmFebJOipj7o",
  "scope": "https://www.googleapis.com/auth/userinfo.email https://www.googleapis.com/auth/appengine.admin https://www.googleapis.com/auth/cloud-platform https://www.googleapis.com/auth/compute https://www.googleapis.com/auth/accounts.reauth openid",
  "token_type": "Bearer",
  "id_token": "eyJhbGciOiJSUzI1NiIsImtpZCI6IjcyOTE4OTQ1MGQ0OTAyODU3MDQyNTI2NmYwM2U3MzdmNDVhZjI5MzIiLCJ0eXAiOiJKV1QifQ.eyJpc3MiOiJodHRwczovL2FjY291bnRzLmdvb2dsZS5jb20iLCJhenAiOiIzMjU1NTk0MDU1OS5hcHBzLmdvb2dsZXVzZXJjb250ZW50LmNvbSIsImF1ZCI6IjMyNTU1OTQwNTU5LmFwcHMuZ29vZ2xldXNlcmNvbnRlbnQuY29tIiwic3ViIjoiMTA0OTg0Njc2MzAzOTM1NDI5NDE1IiwiZW1haWwiOiJuZXh0Y2hhcnQuYmVhY2hyb2NrQGdtYWlsLmNvbSIsImVtYWlsX3ZlcmlmaWVkIjp0cnVlLCJhdF9oYXNoIjoibHZfMUkyTC1rWXpZODZHUjI1SlJXZyIsImlhdCI6MTY0Nzg5NDg5MCwiZXhwIjoxNjQ3ODk4NDkwfQ.S32y5k1AMtjHHInvDTLLf70YOebQXDaaJaWwy2nPHpKVlfmn31s105JZue_WdkpM1Em0BwrKiraesawESDeaZAJqyJbzUHdwrm1FShyvpuFC-oCTS6JugmePIqeFHSAlfzBiz1c5gFO-_O6vH7-u5dLVdHsHuMOjwFN8Suioqs2PXfIq6gLjbq8B3Gzbg6O0_lYaOfWK5tvQ-Rm4xfs9OCczikOa5vGWKlWIQNNNUbZRomBD8PJNzQUxRvl7_y9qSqAFEkx8Yr5swuRi7uLHVVNP_RxBdlT2j1uA54ND55CSWDLO7nzejacsXxy7dAuAA82TidNBKlJ3esNKYLI1ng"
}.
2022-03-21 13:34:50,809 DEBUG    requests_oauthlib.oauth2_session Invoking 0 token response hooks.
2022-03-21 13:34:50,809 DEBUG    requests_oauthlib.oauth2_session Obtained token {'access_token': 'ya29.A0ARrdaM9b0iyzy811sUpa1Y0kPYyg-OInx4DHS_PyaeUbPLPZGvNC1iNt5KjZUB-7Zh-Fa7SGY8cT_E3Yq6lC3rwzhsolh5XsoAoBrmEWovP6D2f7lFfmHjg0MPai7BgAMUQFmh6hmajLClFx-pl-hbO5ubsPqmvaaQaL', 'expires_in': 3599, 'refresh_token': '1//0627jhJ7jNMr4CgYIARAAGAYSNwF-L9Ird3yAYaFETyBZG2HclL3bt2ZX8P1urQP0QMpVGGuf81X_tzLLyHc9YT2hmFebJOipj7o', 'scope': ['https://www.googleapis.com/auth/userinfo.email', 'https://www.googleapis.com/auth/appengine.admin', 'https://www.googleapis.com/auth/cloud-platform', 'https://www.googleapis.com/auth/compute', 'https://www.googleapis.com/auth/accounts.reauth', 'openid'], 'token_type': 'Bearer', 'id_token': 'eyJhbGciOiJSUzI1NiIsImtpZCI6IjcyOTE4OTQ1MGQ0OTAyODU3MDQyNTI2NmYwM2U3MzdmNDVhZjI5MzIiLCJ0eXAiOiJKV1QifQ.eyJpc3MiOiJodHRwczovL2FjY291bnRzLmdvb2dsZS5jb20iLCJhenAiOiIzMjU1NTk0MDU1OS5hcHBzLmdvb2dsZXVzZXJjb250ZW50LmNvbSIsImF1ZCI6IjMyNTU1OTQwNTU5LmFwcHMuZ29vZ2xldXNlcmNvbnRlbnQuY29tIiwic3ViIjoiMTA0OTg0Njc2MzAzOTM1NDI5NDE1IiwiZW1haWwiOiJuZXh0Y2hhcnQuYmVhY2hyb2NrQGdtYWlsLmNvbSIsImVtYWlsX3ZlcmlmaWVkIjp0cnVlLCJhdF9oYXNoIjoibHZfMUkyTC1rWXpZODZHUjI1SlJXZyIsImlhdCI6MTY0Nzg5NDg5MCwiZXhwIjoxNjQ3ODk4NDkwfQ.S32y5k1AMtjHHInvDTLLf70YOebQXDaaJaWwy2nPHpKVlfmn31s105JZue_WdkpM1Em0BwrKiraesawESDeaZAJqyJbzUHdwrm1FShyvpuFC-oCTS6JugmePIqeFHSAlfzBiz1c5gFO-_O6vH7-u5dLVdHsHuMOjwFN8Suioqs2PXfIq6gLjbq8B3Gzbg6O0_lYaOfWK5tvQ-Rm4xfs9OCczikOa5vGWKlWIQNNNUbZRomBD8PJNzQUxRvl7_y9qSqAFEkx8Yr5swuRi7uLHVVNP_RxBdlT2j1uA54ND55CSWDLO7nzejacsXxy7dAuAA82TidNBKlJ3esNKYLI1ng', 'expires_at': 1647898489.809471}.
2022-03-21 13:34:50,827 INFO     ___FILE_ONLY___ 
You are now logged in as [nextchart.beachrock@gmail.com].
Your current project is [greenday-6aba2].  You can change this setting by running:
  $ gcloud config set project PROJECT_ID

2022-03-21 13:34:50,827 INFO     root            Display format: "none"
