2022-03-09 20:55:20,950 DEBUG    root            Loaded Command Group: ['gcloud', 'run']
2022-03-09 20:55:20,977 DEBUG    root            Loaded Command Group: ['gcloud', 'run', 'deploy']
2022-03-09 20:55:20,984 DEBUG    root            Running [gcloud.run.deploy] with arguments: [--clear-env-vars: "True", --cpu: "2", --image: "us-east1-docker.pkg.dev/greenday-6aba2/greenday/multi:latest", --max-instances: "<googlecloudsdk.command_lib.run.flags._ScaleValue object at 0x103302f70>", --memory: "6G", --min-instances: "<googlecloudsdk.command_lib.run.flags._ScaleValue object at 0x103302eb0>", --region: "us-east1", --service-account: "greenday-service-account@greenday-6aba2.iam.gserviceaccount.com", SERVICE: "multi-service"]
2022-03-09 20:55:21,036 DEBUG    urllib3.connectionpool Starting new HTTPS connection (1): us-east1-run.googleapis.com:443
2022-03-09 20:55:21,621 DEBUG    urllib3.connectionpool https://us-east1-run.googleapis.com:443 "GET /apis/serving.knative.dev/v1/namespaces/greenday-6aba2/services/multi-service?alt=json HTTP/1.1" 200 None
2022-03-09 20:55:21,623 INFO     ___FILE_ONLY___ Deploying container to Cloud Run service [[1mmulti-service[m] in project [[1mgreenday-6aba2[m] region [[1mus-east1[m]

2022-03-09 20:55:21,624 INFO     ___FILE_ONLY___ Deploying...
2022-03-09 20:55:22,332 DEBUG    urllib3.connectionpool https://us-east1-run.googleapis.com:443 "PUT /apis/serving.knative.dev/v1/namespaces/greenday-6aba2/services/multi-service?alt=json HTTP/1.1" 200 None
2022-03-09 20:55:22,913 DEBUG    urllib3.connectionpool https://us-east1-run.googleapis.com:443 "GET /apis/serving.knative.dev/v1/namespaces/greenday-6aba2/services/multi-service?alt=json HTTP/1.1" 200 None
2022-03-09 20:55:24,412 DEBUG    urllib3.connectionpool https://us-east1-run.googleapis.com:443 "GET /apis/serving.knative.dev/v1/namespaces/greenday-6aba2/services/multi-service?alt=json HTTP/1.1" 200 None
2022-03-09 20:55:25,984 DEBUG    urllib3.connectionpool https://us-east1-run.googleapis.com:443 "GET /apis/serving.knative.dev/v1/namespaces/greenday-6aba2/services/multi-service?alt=json HTTP/1.1" 200 None
2022-03-09 20:55:27,519 DEBUG    urllib3.connectionpool https://us-east1-run.googleapis.com:443 "GET /apis/serving.knative.dev/v1/namespaces/greenday-6aba2/services/multi-service?alt=json HTTP/1.1" 200 None
2022-03-09 20:55:28,853 DEBUG    urllib3.connectionpool https://us-east1-run.googleapis.com:443 "GET /apis/serving.knative.dev/v1/namespaces/greenday-6aba2/services/multi-service?alt=json HTTP/1.1" 200 None
2022-03-09 20:55:30,361 DEBUG    urllib3.connectionpool https://us-east1-run.googleapis.com:443 "GET /apis/serving.knative.dev/v1/namespaces/greenday-6aba2/services/multi-service?alt=json HTTP/1.1" 200 None
2022-03-09 20:55:31,832 DEBUG    urllib3.connectionpool https://us-east1-run.googleapis.com:443 "GET /apis/serving.knative.dev/v1/namespaces/greenday-6aba2/services/multi-service?alt=json HTTP/1.1" 200 None
2022-03-09 20:55:33,356 DEBUG    urllib3.connectionpool https://us-east1-run.googleapis.com:443 "GET /apis/serving.knative.dev/v1/namespaces/greenday-6aba2/services/multi-service?alt=json HTTP/1.1" 200 None
2022-03-09 20:55:34,866 DEBUG    urllib3.connectionpool https://us-east1-run.googleapis.com:443 "GET /apis/serving.knative.dev/v1/namespaces/greenday-6aba2/services/multi-service?alt=json HTTP/1.1" 200 None
2022-03-09 20:55:36,376 DEBUG    urllib3.connectionpool https://us-east1-run.googleapis.com:443 "GET /apis/serving.knative.dev/v1/namespaces/greenday-6aba2/services/multi-service?alt=json HTTP/1.1" 200 None
2022-03-09 20:55:37,884 DEBUG    urllib3.connectionpool https://us-east1-run.googleapis.com:443 "GET /apis/serving.knative.dev/v1/namespaces/greenday-6aba2/services/multi-service?alt=json HTTP/1.1" 200 None
2022-03-09 20:55:39,402 DEBUG    urllib3.connectionpool https://us-east1-run.googleapis.com:443 "GET /apis/serving.knative.dev/v1/namespaces/greenday-6aba2/services/multi-service?alt=json HTTP/1.1" 200 None
2022-03-09 20:55:40,938 DEBUG    urllib3.connectionpool https://us-east1-run.googleapis.com:443 "GET /apis/serving.knative.dev/v1/namespaces/greenday-6aba2/services/multi-service?alt=json HTTP/1.1" 200 None
2022-03-09 20:55:42,446 DEBUG    urllib3.connectionpool https://us-east1-run.googleapis.com:443 "GET /apis/serving.knative.dev/v1/namespaces/greenday-6aba2/services/multi-service?alt=json HTTP/1.1" 200 None
2022-03-09 20:55:43,647 DEBUG    urllib3.connectionpool https://us-east1-run.googleapis.com:443 "GET /apis/serving.knative.dev/v1/namespaces/greenday-6aba2/services/multi-service?alt=json HTTP/1.1" 200 None
2022-03-09 20:55:45,237 DEBUG    urllib3.connectionpool https://us-east1-run.googleapis.com:443 "GET /apis/serving.knative.dev/v1/namespaces/greenday-6aba2/services/multi-service?alt=json HTTP/1.1" 200 None
2022-03-09 20:55:46,377 DEBUG    urllib3.connectionpool https://us-east1-run.googleapis.com:443 "GET /apis/serving.knative.dev/v1/namespaces/greenday-6aba2/services/multi-service?alt=json HTTP/1.1" 200 None
2022-03-09 20:55:47,897 DEBUG    urllib3.connectionpool https://us-east1-run.googleapis.com:443 "GET /apis/serving.knative.dev/v1/namespaces/greenday-6aba2/services/multi-service?alt=json HTTP/1.1" 200 None
2022-03-09 20:55:49,434 DEBUG    urllib3.connectionpool https://us-east1-run.googleapis.com:443 "GET /apis/serving.knative.dev/v1/namespaces/greenday-6aba2/services/multi-service?alt=json HTTP/1.1" 200 None
2022-03-09 20:55:50,970 DEBUG    urllib3.connectionpool https://us-east1-run.googleapis.com:443 "GET /apis/serving.knative.dev/v1/namespaces/greenday-6aba2/services/multi-service?alt=json HTTP/1.1" 200 None
2022-03-09 20:55:52,473 DEBUG    urllib3.connectionpool https://us-east1-run.googleapis.com:443 "GET /apis/serving.knative.dev/v1/namespaces/greenday-6aba2/services/multi-service?alt=json HTTP/1.1" 200 None
2022-03-09 20:55:54,041 DEBUG    urllib3.connectionpool https://us-east1-run.googleapis.com:443 "GET /apis/serving.knative.dev/v1/namespaces/greenday-6aba2/services/multi-service?alt=json HTTP/1.1" 200 None
2022-03-09 20:55:55,579 DEBUG    urllib3.connectionpool https://us-east1-run.googleapis.com:443 "GET /apis/serving.knative.dev/v1/namespaces/greenday-6aba2/services/multi-service?alt=json HTTP/1.1" 200 None
2022-03-09 20:55:57,051 DEBUG    urllib3.connectionpool https://us-east1-run.googleapis.com:443 "GET /apis/serving.knative.dev/v1/namespaces/greenday-6aba2/services/multi-service?alt=json HTTP/1.1" 200 None
2022-03-09 20:55:58,547 DEBUG    urllib3.connectionpool https://us-east1-run.googleapis.com:443 "GET /apis/serving.knative.dev/v1/namespaces/greenday-6aba2/services/multi-service?alt=json HTTP/1.1" 200 None
2022-03-09 20:56:00,051 DEBUG    urllib3.connectionpool https://us-east1-run.googleapis.com:443 "GET /apis/serving.knative.dev/v1/namespaces/greenday-6aba2/services/multi-service?alt=json HTTP/1.1" 200 None
2022-03-09 20:56:01,620 DEBUG    urllib3.connectionpool https://us-east1-run.googleapis.com:443 "GET /apis/serving.knative.dev/v1/namespaces/greenday-6aba2/services/multi-service?alt=json HTTP/1.1" 200 None
2022-03-09 20:56:03,090 DEBUG    urllib3.connectionpool https://us-east1-run.googleapis.com:443 "GET /apis/serving.knative.dev/v1/namespaces/greenday-6aba2/services/multi-service?alt=json HTTP/1.1" 200 None
2022-03-09 20:56:04,609 DEBUG    urllib3.connectionpool https://us-east1-run.googleapis.com:443 "GET /apis/serving.knative.dev/v1/namespaces/greenday-6aba2/services/multi-service?alt=json HTTP/1.1" 200 None
2022-03-09 20:56:06,125 DEBUG    urllib3.connectionpool https://us-east1-run.googleapis.com:443 "GET /apis/serving.knative.dev/v1/namespaces/greenday-6aba2/services/multi-service?alt=json HTTP/1.1" 200 None
2022-03-09 20:56:07,595 DEBUG    urllib3.connectionpool https://us-east1-run.googleapis.com:443 "GET /apis/serving.knative.dev/v1/namespaces/greenday-6aba2/services/multi-service?alt=json HTTP/1.1" 200 None
2022-03-09 20:56:09,103 DEBUG    urllib3.connectionpool https://us-east1-run.googleapis.com:443 "GET /apis/serving.knative.dev/v1/namespaces/greenday-6aba2/services/multi-service?alt=json HTTP/1.1" 200 None
2022-03-09 20:56:10,633 DEBUG    urllib3.connectionpool https://us-east1-run.googleapis.com:443 "GET /apis/serving.knative.dev/v1/namespaces/greenday-6aba2/services/multi-service?alt=json HTTP/1.1" 200 None
2022-03-09 20:56:11,779 DEBUG    urllib3.connectionpool https://us-east1-run.googleapis.com:443 "GET /apis/serving.knative.dev/v1/namespaces/greenday-6aba2/services/multi-service?alt=json HTTP/1.1" 200 None
2022-03-09 20:56:13,254 DEBUG    urllib3.connectionpool https://us-east1-run.googleapis.com:443 "GET /apis/serving.knative.dev/v1/namespaces/greenday-6aba2/services/multi-service?alt=json HTTP/1.1" 200 None
2022-03-09 20:56:14,742 DEBUG    urllib3.connectionpool https://us-east1-run.googleapis.com:443 "GET /apis/serving.knative.dev/v1/namespaces/greenday-6aba2/services/multi-service?alt=json HTTP/1.1" 200 None
2022-03-09 20:56:16,365 DEBUG    urllib3.connectionpool https://us-east1-run.googleapis.com:443 "GET /apis/serving.knative.dev/v1/namespaces/greenday-6aba2/services/multi-service?alt=json HTTP/1.1" 200 None
2022-03-09 20:56:17,902 DEBUG    urllib3.connectionpool https://us-east1-run.googleapis.com:443 "GET /apis/serving.knative.dev/v1/namespaces/greenday-6aba2/services/multi-service?alt=json HTTP/1.1" 200 None
2022-03-09 20:56:19,437 DEBUG    urllib3.connectionpool https://us-east1-run.googleapis.com:443 "GET /apis/serving.knative.dev/v1/namespaces/greenday-6aba2/services/multi-service?alt=json HTTP/1.1" 200 None
2022-03-09 20:56:20,973 DEBUG    urllib3.connectionpool https://us-east1-run.googleapis.com:443 "GET /apis/serving.knative.dev/v1/namespaces/greenday-6aba2/services/multi-service?alt=json HTTP/1.1" 200 None
2022-03-09 20:56:22,509 DEBUG    urllib3.connectionpool https://us-east1-run.googleapis.com:443 "GET /apis/serving.knative.dev/v1/namespaces/greenday-6aba2/services/multi-service?alt=json HTTP/1.1" 200 None
2022-03-09 20:56:24,035 DEBUG    urllib3.connectionpool https://us-east1-run.googleapis.com:443 "GET /apis/serving.knative.dev/v1/namespaces/greenday-6aba2/services/multi-service?alt=json HTTP/1.1" 200 None
2022-03-09 20:56:25,582 DEBUG    urllib3.connectionpool https://us-east1-run.googleapis.com:443 "GET /apis/serving.knative.dev/v1/namespaces/greenday-6aba2/services/multi-service?alt=json HTTP/1.1" 200 None
2022-03-09 20:56:27,097 DEBUG    urllib3.connectionpool https://us-east1-run.googleapis.com:443 "GET /apis/serving.knative.dev/v1/namespaces/greenday-6aba2/services/multi-service?alt=json HTTP/1.1" 200 None
2022-03-09 20:56:28,607 DEBUG    urllib3.connectionpool https://us-east1-run.googleapis.com:443 "GET /apis/serving.knative.dev/v1/namespaces/greenday-6aba2/services/multi-service?alt=json HTTP/1.1" 200 None
2022-03-09 20:56:30,192 DEBUG    urllib3.connectionpool https://us-east1-run.googleapis.com:443 "GET /apis/serving.knative.dev/v1/namespaces/greenday-6aba2/services/multi-service?alt=json HTTP/1.1" 200 None
2022-03-09 20:56:31,726 DEBUG    urllib3.connectionpool https://us-east1-run.googleapis.com:443 "GET /apis/serving.knative.dev/v1/namespaces/greenday-6aba2/services/multi-service?alt=json HTTP/1.1" 200 None
2022-03-09 20:56:33,204 DEBUG    urllib3.connectionpool https://us-east1-run.googleapis.com:443 "GET /apis/serving.knative.dev/v1/namespaces/greenday-6aba2/services/multi-service?alt=json HTTP/1.1" 200 None
2022-03-09 20:56:34,798 DEBUG    urllib3.connectionpool https://us-east1-run.googleapis.com:443 "GET /apis/serving.knative.dev/v1/namespaces/greenday-6aba2/services/multi-service?alt=json HTTP/1.1" 200 None
2022-03-09 20:56:36,333 DEBUG    urllib3.connectionpool https://us-east1-run.googleapis.com:443 "GET /apis/serving.knative.dev/v1/namespaces/greenday-6aba2/services/multi-service?alt=json HTTP/1.1" 200 None
2022-03-09 20:56:37,817 DEBUG    urllib3.connectionpool https://us-east1-run.googleapis.com:443 "GET /apis/serving.knative.dev/v1/namespaces/greenday-6aba2/services/multi-service?alt=json HTTP/1.1" 200 None
2022-03-09 20:56:39,308 DEBUG    urllib3.connectionpool https://us-east1-run.googleapis.com:443 "GET /apis/serving.knative.dev/v1/namespaces/greenday-6aba2/services/multi-service?alt=json HTTP/1.1" 200 None
2022-03-09 20:56:40,474 DEBUG    urllib3.connectionpool https://us-east1-run.googleapis.com:443 "GET /apis/serving.knative.dev/v1/namespaces/greenday-6aba2/services/multi-service?alt=json HTTP/1.1" 200 None
2022-03-09 20:56:41,949 DEBUG    urllib3.connectionpool https://us-east1-run.googleapis.com:443 "GET /apis/serving.knative.dev/v1/namespaces/greenday-6aba2/services/multi-service?alt=json HTTP/1.1" 200 None
2022-03-09 20:56:43,480 DEBUG    urllib3.connectionpool https://us-east1-run.googleapis.com:443 "GET /apis/serving.knative.dev/v1/namespaces/greenday-6aba2/services/multi-service?alt=json HTTP/1.1" 200 None
2022-03-09 20:56:45,024 DEBUG    urllib3.connectionpool https://us-east1-run.googleapis.com:443 "GET /apis/serving.knative.dev/v1/namespaces/greenday-6aba2/services/multi-service?alt=json HTTP/1.1" 200 None
2022-03-09 20:56:46,575 DEBUG    urllib3.connectionpool https://us-east1-run.googleapis.com:443 "GET /apis/serving.knative.dev/v1/namespaces/greenday-6aba2/services/multi-service?alt=json HTTP/1.1" 200 None
2022-03-09 20:56:48,067 DEBUG    urllib3.connectionpool https://us-east1-run.googleapis.com:443 "GET /apis/serving.knative.dev/v1/namespaces/greenday-6aba2/services/multi-service?alt=json HTTP/1.1" 200 None
2022-03-09 20:56:49,548 DEBUG    urllib3.connectionpool https://us-east1-run.googleapis.com:443 "GET /apis/serving.knative.dev/v1/namespaces/greenday-6aba2/services/multi-service?alt=json HTTP/1.1" 200 None
2022-03-09 20:56:50,011 DEBUG    urllib3.connectionpool https://us-east1-run.googleapis.com:443 "GET /apis/serving.knative.dev/v1/namespaces/greenday-6aba2/services/multi-service?alt=json HTTP/1.1" 200 None
2022-03-09 20:56:50,225 DEBUG    urllib3.connectionpool https://us-east1-run.googleapis.com:443 "GET /apis/serving.knative.dev/v1/namespaces/greenday-6aba2/services/multi-service?alt=json HTTP/1.1" 200 None
2022-03-09 20:56:50,231 INFO     ___FILE_ONLY___ Service [[1mmulti-service[m] revision [[1mmulti-service-00086-mov[m] has been deployed and is serving [1m100[m percent of traffic.
Service URL: [1mhttps://multi-service-gkv32wdswa-ue.a.run.app[m

2022-03-09 20:56:50,232 INFO     root            Display format: "none"
