2022-03-26 15:07:09,778 DEBUG    root            Loaded Command Group: ['gcloud', 'builds']
2022-03-26 15:07:09,788 DEBUG    root            Loaded Command Group: ['gcloud', 'builds', 'submit']
2022-03-26 15:07:09,795 DEBUG    root            Running [gcloud.builds.submit] with arguments: [--substitutions: "OrderedDict([('_MODEL_NAME', 'material-analyzer'), ('_DOCKERFOLDER', 'automl-vision-cpu-1.14.0'), ('_GCS_MODEL_PATH', 'gs://greenday-taco-ai/model-export/iod/tf_saved_model-taco_20220325070838-2022-03-26T21:38:37.487016Z'), ('_GCP_REGION', 'us-east1')])"]
2022-03-26 15:07:09,816 DEBUG    urllib3.connectionpool Starting new HTTPS connection (1): storage.googleapis.com:443
2022-03-26 15:07:10,033 DEBUG    urllib3.connectionpool https://storage.googleapis.com:443 "GET /storage/v1/b/greenday-6aba2_cloudbuild?alt=json HTTP/1.1" 200 648
2022-03-26 15:07:10,207 DEBUG    urllib3.connectionpool https://storage.googleapis.com:443 "GET /storage/v1/b?alt=json&maxResults=1000&prefix=greenday-6aba2_cloudbuild&project=greenday-6aba2 HTTP/1.1" 200 794
2022-03-26 15:07:10,311 INFO     root            Not using ignore file.
2022-03-26 15:07:10,312 INFO     ___FILE_ONLY___ Creating temporary tarball archive of 5 file(s) totalling 3.0 KiB before compression.

2022-03-26 15:07:10,315 DEBUG    root            Added dir [automl-vision-cpu-1.14.0]
2022-03-26 15:07:10,316 DEBUG    root            Added dir [automl-vision-cpu-1.12.0]
2022-03-26 15:07:10,316 DEBUG    root            Added [cloudbuild.yaml]
2022-03-26 15:07:10,317 DEBUG    root            Added [README.md]
2022-03-26 15:07:10,318 DEBUG    root            Added [deploy.sh]
2022-03-26 15:07:10,319 DEBUG    root            Added [automl-vision-cpu-1.14.0/Dockerfile]
2022-03-26 15:07:10,319 DEBUG    root            Added [automl-vision-cpu-1.12.0/Dockerfile]
2022-03-26 15:07:10,320 INFO     ___FILE_ONLY___ Uploading tarball of [.] to [gs://greenday-6aba2_cloudbuild/source/1648332429.810766-eaed65b531574221bbb55ba191fb78ab.tgz]

2022-03-26 15:07:10,325 INFO     root            Uploading [/var/folders/s5/kqdr94n90p92sn2jtby_q0rh0000gn/T/tmpx7i4utdz/file.tgz] to [greenday-6aba2_cloudbuild/source/1648332429.810766-eaed65b531574221bbb55ba191fb78ab.tgz]
2022-03-26 15:07:10,511 DEBUG    urllib3.connectionpool https://storage.googleapis.com:443 "POST /upload/storage/v1/b/greenday-6aba2_cloudbuild/o?alt=json&name=source%2F1648332429.810766-eaed65b531574221bbb55ba191fb78ab.tgz&uploadType=multipart HTTP/1.1" 200 998
2022-03-26 15:07:10,513 DEBUG    root            submitting build: <Build
 images: ['eu.gcr.io/${PROJECT_ID}/cloud-run/${_MODEL_NAME}']
 secrets: []
 source: <Source
 storageSource: <StorageSource
 bucket: 'greenday-6aba2_cloudbuild'
 generation: 1648332430470652
 object: 'source/1648332429.810766-eaed65b531574221bbb55ba191fb78ab.tgz'>>
 steps: [<BuildStep
 args: ['cp', '${_GCS_MODEL_PATH}/*', '${_DOCKERFOLDER}/']
 env: []
 name: 'gcr.io/cloud-builders/gsutil'
 secretEnv: []
 volumes: []
 waitFor: []>, <BuildStep
 args: ['build', '-t', 'eu.gcr.io/${PROJECT_ID}/cloud-run/${_MODEL_NAME}:${_VERSION}', '${_DOCKERFOLDER}']
 env: []
 name: 'gcr.io/cloud-builders/docker'
 secretEnv: []
 volumes: []
 waitFor: []>, <BuildStep
 args: ['push', 'eu.gcr.io/${PROJECT_ID}/cloud-run/${_MODEL_NAME}:${_VERSION}']
 env: []
 name: 'gcr.io/cloud-builders/docker'
 secretEnv: []
 volumes: []
 waitFor: []>, <BuildStep
 args: ['run', 'deploy', '${_MODEL_NAME}', '--image', 'eu.gcr.io/${PROJECT_ID}/cloud-run/${_MODEL_NAME}:${_VERSION}', '--port', '8501', '--no-allow-unauthenticated', '--timeout', '${_TIMEOUT}', '--memory', '${_MEMORY}', '--max-instances', '${_MAX_INSTANCES}', '--service-account', 'greenday-6aba2@appspot.gserviceaccount.com', '--region', '${_GCP_REGION}', '--platform', 'managed']
 env: []
 name: 'gcr.io/cloud-builders/gcloud-slim'
 secretEnv: []
 volumes: []
 waitFor: []>]
 substitutions: <SubstitutionsValue
 additionalProperties: [<AdditionalProperty
 key: '_DOCKERFOLDER'
 value: 'automl-vision-cpu-1.14.0'>, <AdditionalProperty
 key: '_GCP_REGION'
 value: 'us-east1'>, <AdditionalProperty
 key: '_GCS_MODEL_PATH'
 value: 'gs://greenday-taco-ai/model-export/iod/tf_saved_model-taco_20220325070838-2022-03-26T21:38:37.487016Z'>, <AdditionalProperty
 key: '_MAX_INSTANCES'
 value: '10'>, <AdditionalProperty
 key: '_MEMORY'
 value: '1Gi'>, <AdditionalProperty
 key: '_MODEL_NAME'
 value: 'material-analyzer'>, <AdditionalProperty
 key: '_TIMEOUT'
 value: '60'>, <AdditionalProperty
 key: '_VERSION'
 value: 'latest'>]>
 tags: []
 warnings: []>
2022-03-26 15:07:10,522 DEBUG    urllib3.connectionpool Starting new HTTPS connection (1): cloudbuild.googleapis.com:443
2022-03-26 15:07:11,529 DEBUG    urllib3.connectionpool https://cloudbuild.googleapis.com:443 "POST /v1/projects/greenday-6aba2/locations/global/builds?alt=json HTTP/1.1" 200 None
2022-03-26 15:07:11,543 INFO     ___FILE_ONLY___ Created [https://cloudbuild.googleapis.com/v1/projects/greenday-6aba2/locations/global/builds/ee188263-328b-45b8-ba85-e9e1b81c7ea0].

2022-03-26 15:07:11,543 INFO     ___FILE_ONLY___ Logs are available at [https://console.cloud.google.com/cloud-build/builds/ee188263-328b-45b8-ba85-e9e1b81c7ea0?project=15765189134].

2022-03-26 15:07:11,936 DEBUG    urllib3.connectionpool https://cloudbuild.googleapis.com:443 "GET /v1/projects/greenday-6aba2/locations/global/builds/ee188263-328b-45b8-ba85-e9e1b81c7ea0?alt=json HTTP/1.1" 200 None
2022-03-26 15:07:11,946 DEBUG    root            GCS logfile url is https://storage.googleapis.com/15765189134.cloudbuild-logs.googleusercontent.com/log-ee188263-328b-45b8-ba85-e9e1b81c7ea0.txt
2022-03-26 15:07:11,952 DEBUG    urllib3.connectionpool Starting new HTTPS connection (1): storage.googleapis.com:443
2022-03-26 15:07:12,159 DEBUG    urllib3.connectionpool https://storage.googleapis.com:443 "GET /15765189134.cloudbuild-logs.googleusercontent.com/log-ee188263-328b-45b8-ba85-e9e1b81c7ea0.txt HTTP/1.1" 416 164
2022-03-26 15:07:12,161 DEBUG    root            Reading GCS logfile: 416 (no new content; keep polling)
2022-03-26 15:07:12,250 DEBUG    urllib3.connectionpool https://cloudbuild.googleapis.com:443 "GET /v1/projects/greenday-6aba2/locations/global/builds/ee188263-328b-45b8-ba85-e9e1b81c7ea0?alt=json HTTP/1.1" 200 None
2022-03-26 15:07:13,305 DEBUG    urllib3.connectionpool https://storage.googleapis.com:443 "GET /15765189134.cloudbuild-logs.googleusercontent.com/log-ee188263-328b-45b8-ba85-e9e1b81c7ea0.txt HTTP/1.1" 416 164
2022-03-26 15:07:13,306 DEBUG    root            Reading GCS logfile: 416 (no new content; keep polling)
2022-03-26 15:07:13,432 DEBUG    urllib3.connectionpool https://cloudbuild.googleapis.com:443 "GET /v1/projects/greenday-6aba2/locations/global/builds/ee188263-328b-45b8-ba85-e9e1b81c7ea0?alt=json HTTP/1.1" 200 None
2022-03-26 15:07:14,466 DEBUG    urllib3.connectionpool https://storage.googleapis.com:443 "GET /15765189134.cloudbuild-logs.googleusercontent.com/log-ee188263-328b-45b8-ba85-e9e1b81c7ea0.txt HTTP/1.1" 206 202
2022-03-26 15:07:14,468 DEBUG    root            Reading GCS logfile: 206 (read 202 bytes)
2022-03-26 15:07:14,468 INFO     ___FILE_ONLY___ ---------------------------------------------------- REMOTE BUILD OUTPUT -----------------------------------------------------

2022-03-26 15:07:14,469 INFO     ___FILE_ONLY___ starting build "ee188263-328b-45b8-ba85-e9e1b81c7ea0"

FETCHSOURCE
Fetching storage object: gs://greenday-6aba2_cloudbuild/source/1648332429.810766-eaed65b531574221bbb55ba191fb78ab.tgz#1648332430470652

2022-03-26 15:07:14,555 DEBUG    urllib3.connectionpool https://cloudbuild.googleapis.com:443 "GET /v1/projects/greenday-6aba2/locations/global/builds/ee188263-328b-45b8-ba85-e9e1b81c7ea0?alt=json HTTP/1.1" 200 None
2022-03-26 15:07:15,642 DEBUG    urllib3.connectionpool https://storage.googleapis.com:443 "GET /15765189134.cloudbuild-logs.googleusercontent.com/log-ee188263-328b-45b8-ba85-e9e1b81c7ea0.txt HTTP/1.1" 206 366
2022-03-26 15:07:15,643 DEBUG    root            Reading GCS logfile: 206 (read 366 bytes)
2022-03-26 15:07:15,644 INFO     ___FILE_ONLY___ Copying gs://greenday-6aba2_cloudbuild/source/1648332429.810766-eaed65b531574221bbb55ba191fb78ab.tgz#1648332430470652...
/ [0 files][    0.0 B/  1.6 KiB]                                                / [1 files][  1.6 KiB/  1.6 KiB]                                                
Operation completed over 1 objects/1.6 KiB.

2022-03-26 15:07:15,663 DEBUG    urllib3.connectionpool https://cloudbuild.googleapis.com:443 "GET /v1/projects/greenday-6aba2/locations/global/builds/ee188263-328b-45b8-ba85-e9e1b81c7ea0?alt=json HTTP/1.1" 200 None
2022-03-26 15:07:16,765 DEBUG    urllib3.connectionpool https://storage.googleapis.com:443 "GET /15765189134.cloudbuild-logs.googleusercontent.com/log-ee188263-328b-45b8-ba85-e9e1b81c7ea0.txt HTTP/1.1" 206 6
2022-03-26 15:07:16,766 DEBUG    root            Reading GCS logfile: 206 (read 6 bytes)
2022-03-26 15:07:16,766 INFO     ___FILE_ONLY___ BUILD

2022-03-26 15:07:16,973 DEBUG    urllib3.connectionpool https://cloudbuild.googleapis.com:443 "GET /v1/projects/greenday-6aba2/locations/global/builds/ee188263-328b-45b8-ba85-e9e1b81c7ea0?alt=json HTTP/1.1" 200 None
2022-03-26 15:07:17,918 DEBUG    urllib3.connectionpool https://storage.googleapis.com:443 "GET /15765189134.cloudbuild-logs.googleusercontent.com/log-ee188263-328b-45b8-ba85-e9e1b81c7ea0.txt HTTP/1.1" 206 89
2022-03-26 15:07:17,920 DEBUG    root            Reading GCS logfile: 206 (read 89 bytes)
2022-03-26 15:07:17,921 INFO     ___FILE_ONLY___ Starting Step #0
Step #0: Already have image (with digest): gcr.io/cloud-builders/gsutil

2022-03-26 15:07:18,490 DEBUG    urllib3.connectionpool https://cloudbuild.googleapis.com:443 "GET /v1/projects/greenday-6aba2/locations/global/builds/ee188263-328b-45b8-ba85-e9e1b81c7ea0?alt=json HTTP/1.1" 200 None
2022-03-26 15:07:19,093 DEBUG    urllib3.connectionpool https://storage.googleapis.com:443 "GET /15765189134.cloudbuild-logs.googleusercontent.com/log-ee188263-328b-45b8-ba85-e9e1b81c7ea0.txt HTTP/1.1" 416 166
2022-03-26 15:07:19,095 DEBUG    root            Reading GCS logfile: 416 (no new content; keep polling)
2022-03-26 15:07:19,818 DEBUG    urllib3.connectionpool https://cloudbuild.googleapis.com:443 "GET /v1/projects/greenday-6aba2/locations/global/builds/ee188263-328b-45b8-ba85-e9e1b81c7ea0?alt=json HTTP/1.1" 200 None
2022-03-26 15:07:20,292 DEBUG    urllib3.connectionpool https://storage.googleapis.com:443 "GET /15765189134.cloudbuild-logs.googleusercontent.com/log-ee188263-328b-45b8-ba85-e9e1b81c7ea0.txt HTTP/1.1" 206 402
2022-03-26 15:07:20,294 DEBUG    root            Reading GCS logfile: 206 (read 402 bytes)
2022-03-26 15:07:20,295 INFO     ___FILE_ONLY___ Step #0: Copying gs://greenday-taco-ai/model-export/iod/tf_saved_model-taco_20220325070838-2022-03-26T21:38:37.487016Z/saved_model.pb...
Step #0: / [0 files][    0.0 B/ 11.0 MiB]                                                / [1 files][ 11.0 MiB/ 11.0 MiB]                                                -
Step #0: Operation completed over 1 objects/11.0 MiB.

2022-03-26 15:07:20,971 DEBUG    urllib3.connectionpool https://cloudbuild.googleapis.com:443 "GET /v1/projects/greenday-6aba2/locations/global/builds/ee188263-328b-45b8-ba85-e9e1b81c7ea0?alt=json HTTP/1.1" 200 None
2022-03-26 15:07:21,441 DEBUG    urllib3.connectionpool https://storage.googleapis.com:443 "GET /15765189134.cloudbuild-logs.googleusercontent.com/log-ee188263-328b-45b8-ba85-e9e1b81c7ea0.txt HTTP/1.1" 206 258
2022-03-26 15:07:21,443 DEBUG    root            Reading GCS logfile: 206 (read 258 bytes)
2022-03-26 15:07:21,443 INFO     ___FILE_ONLY___ Finished Step #0
Starting Step #1
Step #1: Already have image (with digest): gcr.io/cloud-builders/docker
Step #1: Sending build context to Docker daemon  11.49MB
Step #1: Step 1/3 : FROM gcr.io/cloud-devrel-public-resources/gcloud-container-1.14.0:latest

2022-03-26 15:07:22,098 DEBUG    urllib3.connectionpool https://cloudbuild.googleapis.com:443 "GET /v1/projects/greenday-6aba2/locations/global/builds/ee188263-328b-45b8-ba85-e9e1b81c7ea0?alt=json HTTP/1.1" 200 None
2022-03-26 15:07:22,605 DEBUG    urllib3.connectionpool https://storage.googleapis.com:443 "GET /15765189134.cloudbuild-logs.googleusercontent.com/log-ee188263-328b-45b8-ba85-e9e1b81c7ea0.txt HTTP/1.1" 206 1223
2022-03-26 15:07:22,608 DEBUG    root            Reading GCS logfile: 206 (read 1223 bytes)
2022-03-26 15:07:22,608 INFO     ___FILE_ONLY___ Step #1: latest: Pulling from cloud-devrel-public-resources/gcloud-container-1.14.0
Step #1: 5b7339215d1d: Pulling fs layer
Step #1: 14ca88e9f672: Pulling fs layer
Step #1: a31c3b1caad4: Pulling fs layer
Step #1: b054a26005b7: Pulling fs layer
Step #1: ea2f76a48494: Pulling fs layer
Step #1: 096d79dc1d76: Pulling fs layer
Step #1: f5a9cc9ce8fa: Pulling fs layer
Step #1: cd7f51a0ae8e: Pulling fs layer
Step #1: b054a26005b7: Waiting
Step #1: ea2f76a48494: Waiting
Step #1: 096d79dc1d76: Waiting
Step #1: f5a9cc9ce8fa: Waiting
Step #1: cd7f51a0ae8e: Waiting
Step #1: a31c3b1caad4: Verifying Checksum
Step #1: a31c3b1caad4: Download complete
Step #1: 14ca88e9f672: Verifying Checksum
Step #1: 14ca88e9f672: Download complete
Step #1: b054a26005b7: Verifying Checksum
Step #1: b054a26005b7: Download complete
Step #1: ea2f76a48494: Verifying Checksum
Step #1: ea2f76a48494: Download complete
Step #1: f5a9cc9ce8fa: Verifying Checksum
Step #1: f5a9cc9ce8fa: Download complete
Step #1: cd7f51a0ae8e: Verifying Checksum
Step #1: cd7f51a0ae8e: Download complete
Step #1: 5b7339215d1d: Verifying Checksum
Step #1: 5b7339215d1d: Download complete
Step #1: 096d79dc1d76: Verifying Checksum
Step #1: 096d79dc1d76: Download complete

2022-03-26 15:07:23,610 DEBUG    urllib3.connectionpool https://cloudbuild.googleapis.com:443 "GET /v1/projects/greenday-6aba2/locations/global/builds/ee188263-328b-45b8-ba85-e9e1b81c7ea0?alt=json HTTP/1.1" 200 None
2022-03-26 15:07:23,794 DEBUG    urllib3.connectionpool https://storage.googleapis.com:443 "GET /15765189134.cloudbuild-logs.googleusercontent.com/log-ee188263-328b-45b8-ba85-e9e1b81c7ea0.txt HTTP/1.1" 206 185
2022-03-26 15:07:23,797 DEBUG    root            Reading GCS logfile: 206 (read 185 bytes)
2022-03-26 15:07:23,797 INFO     ___FILE_ONLY___ Step #1: 5b7339215d1d: Pull complete
Step #1: 14ca88e9f672: Pull complete
Step #1: a31c3b1caad4: Pull complete
Step #1: b054a26005b7: Pull complete
Step #1: ea2f76a48494: Pull complete

2022-03-26 15:07:24,935 DEBUG    urllib3.connectionpool https://cloudbuild.googleapis.com:443 "GET /v1/projects/greenday-6aba2/locations/global/builds/ee188263-328b-45b8-ba85-e9e1b81c7ea0?alt=json HTTP/1.1" 200 None
2022-03-26 15:07:24,948 DEBUG    urllib3.connectionpool https://storage.googleapis.com:443 "GET /15765189134.cloudbuild-logs.googleusercontent.com/log-ee188263-328b-45b8-ba85-e9e1b81c7ea0.txt HTTP/1.1" 416 167
2022-03-26 15:07:24,949 DEBUG    root            Reading GCS logfile: 416 (no new content; keep polling)
2022-03-26 15:07:26,112 DEBUG    urllib3.connectionpool https://storage.googleapis.com:443 "GET /15765189134.cloudbuild-logs.googleusercontent.com/log-ee188263-328b-45b8-ba85-e9e1b81c7ea0.txt HTTP/1.1" 206 398
2022-03-26 15:07:26,113 DEBUG    root            Reading GCS logfile: 206 (read 398 bytes)
2022-03-26 15:07:26,113 INFO     ___FILE_ONLY___ Step #1: 096d79dc1d76: Pull complete
Step #1: f5a9cc9ce8fa: Pull complete
Step #1: cd7f51a0ae8e: Pull complete
Step #1: Digest: sha256:f7121feb57eadc36ff1eb959d17a2c484f4dd0be6c2b679fdcb781f3d8e5d87b
Step #1: Status: Downloaded newer image for gcr.io/cloud-devrel-public-resources/gcloud-container-1.14.0:latest
Step #1:  ---> 797d86682860
Step #1: Step 2/3 : RUN mkdir -p /tmp/mounted_model/0001/

2022-03-26 15:07:26,245 DEBUG    urllib3.connectionpool https://cloudbuild.googleapis.com:443 "GET /v1/projects/greenday-6aba2/locations/global/builds/ee188263-328b-45b8-ba85-e9e1b81c7ea0?alt=json HTTP/1.1" 200 None
2022-03-26 15:07:27,281 DEBUG    urllib3.connectionpool https://storage.googleapis.com:443 "GET /15765189134.cloudbuild-logs.googleusercontent.com/log-ee188263-328b-45b8-ba85-e9e1b81c7ea0.txt HTTP/1.1" 416 167
2022-03-26 15:07:27,281 DEBUG    root            Reading GCS logfile: 416 (no new content; keep polling)
2022-03-26 15:07:27,387 DEBUG    urllib3.connectionpool https://cloudbuild.googleapis.com:443 "GET /v1/projects/greenday-6aba2/locations/global/builds/ee188263-328b-45b8-ba85-e9e1b81c7ea0?alt=json HTTP/1.1" 200 None
2022-03-26 15:07:28,439 DEBUG    urllib3.connectionpool https://storage.googleapis.com:443 "GET /15765189134.cloudbuild-logs.googleusercontent.com/log-ee188263-328b-45b8-ba85-e9e1b81c7ea0.txt HTTP/1.1" 206 186
2022-03-26 15:07:28,441 DEBUG    root            Reading GCS logfile: 206 (read 186 bytes)
2022-03-26 15:07:28,441 INFO     ___FILE_ONLY___ Step #1:  ---> Running in 6e77bfeedfda
Step #1: Removing intermediate container 6e77bfeedfda
Step #1:  ---> d259b416dd8e
Step #1: Step 3/3 : COPY saved_model.pb /tmp/mounted_model/0001/

2022-03-26 15:07:28,731 DEBUG    urllib3.connectionpool https://cloudbuild.googleapis.com:443 "GET /v1/projects/greenday-6aba2/locations/global/builds/ee188263-328b-45b8-ba85-e9e1b81c7ea0?alt=json HTTP/1.1" 200 None
2022-03-26 15:07:29,615 DEBUG    urllib3.connectionpool https://storage.googleapis.com:443 "GET /15765189134.cloudbuild-logs.googleusercontent.com/log-ee188263-328b-45b8-ba85-e9e1b81c7ea0.txt HTTP/1.1" 206 843
2022-03-26 15:07:29,617 DEBUG    root            Reading GCS logfile: 206 (read 843 bytes)
2022-03-26 15:07:29,618 INFO     ___FILE_ONLY___ Step #1:  ---> 2fe6ea1ed8a5
Step #1: Successfully built 2fe6ea1ed8a5
Step #1: Successfully tagged eu.gcr.io/greenday-6aba2/cloud-run/material-analyzer:latest
Finished Step #1
Starting Step #2
Step #2: Already have image (with digest): gcr.io/cloud-builders/docker
Step #2: The push refers to repository [eu.gcr.io/greenday-6aba2/cloud-run/material-analyzer]
Step #2: e619b4587e6a: Preparing
Step #2: e448adda2d64: Preparing
Step #2: a95d51b4c233: Preparing
Step #2: 4fb4eb56c558: Preparing
Step #2: 523337b7ba9c: Preparing
Step #2: 9c645fe38b9e: Preparing
Step #2: 75e70aa52609: Preparing
Step #2: dda151859818: Preparing
Step #2: fbd2732ad777: Preparing
Step #2: ba9de9d8475e: Preparing
Step #2: 9c645fe38b9e: Waiting
Step #2: 75e70aa52609: Waiting
Step #2: dda151859818: Waiting
Step #2: fbd2732ad777: Waiting
Step #2: ba9de9d8475e: Waiting

2022-03-26 15:07:29,856 DEBUG    urllib3.connectionpool https://cloudbuild.googleapis.com:443 "GET /v1/projects/greenday-6aba2/locations/global/builds/ee188263-328b-45b8-ba85-e9e1b81c7ea0?alt=json HTTP/1.1" 200 None
2022-03-26 15:07:30,789 DEBUG    urllib3.connectionpool https://storage.googleapis.com:443 "GET /15765189134.cloudbuild-logs.googleusercontent.com/log-ee188263-328b-45b8-ba85-e9e1b81c7ea0.txt HTTP/1.1" 416 167
2022-03-26 15:07:30,791 DEBUG    root            Reading GCS logfile: 416 (no new content; keep polling)
2022-03-26 15:07:31,190 DEBUG    urllib3.connectionpool https://cloudbuild.googleapis.com:443 "GET /v1/projects/greenday-6aba2/locations/global/builds/ee188263-328b-45b8-ba85-e9e1b81c7ea0?alt=json HTTP/1.1" 200 None
2022-03-26 15:07:31,910 DEBUG    urllib3.connectionpool https://storage.googleapis.com:443 "GET /15765189134.cloudbuild-logs.googleusercontent.com/log-ee188263-328b-45b8-ba85-e9e1b81c7ea0.txt HTTP/1.1" 416 167
2022-03-26 15:07:31,912 DEBUG    root            Reading GCS logfile: 416 (no new content; keep polling)
2022-03-26 15:07:32,325 DEBUG    urllib3.connectionpool https://cloudbuild.googleapis.com:443 "GET /v1/projects/greenday-6aba2/locations/global/builds/ee188263-328b-45b8-ba85-e9e1b81c7ea0?alt=json HTTP/1.1" 200 None
2022-03-26 15:07:33,094 DEBUG    urllib3.connectionpool https://storage.googleapis.com:443 "GET /15765189134.cloudbuild-logs.googleusercontent.com/log-ee188263-328b-45b8-ba85-e9e1b81c7ea0.txt HTTP/1.1" 206 90
2022-03-26 15:07:33,096 DEBUG    root            Reading GCS logfile: 206 (read 90 bytes)
2022-03-26 15:07:33,096 INFO     ___FILE_ONLY___ Step #2: e448adda2d64: Pushed
Step #2: a95d51b4c233: Pushed
Step #2: 4fb4eb56c558: Pushed

2022-03-26 15:07:33,641 DEBUG    urllib3.connectionpool https://cloudbuild.googleapis.com:443 "GET /v1/projects/greenday-6aba2/locations/global/builds/ee188263-328b-45b8-ba85-e9e1b81c7ea0?alt=json HTTP/1.1" 200 None
2022-03-26 15:07:34,276 DEBUG    urllib3.connectionpool https://storage.googleapis.com:443 "GET /15765189134.cloudbuild-logs.googleusercontent.com/log-ee188263-328b-45b8-ba85-e9e1b81c7ea0.txt HTTP/1.1" 206 206
2022-03-26 15:07:34,278 DEBUG    root            Reading GCS logfile: 206 (read 206 bytes)
2022-03-26 15:07:34,279 INFO     ___FILE_ONLY___ Step #2: 75e70aa52609: Layer already exists
Step #2: dda151859818: Layer already exists
Step #2: ba9de9d8475e: Layer already exists
Step #2: fbd2732ad777: Layer already exists
Step #2: e619b4587e6a: Pushed

2022-03-26 15:07:35,080 DEBUG    urllib3.connectionpool https://cloudbuild.googleapis.com:443 "GET /v1/projects/greenday-6aba2/locations/global/builds/ee188263-328b-45b8-ba85-e9e1b81c7ea0?alt=json HTTP/1.1" 200 None
2022-03-26 15:07:35,400 DEBUG    urllib3.connectionpool https://storage.googleapis.com:443 "GET /15765189134.cloudbuild-logs.googleusercontent.com/log-ee188263-328b-45b8-ba85-e9e1b81c7ea0.txt HTTP/1.1" 416 167
2022-03-26 15:07:35,402 DEBUG    root            Reading GCS logfile: 416 (no new content; keep polling)
2022-03-26 15:07:36,420 DEBUG    urllib3.connectionpool https://cloudbuild.googleapis.com:443 "GET /v1/projects/greenday-6aba2/locations/global/builds/ee188263-328b-45b8-ba85-e9e1b81c7ea0?alt=json HTTP/1.1" 200 None
2022-03-26 15:07:36,575 DEBUG    urllib3.connectionpool https://storage.googleapis.com:443 "GET /15765189134.cloudbuild-logs.googleusercontent.com/log-ee188263-328b-45b8-ba85-e9e1b81c7ea0.txt HTTP/1.1" 206 30
2022-03-26 15:07:36,577 DEBUG    root            Reading GCS logfile: 206 (read 30 bytes)
2022-03-26 15:07:36,577 INFO     ___FILE_ONLY___ Step #2: 9c645fe38b9e: Pushed

2022-03-26 15:07:37,584 DEBUG    urllib3.connectionpool https://cloudbuild.googleapis.com:443 "GET /v1/projects/greenday-6aba2/locations/global/builds/ee188263-328b-45b8-ba85-e9e1b81c7ea0?alt=json HTTP/1.1" 200 None
2022-03-26 15:07:37,746 DEBUG    urllib3.connectionpool https://storage.googleapis.com:443 "GET /15765189134.cloudbuild-logs.googleusercontent.com/log-ee188263-328b-45b8-ba85-e9e1b81c7ea0.txt HTTP/1.1" 416 167
2022-03-26 15:07:37,746 DEBUG    root            Reading GCS logfile: 416 (no new content; keep polling)
2022-03-26 15:07:38,703 DEBUG    urllib3.connectionpool https://cloudbuild.googleapis.com:443 "GET /v1/projects/greenday-6aba2/locations/global/builds/ee188263-328b-45b8-ba85-e9e1b81c7ea0?alt=json HTTP/1.1" 200 None
2022-03-26 15:07:38,926 DEBUG    urllib3.connectionpool https://storage.googleapis.com:443 "GET /15765189134.cloudbuild-logs.googleusercontent.com/log-ee188263-328b-45b8-ba85-e9e1b81c7ea0.txt HTTP/1.1" 206 30
2022-03-26 15:07:38,929 DEBUG    root            Reading GCS logfile: 206 (read 30 bytes)
2022-03-26 15:07:38,929 INFO     ___FILE_ONLY___ Step #2: 523337b7ba9c: Pushed

2022-03-26 15:07:40,022 DEBUG    urllib3.connectionpool https://cloudbuild.googleapis.com:443 "GET /v1/projects/greenday-6aba2/locations/global/builds/ee188263-328b-45b8-ba85-e9e1b81c7ea0?alt=json HTTP/1.1" 200 None
2022-03-26 15:07:40,069 DEBUG    urllib3.connectionpool https://storage.googleapis.com:443 "GET /15765189134.cloudbuild-logs.googleusercontent.com/log-ee188263-328b-45b8-ba85-e9e1b81c7ea0.txt HTTP/1.1" 416 167
2022-03-26 15:07:40,071 DEBUG    root            Reading GCS logfile: 416 (no new content; keep polling)
2022-03-26 15:07:41,167 DEBUG    urllib3.connectionpool https://cloudbuild.googleapis.com:443 "GET /v1/projects/greenday-6aba2/locations/global/builds/ee188263-328b-45b8-ba85-e9e1b81c7ea0?alt=json HTTP/1.1" 200 None
2022-03-26 15:07:41,180 DEBUG    urllib3.connectionpool https://storage.googleapis.com:443 "GET /15765189134.cloudbuild-logs.googleusercontent.com/log-ee188263-328b-45b8-ba85-e9e1b81c7ea0.txt HTTP/1.1" 416 167
2022-03-26 15:07:41,181 DEBUG    root            Reading GCS logfile: 416 (no new content; keep polling)
2022-03-26 15:07:42,306 DEBUG    urllib3.connectionpool https://cloudbuild.googleapis.com:443 "GET /v1/projects/greenday-6aba2/locations/global/builds/ee188263-328b-45b8-ba85-e9e1b81c7ea0?alt=json HTTP/1.1" 200 None
2022-03-26 15:07:42,349 DEBUG    urllib3.connectionpool https://storage.googleapis.com:443 "GET /15765189134.cloudbuild-logs.googleusercontent.com/log-ee188263-328b-45b8-ba85-e9e1b81c7ea0.txt HTTP/1.1" 206 219
2022-03-26 15:07:42,351 DEBUG    root            Reading GCS logfile: 206 (read 219 bytes)
2022-03-26 15:07:42,351 INFO     ___FILE_ONLY___ Step #2: latest: digest: sha256:c99610cc5044e85891e811e907ec3db8e974dfe5a53074a9273adf6a156f59d1 size: 2407
Finished Step #2
Starting Step #3
Step #3: Already have image (with digest): gcr.io/cloud-builders/gcloud-slim

2022-03-26 15:07:43,491 DEBUG    urllib3.connectionpool https://storage.googleapis.com:443 "GET /15765189134.cloudbuild-logs.googleusercontent.com/log-ee188263-328b-45b8-ba85-e9e1b81c7ea0.txt HTTP/1.1" 416 167
2022-03-26 15:07:43,493 DEBUG    root            Reading GCS logfile: 416 (no new content; keep polling)
2022-03-26 15:07:43,620 DEBUG    urllib3.connectionpool https://cloudbuild.googleapis.com:443 "GET /v1/projects/greenday-6aba2/locations/global/builds/ee188263-328b-45b8-ba85-e9e1b81c7ea0?alt=json HTTP/1.1" 200 None
2022-03-26 15:07:44,653 DEBUG    urllib3.connectionpool https://storage.googleapis.com:443 "GET /15765189134.cloudbuild-logs.googleusercontent.com/log-ee188263-328b-45b8-ba85-e9e1b81c7ea0.txt HTTP/1.1" 206 311
2022-03-26 15:07:44,655 DEBUG    root            Reading GCS logfile: 206 (read 311 bytes)
2022-03-26 15:07:44,655 INFO     ___FILE_ONLY___ Step #3: ERROR: (gcloud.run.deploy) PERMISSION_DENIED: Permission 'run.services.get' denied on resource 'namespaces/greenday-6aba2/services/material-analyzer' (or resource may not exist).
Finished Step #3
ERROR
ERROR: build step 3 "gcr.io/cloud-builders/gcloud-slim" failed: step exited with non-zero status: 1

2022-03-26 15:07:44,743 DEBUG    urllib3.connectionpool https://cloudbuild.googleapis.com:443 "GET /v1/projects/greenday-6aba2/locations/global/builds/ee188263-328b-45b8-ba85-e9e1b81c7ea0?alt=json HTTP/1.1" 200 None
2022-03-26 15:07:45,811 DEBUG    urllib3.connectionpool https://storage.googleapis.com:443 "GET /15765189134.cloudbuild-logs.googleusercontent.com/log-ee188263-328b-45b8-ba85-e9e1b81c7ea0.txt HTTP/1.1" 416 167
2022-03-26 15:07:45,812 DEBUG    root            Reading GCS logfile: 416 (no new content; keep polling)
2022-03-26 15:07:46,956 DEBUG    urllib3.connectionpool https://storage.googleapis.com:443 "GET /15765189134.cloudbuild-logs.googleusercontent.com/log-ee188263-328b-45b8-ba85-e9e1b81c7ea0.txt HTTP/1.1" 416 167
2022-03-26 15:07:46,957 DEBUG    root            Reading GCS logfile: 416 (no new content; keep polling)
2022-03-26 15:07:46,958 INFO     ___FILE_ONLY___ ------------------------------------------------------------------------------------------------------------------------------

2022-03-26 15:07:46,958 INFO     ___FILE_ONLY___ 
BUILD FAILURE: Build step failure: build step 3 "gcr.io/cloud-builders/gcloud-slim" failed: step exited with non-zero status: 1

2022-03-26 15:07:46,959 DEBUG    root            (gcloud.builds.submit) build ee188263-328b-45b8-ba85-e9e1b81c7ea0 completed with status "FAILURE"
Traceback (most recent call last):
  File "/Users/ankurahir/Documents/G-Cloud/google-cloud-sdk/lib/googlecloudsdk/calliope/cli.py", line 987, in Execute
    resources = calliope_command.Run(cli=self, args=args)
  File "/Users/ankurahir/Documents/G-Cloud/google-cloud-sdk/lib/googlecloudsdk/calliope/backend.py", line 809, in Run
    resources = command_instance.Run(args)
  File "/Users/ankurahir/Documents/G-Cloud/google-cloud-sdk/lib/surface/builds/submit.py", line 164, in Run
    build, _ = submit_util.Build(
  File "/Users/ankurahir/Documents/G-Cloud/google-cloud-sdk/lib/googlecloudsdk/command_lib/builds/submit_util.py", line 630, in Build
    raise FailedBuildException(build)
googlecloudsdk.command_lib.builds.submit_util.FailedBuildException: build ee188263-328b-45b8-ba85-e9e1b81c7ea0 completed with status "FAILURE"
2022-03-26 15:07:46,964 ERROR    root            (gcloud.builds.submit) build ee188263-328b-45b8-ba85-e9e1b81c7ea0 completed with status "FAILURE"
