2022-03-26 15:18:08,335 DEBUG    root            Loaded Command Group: ['gcloud', 'builds']
2022-03-26 15:18:08,348 DEBUG    root            Loaded Command Group: ['gcloud', 'builds', 'submit']
2022-03-26 15:18:08,354 DEBUG    root            Running [gcloud.builds.submit] with arguments: [--substitutions: "OrderedDict([('_MODEL_NAME', 'material-analyzer'), ('_DOCKERFOLDER', 'automl-vision-cpu-1.14.0'), ('_GCS_MODEL_PATH', 'gs://greenday-taco-ai/model-export/iod/tf_saved_model-taco_20220325070838-2022-03-26T21:38:37.487016Z'), ('_GCP_REGION', 'us-east1'), ('_MAX_INSTANCES', '1')])"]
2022-03-26 15:18:08,407 DEBUG    urllib3.connectionpool Starting new HTTPS connection (1): storage.googleapis.com:443
2022-03-26 15:18:08,661 DEBUG    urllib3.connectionpool https://storage.googleapis.com:443 "GET /storage/v1/b/greenday-6aba2_cloudbuild?alt=json HTTP/1.1" 200 648
2022-03-26 15:18:08,876 DEBUG    urllib3.connectionpool https://storage.googleapis.com:443 "GET /storage/v1/b?alt=json&maxResults=1000&prefix=greenday-6aba2_cloudbuild&project=greenday-6aba2 HTTP/1.1" 200 794
2022-03-26 15:18:08,882 INFO     root            Not using ignore file.
2022-03-26 15:18:08,883 INFO     ___FILE_ONLY___ Creating temporary tarball archive of 5 file(s) totalling 3.1 KiB before compression.

2022-03-26 15:18:08,888 DEBUG    root            Added dir [automl-vision-cpu-1.14.0]
2022-03-26 15:18:08,888 DEBUG    root            Added dir [automl-vision-cpu-1.12.0]
2022-03-26 15:18:08,889 DEBUG    root            Added [cloudbuild.yaml]
2022-03-26 15:18:08,889 DEBUG    root            Added [README.md]
2022-03-26 15:18:08,890 DEBUG    root            Added [deploy.sh]
2022-03-26 15:18:08,891 DEBUG    root            Added [automl-vision-cpu-1.14.0/Dockerfile]
2022-03-26 15:18:08,891 DEBUG    root            Added [automl-vision-cpu-1.12.0/Dockerfile]
2022-03-26 15:18:08,892 INFO     ___FILE_ONLY___ Uploading tarball of [.] to [gs://greenday-6aba2_cloudbuild/source/1648333088.377705-be5e1e9e2dee4fcea6c1b4861c95dcd9.tgz]

2022-03-26 15:18:08,896 INFO     root            Uploading [/var/folders/s5/kqdr94n90p92sn2jtby_q0rh0000gn/T/tmpzyprzrsw/file.tgz] to [greenday-6aba2_cloudbuild/source/1648333088.377705-be5e1e9e2dee4fcea6c1b4861c95dcd9.tgz]
2022-03-26 15:18:09,105 DEBUG    urllib3.connectionpool https://storage.googleapis.com:443 "POST /upload/storage/v1/b/greenday-6aba2_cloudbuild/o?alt=json&name=source%2F1648333088.377705-be5e1e9e2dee4fcea6c1b4861c95dcd9.tgz&uploadType=multipart HTTP/1.1" 200 998
2022-03-26 15:18:09,111 DEBUG    root            submitting build: <Build
 images: ['eu.gcr.io/${PROJECT_ID}/cloud-run/${_MODEL_NAME}']
 secrets: []
 source: <Source
 storageSource: <StorageSource
 bucket: 'greenday-6aba2_cloudbuild'
 generation: 1648333089062336
 object: 'source/1648333088.377705-be5e1e9e2dee4fcea6c1b4861c95dcd9.tgz'>>
 steps: [<BuildStep
 args: ['cp', '${_GCS_MODEL_PATH}/*', '${_DOCKERFOLDER}/']
 env: []
 name: 'gcr.io/cloud-builders/gsutil'
 secretEnv: []
 volumes: []
 waitFor: []>, <BuildStep
 args: ['build', '-t', 'eu.gcr.io/${PROJECT_ID}/cloud-run/${_MODEL_NAME}:${_VERSION}', '${_DOCKERFOLDER}']
 env: []
 name: 'gcr.io/cloud-builders/docker'
 secretEnv: []
 volumes: []
 waitFor: []>, <BuildStep
 args: ['push', 'eu.gcr.io/${PROJECT_ID}/cloud-run/${_MODEL_NAME}:${_VERSION}']
 env: []
 name: 'gcr.io/cloud-builders/docker'
 secretEnv: []
 volumes: []
 waitFor: []>, <BuildStep
 args: ['run', 'deploy', '${_MODEL_NAME}', '--image', 'eu.gcr.io/${PROJECT_ID}/cloud-run/${_MODEL_NAME}:${_VERSION}', '--port', '8501', '--no-allow-unauthenticated', '--timeout', '${_TIMEOUT}', '--memory', '${_MEMORY}', '--max-instances', '${_MAX_INSTANCES}', '--service-account', 'cloud-run-service-account@greenday-6aba2.iam.gserviceaccount.com', '--region', '${_GCP_REGION}', '--platform', 'managed']
 env: []
 name: 'gcr.io/cloud-builders/gcloud-slim'
 secretEnv: []
 volumes: []
 waitFor: []>]
 substitutions: <SubstitutionsValue
 additionalProperties: [<AdditionalProperty
 key: '_DOCKERFOLDER'
 value: 'automl-vision-cpu-1.14.0'>, <AdditionalProperty
 key: '_GCP_REGION'
 value: 'us-east1'>, <AdditionalProperty
 key: '_GCS_MODEL_PATH'
 value: 'gs://greenday-taco-ai/model-export/iod/tf_saved_model-taco_20220325070838-2022-03-26T21:38:37.487016Z'>, <AdditionalProperty
 key: '_MAX_INSTANCES'
 value: '1'>, <AdditionalProperty
 key: '_MEMORY'
 value: '1Gi'>, <AdditionalProperty
 key: '_MODEL_NAME'
 value: 'material-analyzer'>, <AdditionalProperty
 key: '_TIMEOUT'
 value: '60'>, <AdditionalProperty
 key: '_VERSION'
 value: 'latest'>]>
 tags: []
 warnings: []>
2022-03-26 15:18:09,203 DEBUG    urllib3.connectionpool Starting new HTTPS connection (1): cloudbuild.googleapis.com:443
2022-03-26 15:18:10,368 DEBUG    urllib3.connectionpool https://cloudbuild.googleapis.com:443 "POST /v1/projects/greenday-6aba2/locations/global/builds?alt=json HTTP/1.1" 200 None
2022-03-26 15:18:10,383 INFO     ___FILE_ONLY___ Created [https://cloudbuild.googleapis.com/v1/projects/greenday-6aba2/locations/global/builds/7651b9a7-d140-4863-b7ae-51d97731b0c7].

2022-03-26 15:18:10,383 INFO     ___FILE_ONLY___ Logs are available at [https://console.cloud.google.com/cloud-build/builds/7651b9a7-d140-4863-b7ae-51d97731b0c7?project=15765189134].

2022-03-26 15:18:10,774 DEBUG    urllib3.connectionpool https://cloudbuild.googleapis.com:443 "GET /v1/projects/greenday-6aba2/locations/global/builds/7651b9a7-d140-4863-b7ae-51d97731b0c7?alt=json HTTP/1.1" 200 None
2022-03-26 15:18:10,783 DEBUG    root            GCS logfile url is https://storage.googleapis.com/15765189134.cloudbuild-logs.googleusercontent.com/log-7651b9a7-d140-4863-b7ae-51d97731b0c7.txt
2022-03-26 15:18:10,788 DEBUG    urllib3.connectionpool Starting new HTTPS connection (1): storage.googleapis.com:443
2022-03-26 15:18:11,019 DEBUG    urllib3.connectionpool https://storage.googleapis.com:443 "GET /15765189134.cloudbuild-logs.googleusercontent.com/log-7651b9a7-d140-4863-b7ae-51d97731b0c7.txt HTTP/1.1" 404 256
2022-03-26 15:18:11,021 DEBUG    root            Reading GCS logfile: 404 (no log yet; keep polling)
2022-03-26 15:18:11,116 DEBUG    urllib3.connectionpool https://cloudbuild.googleapis.com:443 "GET /v1/projects/greenday-6aba2/locations/global/builds/7651b9a7-d140-4863-b7ae-51d97731b0c7?alt=json HTTP/1.1" 200 None
2022-03-26 15:18:12,140 DEBUG    urllib3.connectionpool https://storage.googleapis.com:443 "GET /15765189134.cloudbuild-logs.googleusercontent.com/log-7651b9a7-d140-4863-b7ae-51d97731b0c7.txt HTTP/1.1" 416 164
2022-03-26 15:18:12,142 DEBUG    root            Reading GCS logfile: 416 (no new content; keep polling)
2022-03-26 15:18:12,422 DEBUG    urllib3.connectionpool https://cloudbuild.googleapis.com:443 "GET /v1/projects/greenday-6aba2/locations/global/builds/7651b9a7-d140-4863-b7ae-51d97731b0c7?alt=json HTTP/1.1" 200 None
2022-03-26 15:18:13,304 DEBUG    urllib3.connectionpool https://storage.googleapis.com:443 "GET /15765189134.cloudbuild-logs.googleusercontent.com/log-7651b9a7-d140-4863-b7ae-51d97731b0c7.txt HTTP/1.1" 206 202
2022-03-26 15:18:13,305 DEBUG    root            Reading GCS logfile: 206 (read 202 bytes)
2022-03-26 15:18:13,305 INFO     ___FILE_ONLY___ ---------------------------------------------------- REMOTE BUILD OUTPUT -----------------------------------------------------

2022-03-26 15:18:13,305 INFO     ___FILE_ONLY___ starting build "7651b9a7-d140-4863-b7ae-51d97731b0c7"

FETCHSOURCE
Fetching storage object: gs://greenday-6aba2_cloudbuild/source/1648333088.377705-be5e1e9e2dee4fcea6c1b4861c95dcd9.tgz#1648333089062336

2022-03-26 15:18:13,847 DEBUG    urllib3.connectionpool https://cloudbuild.googleapis.com:443 "GET /v1/projects/greenday-6aba2/locations/global/builds/7651b9a7-d140-4863-b7ae-51d97731b0c7?alt=json HTTP/1.1" 200 None
2022-03-26 15:18:14,514 DEBUG    urllib3.connectionpool https://storage.googleapis.com:443 "GET /15765189134.cloudbuild-logs.googleusercontent.com/log-7651b9a7-d140-4863-b7ae-51d97731b0c7.txt HTTP/1.1" 416 166
2022-03-26 15:18:14,516 DEBUG    root            Reading GCS logfile: 416 (no new content; keep polling)
2022-03-26 15:18:15,282 DEBUG    urllib3.connectionpool https://cloudbuild.googleapis.com:443 "GET /v1/projects/greenday-6aba2/locations/global/builds/7651b9a7-d140-4863-b7ae-51d97731b0c7?alt=json HTTP/1.1" 200 None
2022-03-26 15:18:15,663 DEBUG    urllib3.connectionpool https://storage.googleapis.com:443 "GET /15765189134.cloudbuild-logs.googleusercontent.com/log-7651b9a7-d140-4863-b7ae-51d97731b0c7.txt HTTP/1.1" 416 166
2022-03-26 15:18:15,665 DEBUG    root            Reading GCS logfile: 416 (no new content; keep polling)
2022-03-26 15:18:16,684 DEBUG    urllib3.connectionpool https://cloudbuild.googleapis.com:443 "GET /v1/projects/greenday-6aba2/locations/global/builds/7651b9a7-d140-4863-b7ae-51d97731b0c7?alt=json HTTP/1.1" 200 None
2022-03-26 15:18:16,842 DEBUG    urllib3.connectionpool https://storage.googleapis.com:443 "GET /15765189134.cloudbuild-logs.googleusercontent.com/log-7651b9a7-d140-4863-b7ae-51d97731b0c7.txt HTTP/1.1" 206 461
2022-03-26 15:18:16,843 DEBUG    root            Reading GCS logfile: 206 (read 461 bytes)
2022-03-26 15:18:16,844 INFO     ___FILE_ONLY___ Copying gs://greenday-6aba2_cloudbuild/source/1648333088.377705-be5e1e9e2dee4fcea6c1b4861c95dcd9.tgz#1648333089062336...
/ [0 files][    0.0 B/  1.7 KiB]                                                / [1 files][  1.7 KiB/  1.7 KiB]                                                
Operation completed over 1 objects/1.7 KiB.                                      
BUILD
Starting Step #0
Step #0: Already have image (with digest): gcr.io/cloud-builders/gsutil

2022-03-26 15:18:17,994 DEBUG    urllib3.connectionpool https://storage.googleapis.com:443 "GET /15765189134.cloudbuild-logs.googleusercontent.com/log-7651b9a7-d140-4863-b7ae-51d97731b0c7.txt HTTP/1.1" 416 166
2022-03-26 15:18:17,996 DEBUG    urllib3.connectionpool https://cloudbuild.googleapis.com:443 "GET /v1/projects/greenday-6aba2/locations/global/builds/7651b9a7-d140-4863-b7ae-51d97731b0c7?alt=json HTTP/1.1" 200 None
2022-03-26 15:18:17,997 DEBUG    root            Reading GCS logfile: 416 (no new content; keep polling)
2022-03-26 15:18:19,149 DEBUG    urllib3.connectionpool https://storage.googleapis.com:443 "GET /15765189134.cloudbuild-logs.googleusercontent.com/log-7651b9a7-d140-4863-b7ae-51d97731b0c7.txt HTTP/1.1" 206 137
2022-03-26 15:18:19,151 DEBUG    root            Reading GCS logfile: 206 (read 137 bytes)
2022-03-26 15:18:19,152 INFO     ___FILE_ONLY___ Step #0: Copying gs://greenday-taco-ai/model-export/iod/tf_saved_model-taco_20220325070838-2022-03-26T21:38:37.487016Z/saved_model.pb...

2022-03-26 15:18:19,309 DEBUG    urllib3.connectionpool https://cloudbuild.googleapis.com:443 "GET /v1/projects/greenday-6aba2/locations/global/builds/7651b9a7-d140-4863-b7ae-51d97731b0c7?alt=json HTTP/1.1" 200 None
2022-03-26 15:18:20,323 DEBUG    urllib3.connectionpool https://storage.googleapis.com:443 "GET /15765189134.cloudbuild-logs.googleusercontent.com/log-7651b9a7-d140-4863-b7ae-51d97731b0c7.txt HTTP/1.1" 206 371
2022-03-26 15:18:20,326 DEBUG    root            Reading GCS logfile: 206 (read 371 bytes)
2022-03-26 15:18:20,326 INFO     ___FILE_ONLY___ Step #0: / [0 files][    0.0 B/ 11.0 MiB]                                                -- [1 files][ 11.0 MiB/ 11.0 MiB]                                                
Step #0: Operation completed over 1 objects/11.0 MiB.                                     
Finished Step #0
Starting Step #1
Step #1: Already have image (with digest): gcr.io/cloud-builders/docker

2022-03-26 15:18:20,464 DEBUG    urllib3.connectionpool https://cloudbuild.googleapis.com:443 "GET /v1/projects/greenday-6aba2/locations/global/builds/7651b9a7-d140-4863-b7ae-51d97731b0c7?alt=json HTTP/1.1" 200 None
2022-03-26 15:18:21,479 DEBUG    urllib3.connectionpool https://storage.googleapis.com:443 "GET /15765189134.cloudbuild-logs.googleusercontent.com/log-7651b9a7-d140-4863-b7ae-51d97731b0c7.txt HTTP/1.1" 206 835
2022-03-26 15:18:21,481 DEBUG    root            Reading GCS logfile: 206 (read 835 bytes)
2022-03-26 15:18:21,481 INFO     ___FILE_ONLY___ Step #1: Sending build context to Docker daemon  11.49MB
Step #1: Step 1/3 : FROM gcr.io/cloud-devrel-public-resources/gcloud-container-1.14.0:latest
Step #1: latest: Pulling from cloud-devrel-public-resources/gcloud-container-1.14.0
Step #1: 5b7339215d1d: Pulling fs layer
Step #1: 14ca88e9f672: Pulling fs layer
Step #1: a31c3b1caad4: Pulling fs layer
Step #1: b054a26005b7: Pulling fs layer
Step #1: ea2f76a48494: Pulling fs layer
Step #1: 096d79dc1d76: Pulling fs layer
Step #1: f5a9cc9ce8fa: Pulling fs layer
Step #1: cd7f51a0ae8e: Pulling fs layer
Step #1: b054a26005b7: Waiting
Step #1: ea2f76a48494: Waiting
Step #1: 096d79dc1d76: Waiting
Step #1: f5a9cc9ce8fa: Waiting
Step #1: cd7f51a0ae8e: Waiting
Step #1: a31c3b1caad4: Download complete
Step #1: b054a26005b7: Verifying Checksum
Step #1: b054a26005b7: Download complete

2022-03-26 15:18:21,839 DEBUG    urllib3.connectionpool https://cloudbuild.googleapis.com:443 "GET /v1/projects/greenday-6aba2/locations/global/builds/7651b9a7-d140-4863-b7ae-51d97731b0c7?alt=json HTTP/1.1" 200 None
2022-03-26 15:18:22,630 DEBUG    urllib3.connectionpool https://storage.googleapis.com:443 "GET /15765189134.cloudbuild-logs.googleusercontent.com/log-7651b9a7-d140-4863-b7ae-51d97731b0c7.txt HTTP/1.1" 206 373
2022-03-26 15:18:22,632 DEBUG    root            Reading GCS logfile: 206 (read 373 bytes)
2022-03-26 15:18:22,633 INFO     ___FILE_ONLY___ Step #1: 14ca88e9f672: Verifying Checksum
Step #1: 14ca88e9f672: Download complete
Step #1: ea2f76a48494: Download complete
Step #1: f5a9cc9ce8fa: Verifying Checksum
Step #1: f5a9cc9ce8fa: Download complete
Step #1: 5b7339215d1d: Verifying Checksum
Step #1: 5b7339215d1d: Download complete
Step #1: cd7f51a0ae8e: Verifying Checksum
Step #1: cd7f51a0ae8e: Download complete

2022-03-26 15:18:22,967 DEBUG    urllib3.connectionpool https://cloudbuild.googleapis.com:443 "GET /v1/projects/greenday-6aba2/locations/global/builds/7651b9a7-d140-4863-b7ae-51d97731b0c7?alt=json HTTP/1.1" 200 None
2022-03-26 15:18:23,784 DEBUG    urllib3.connectionpool https://storage.googleapis.com:443 "GET /15765189134.cloudbuild-logs.googleusercontent.com/log-7651b9a7-d140-4863-b7ae-51d97731b0c7.txt HTTP/1.1" 206 268
2022-03-26 15:18:23,785 DEBUG    root            Reading GCS logfile: 206 (read 268 bytes)
2022-03-26 15:18:23,785 INFO     ___FILE_ONLY___ Step #1: 096d79dc1d76: Verifying Checksum
Step #1: 096d79dc1d76: Download complete
Step #1: 5b7339215d1d: Pull complete
Step #1: 14ca88e9f672: Pull complete
Step #1: a31c3b1caad4: Pull complete
Step #1: b054a26005b7: Pull complete
Step #1: ea2f76a48494: Pull complete

2022-03-26 15:18:24,280 DEBUG    urllib3.connectionpool https://cloudbuild.googleapis.com:443 "GET /v1/projects/greenday-6aba2/locations/global/builds/7651b9a7-d140-4863-b7ae-51d97731b0c7?alt=json HTTP/1.1" 200 None
2022-03-26 15:18:24,988 DEBUG    urllib3.connectionpool https://storage.googleapis.com:443 "GET /15765189134.cloudbuild-logs.googleusercontent.com/log-7651b9a7-d140-4863-b7ae-51d97731b0c7.txt HTTP/1.1" 206 398
2022-03-26 15:18:24,990 DEBUG    root            Reading GCS logfile: 206 (read 398 bytes)
2022-03-26 15:18:24,990 INFO     ___FILE_ONLY___ Step #1: 096d79dc1d76: Pull complete
Step #1: f5a9cc9ce8fa: Pull complete
Step #1: cd7f51a0ae8e: Pull complete
Step #1: Digest: sha256:f7121feb57eadc36ff1eb959d17a2c484f4dd0be6c2b679fdcb781f3d8e5d87b
Step #1: Status: Downloaded newer image for gcr.io/cloud-devrel-public-resources/gcloud-container-1.14.0:latest
Step #1:  ---> 797d86682860
Step #1: Step 2/3 : RUN mkdir -p /tmp/mounted_model/0001/

2022-03-26 15:18:25,617 DEBUG    urllib3.connectionpool https://cloudbuild.googleapis.com:443 "GET /v1/projects/greenday-6aba2/locations/global/builds/7651b9a7-d140-4863-b7ae-51d97731b0c7?alt=json HTTP/1.1" 200 None
2022-03-26 15:18:26,155 DEBUG    urllib3.connectionpool https://storage.googleapis.com:443 "GET /15765189134.cloudbuild-logs.googleusercontent.com/log-7651b9a7-d140-4863-b7ae-51d97731b0c7.txt HTTP/1.1" 206 39
2022-03-26 15:18:26,158 DEBUG    root            Reading GCS logfile: 206 (read 39 bytes)
2022-03-26 15:18:26,158 INFO     ___FILE_ONLY___ Step #1:  ---> Running in 8dda1f42d0ea

2022-03-26 15:18:26,741 DEBUG    urllib3.connectionpool https://cloudbuild.googleapis.com:443 "GET /v1/projects/greenday-6aba2/locations/global/builds/7651b9a7-d140-4863-b7ae-51d97731b0c7?alt=json HTTP/1.1" 200 None
2022-03-26 15:18:27,342 DEBUG    urllib3.connectionpool https://storage.googleapis.com:443 "GET /15765189134.cloudbuild-logs.googleusercontent.com/log-7651b9a7-d140-4863-b7ae-51d97731b0c7.txt HTTP/1.1" 206 411
2022-03-26 15:18:27,345 DEBUG    root            Reading GCS logfile: 206 (read 411 bytes)
2022-03-26 15:18:27,345 INFO     ___FILE_ONLY___ Step #1: Removing intermediate container 8dda1f42d0ea
Step #1:  ---> 703203b0daaa
Step #1: Step 3/3 : COPY saved_model.pb /tmp/mounted_model/0001/
Step #1:  ---> f891c43a173f
Step #1: Successfully built f891c43a173f
Step #1: Successfully tagged eu.gcr.io/greenday-6aba2/cloud-run/material-analyzer:latest
Finished Step #1
Starting Step #2
Step #2: Already have image (with digest): gcr.io/cloud-builders/docker

2022-03-26 15:18:27,876 DEBUG    urllib3.connectionpool https://cloudbuild.googleapis.com:443 "GET /v1/projects/greenday-6aba2/locations/global/builds/7651b9a7-d140-4863-b7ae-51d97731b0c7?alt=json HTTP/1.1" 200 None
2022-03-26 15:18:28,511 DEBUG    urllib3.connectionpool https://storage.googleapis.com:443 "GET /15765189134.cloudbuild-logs.googleusercontent.com/log-7651b9a7-d140-4863-b7ae-51d97731b0c7.txt HTTP/1.1" 206 931
2022-03-26 15:18:28,512 DEBUG    root            Reading GCS logfile: 206 (read 931 bytes)
2022-03-26 15:18:28,513 INFO     ___FILE_ONLY___ Step #2: The push refers to repository [eu.gcr.io/greenday-6aba2/cloud-run/material-analyzer]
Step #2: c0b4f2cbd1ef: Preparing
Step #2: dbb24a80c525: Preparing
Step #2: a95d51b4c233: Preparing
Step #2: 4fb4eb56c558: Preparing
Step #2: 523337b7ba9c: Preparing
Step #2: 9c645fe38b9e: Preparing
Step #2: 75e70aa52609: Preparing
Step #2: dda151859818: Preparing
Step #2: fbd2732ad777: Preparing
Step #2: ba9de9d8475e: Preparing
Step #2: 9c645fe38b9e: Waiting
Step #2: 75e70aa52609: Waiting
Step #2: dda151859818: Waiting
Step #2: fbd2732ad777: Waiting
Step #2: ba9de9d8475e: Waiting
Step #2: 523337b7ba9c: Layer already exists
Step #2: a95d51b4c233: Layer already exists
Step #2: 4fb4eb56c558: Layer already exists
Step #2: 9c645fe38b9e: Layer already exists
Step #2: 75e70aa52609: Layer already exists
Step #2: dda151859818: Layer already exists
Step #2: ba9de9d8475e: Layer already exists
Step #2: fbd2732ad777: Layer already exists

2022-03-26 15:18:28,992 DEBUG    urllib3.connectionpool https://cloudbuild.googleapis.com:443 "GET /v1/projects/greenday-6aba2/locations/global/builds/7651b9a7-d140-4863-b7ae-51d97731b0c7?alt=json HTTP/1.1" 200 None
2022-03-26 15:18:29,670 DEBUG    urllib3.connectionpool https://storage.googleapis.com:443 "GET /15765189134.cloudbuild-logs.googleusercontent.com/log-7651b9a7-d140-4863-b7ae-51d97731b0c7.txt HTTP/1.1" 416 167
2022-03-26 15:18:29,673 DEBUG    root            Reading GCS logfile: 416 (no new content; keep polling)
2022-03-26 15:18:30,437 DEBUG    urllib3.connectionpool https://cloudbuild.googleapis.com:443 "GET /v1/projects/greenday-6aba2/locations/global/builds/7651b9a7-d140-4863-b7ae-51d97731b0c7?alt=json HTTP/1.1" 200 None
2022-03-26 15:18:30,789 DEBUG    urllib3.connectionpool https://storage.googleapis.com:443 "GET /15765189134.cloudbuild-logs.googleusercontent.com/log-7651b9a7-d140-4863-b7ae-51d97731b0c7.txt HTTP/1.1" 416 167
2022-03-26 15:18:30,790 DEBUG    root            Reading GCS logfile: 416 (no new content; keep polling)
2022-03-26 15:18:31,810 DEBUG    urllib3.connectionpool https://cloudbuild.googleapis.com:443 "GET /v1/projects/greenday-6aba2/locations/global/builds/7651b9a7-d140-4863-b7ae-51d97731b0c7?alt=json HTTP/1.1" 200 None
2022-03-26 15:18:31,957 DEBUG    urllib3.connectionpool https://storage.googleapis.com:443 "GET /15765189134.cloudbuild-logs.googleusercontent.com/log-7651b9a7-d140-4863-b7ae-51d97731b0c7.txt HTTP/1.1" 206 60
2022-03-26 15:18:31,959 DEBUG    root            Reading GCS logfile: 206 (read 60 bytes)
2022-03-26 15:18:31,959 INFO     ___FILE_ONLY___ Step #2: c0b4f2cbd1ef: Pushed
Step #2: dbb24a80c525: Pushed

2022-03-26 15:18:33,123 DEBUG    urllib3.connectionpool https://storage.googleapis.com:443 "GET /15765189134.cloudbuild-logs.googleusercontent.com/log-7651b9a7-d140-4863-b7ae-51d97731b0c7.txt HTTP/1.1" 416 167
2022-03-26 15:18:33,125 DEBUG    root            Reading GCS logfile: 416 (no new content; keep polling)
2022-03-26 15:18:33,140 DEBUG    urllib3.connectionpool https://cloudbuild.googleapis.com:443 "GET /v1/projects/greenday-6aba2/locations/global/builds/7651b9a7-d140-4863-b7ae-51d97731b0c7?alt=json HTTP/1.1" 200 None
2022-03-26 15:18:34,253 DEBUG    urllib3.connectionpool https://storage.googleapis.com:443 "GET /15765189134.cloudbuild-logs.googleusercontent.com/log-7651b9a7-d140-4863-b7ae-51d97731b0c7.txt HTTP/1.1" 416 167
2022-03-26 15:18:34,255 DEBUG    root            Reading GCS logfile: 416 (no new content; keep polling)
2022-03-26 15:18:34,261 DEBUG    urllib3.connectionpool https://cloudbuild.googleapis.com:443 "GET /v1/projects/greenday-6aba2/locations/global/builds/7651b9a7-d140-4863-b7ae-51d97731b0c7?alt=json HTTP/1.1" 200 None
2022-03-26 15:18:35,385 DEBUG    urllib3.connectionpool https://cloudbuild.googleapis.com:443 "GET /v1/projects/greenday-6aba2/locations/global/builds/7651b9a7-d140-4863-b7ae-51d97731b0c7?alt=json HTTP/1.1" 200 None
2022-03-26 15:18:35,403 DEBUG    urllib3.connectionpool https://storage.googleapis.com:443 "GET /15765189134.cloudbuild-logs.googleusercontent.com/log-7651b9a7-d140-4863-b7ae-51d97731b0c7.txt HTTP/1.1" 206 219
2022-03-26 15:18:35,404 DEBUG    root            Reading GCS logfile: 206 (read 219 bytes)
2022-03-26 15:18:35,404 INFO     ___FILE_ONLY___ Step #2: latest: digest: sha256:f3b08fe236519d414fab8241a5c22998908cdd12f3457474fa9a73a637a8110e size: 2407
Finished Step #2
Starting Step #3
Step #3: Already have image (with digest): gcr.io/cloud-builders/gcloud-slim

2022-03-26 15:18:36,497 DEBUG    urllib3.connectionpool https://cloudbuild.googleapis.com:443 "GET /v1/projects/greenday-6aba2/locations/global/builds/7651b9a7-d140-4863-b7ae-51d97731b0c7?alt=json HTTP/1.1" 200 None
2022-03-26 15:18:36,556 DEBUG    urllib3.connectionpool https://storage.googleapis.com:443 "GET /15765189134.cloudbuild-logs.googleusercontent.com/log-7651b9a7-d140-4863-b7ae-51d97731b0c7.txt HTTP/1.1" 416 167
2022-03-26 15:18:36,557 DEBUG    root            Reading GCS logfile: 416 (no new content; keep polling)
2022-03-26 15:18:37,615 DEBUG    urllib3.connectionpool https://cloudbuild.googleapis.com:443 "GET /v1/projects/greenday-6aba2/locations/global/builds/7651b9a7-d140-4863-b7ae-51d97731b0c7?alt=json HTTP/1.1" 200 None
2022-03-26 15:18:37,710 DEBUG    urllib3.connectionpool https://storage.googleapis.com:443 "GET /15765189134.cloudbuild-logs.googleusercontent.com/log-7651b9a7-d140-4863-b7ae-51d97731b0c7.txt HTTP/1.1" 206 116
2022-03-26 15:18:37,712 DEBUG    root            Reading GCS logfile: 206 (read 116 bytes)
2022-03-26 15:18:37,712 INFO     ___FILE_ONLY___ Step #3: Deploying container to Cloud Run service [material-analyzer] in project [greenday-6aba2] region [us-east1]

2022-03-26 15:18:38,853 DEBUG    urllib3.connectionpool https://storage.googleapis.com:443 "GET /15765189134.cloudbuild-logs.googleusercontent.com/log-7651b9a7-d140-4863-b7ae-51d97731b0c7.txt HTTP/1.1" 416 167
2022-03-26 15:18:38,855 DEBUG    root            Reading GCS logfile: 416 (no new content; keep polling)
2022-03-26 15:18:38,942 DEBUG    urllib3.connectionpool https://cloudbuild.googleapis.com:443 "GET /v1/projects/greenday-6aba2/locations/global/builds/7651b9a7-d140-4863-b7ae-51d97731b0c7?alt=json HTTP/1.1" 200 None
2022-03-26 15:18:39,991 DEBUG    urllib3.connectionpool https://storage.googleapis.com:443 "GET /15765189134.cloudbuild-logs.googleusercontent.com/log-7651b9a7-d140-4863-b7ae-51d97731b0c7.txt HTTP/1.1" 416 167
2022-03-26 15:18:39,992 DEBUG    root            Reading GCS logfile: 416 (no new content; keep polling)
2022-03-26 15:18:40,063 DEBUG    urllib3.connectionpool https://cloudbuild.googleapis.com:443 "GET /v1/projects/greenday-6aba2/locations/global/builds/7651b9a7-d140-4863-b7ae-51d97731b0c7?alt=json HTTP/1.1" 200 None
2022-03-26 15:18:41,153 DEBUG    urllib3.connectionpool https://storage.googleapis.com:443 "GET /15765189134.cloudbuild-logs.googleusercontent.com/log-7651b9a7-d140-4863-b7ae-51d97731b0c7.txt HTTP/1.1" 416 167
2022-03-26 15:18:41,155 DEBUG    root            Reading GCS logfile: 416 (no new content; keep polling)
2022-03-26 15:18:41,369 DEBUG    urllib3.connectionpool https://cloudbuild.googleapis.com:443 "GET /v1/projects/greenday-6aba2/locations/global/builds/7651b9a7-d140-4863-b7ae-51d97731b0c7?alt=json HTTP/1.1" 200 None
2022-03-26 15:18:42,303 DEBUG    urllib3.connectionpool https://storage.googleapis.com:443 "GET /15765189134.cloudbuild-logs.googleusercontent.com/log-7651b9a7-d140-4863-b7ae-51d97731b0c7.txt HTTP/1.1" 416 167
2022-03-26 15:18:42,305 DEBUG    root            Reading GCS logfile: 416 (no new content; keep polling)
2022-03-26 15:18:42,724 DEBUG    urllib3.connectionpool https://cloudbuild.googleapis.com:443 "GET /v1/projects/greenday-6aba2/locations/global/builds/7651b9a7-d140-4863-b7ae-51d97731b0c7?alt=json HTTP/1.1" 200 None
2022-03-26 15:18:43,446 DEBUG    urllib3.connectionpool https://storage.googleapis.com:443 "GET /15765189134.cloudbuild-logs.googleusercontent.com/log-7651b9a7-d140-4863-b7ae-51d97731b0c7.txt HTTP/1.1" 416 167
2022-03-26 15:18:43,447 DEBUG    root            Reading GCS logfile: 416 (no new content; keep polling)
2022-03-26 15:18:44,097 DEBUG    urllib3.connectionpool https://cloudbuild.googleapis.com:443 "GET /v1/projects/greenday-6aba2/locations/global/builds/7651b9a7-d140-4863-b7ae-51d97731b0c7?alt=json HTTP/1.1" 200 None
2022-03-26 15:18:44,643 DEBUG    urllib3.connectionpool https://storage.googleapis.com:443 "GET /15765189134.cloudbuild-logs.googleusercontent.com/log-7651b9a7-d140-4863-b7ae-51d97731b0c7.txt HTTP/1.1" 416 167
2022-03-26 15:18:44,645 DEBUG    root            Reading GCS logfile: 416 (no new content; keep polling)
2022-03-26 15:18:45,241 DEBUG    urllib3.connectionpool https://cloudbuild.googleapis.com:443 "GET /v1/projects/greenday-6aba2/locations/global/builds/7651b9a7-d140-4863-b7ae-51d97731b0c7?alt=json HTTP/1.1" 200 None
2022-03-26 15:18:45,820 DEBUG    urllib3.connectionpool https://storage.googleapis.com:443 "GET /15765189134.cloudbuild-logs.googleusercontent.com/log-7651b9a7-d140-4863-b7ae-51d97731b0c7.txt HTTP/1.1" 416 167
2022-03-26 15:18:45,823 DEBUG    root            Reading GCS logfile: 416 (no new content; keep polling)
2022-03-26 15:18:46,547 DEBUG    urllib3.connectionpool https://cloudbuild.googleapis.com:443 "GET /v1/projects/greenday-6aba2/locations/global/builds/7651b9a7-d140-4863-b7ae-51d97731b0c7?alt=json HTTP/1.1" 200 None
2022-03-26 15:18:46,923 DEBUG    urllib3.connectionpool https://storage.googleapis.com:443 "GET /15765189134.cloudbuild-logs.googleusercontent.com/log-7651b9a7-d140-4863-b7ae-51d97731b0c7.txt HTTP/1.1" 416 167
2022-03-26 15:18:46,925 DEBUG    root            Reading GCS logfile: 416 (no new content; keep polling)
2022-03-26 15:18:47,669 DEBUG    urllib3.connectionpool https://cloudbuild.googleapis.com:443 "GET /v1/projects/greenday-6aba2/locations/global/builds/7651b9a7-d140-4863-b7ae-51d97731b0c7?alt=json HTTP/1.1" 200 None
2022-03-26 15:18:48,070 DEBUG    urllib3.connectionpool https://storage.googleapis.com:443 "GET /15765189134.cloudbuild-logs.googleusercontent.com/log-7651b9a7-d140-4863-b7ae-51d97731b0c7.txt HTTP/1.1" 416 167
2022-03-26 15:18:48,072 DEBUG    root            Reading GCS logfile: 416 (no new content; keep polling)
2022-03-26 15:18:49,072 DEBUG    urllib3.connectionpool https://cloudbuild.googleapis.com:443 "GET /v1/projects/greenday-6aba2/locations/global/builds/7651b9a7-d140-4863-b7ae-51d97731b0c7?alt=json HTTP/1.1" 200 None
2022-03-26 15:18:49,196 DEBUG    urllib3.connectionpool https://storage.googleapis.com:443 "GET /15765189134.cloudbuild-logs.googleusercontent.com/log-7651b9a7-d140-4863-b7ae-51d97731b0c7.txt HTTP/1.1" 416 167
2022-03-26 15:18:49,198 DEBUG    root            Reading GCS logfile: 416 (no new content; keep polling)
2022-03-26 15:18:50,225 DEBUG    urllib3.connectionpool https://cloudbuild.googleapis.com:443 "GET /v1/projects/greenday-6aba2/locations/global/builds/7651b9a7-d140-4863-b7ae-51d97731b0c7?alt=json HTTP/1.1" 200 None
2022-03-26 15:18:50,323 DEBUG    urllib3.connectionpool https://storage.googleapis.com:443 "GET /15765189134.cloudbuild-logs.googleusercontent.com/log-7651b9a7-d140-4863-b7ae-51d97731b0c7.txt HTTP/1.1" 416 167
2022-03-26 15:18:50,324 DEBUG    root            Reading GCS logfile: 416 (no new content; keep polling)
2022-03-26 15:18:51,354 DEBUG    urllib3.connectionpool https://cloudbuild.googleapis.com:443 "GET /v1/projects/greenday-6aba2/locations/global/builds/7651b9a7-d140-4863-b7ae-51d97731b0c7?alt=json HTTP/1.1" 200 None
2022-03-26 15:18:51,474 DEBUG    urllib3.connectionpool https://storage.googleapis.com:443 "GET /15765189134.cloudbuild-logs.googleusercontent.com/log-7651b9a7-d140-4863-b7ae-51d97731b0c7.txt HTTP/1.1" 206 461
2022-03-26 15:18:51,476 DEBUG    root            Reading GCS logfile: 206 (read 461 bytes)
2022-03-26 15:18:51,477 INFO     ___FILE_ONLY___ Step #3: Deploying new service...
Step #3: Creating Revision....................................................................................................................................done
Step #3: Routing traffic...............done
Step #3: Done.
Step #3: Service [material-analyzer] revision [material-analyzer-00001-vig] has been deployed and is serving 100 percent of traffic.
Step #3: Service URL: https://material-analyzer-gkv32wdswa-ue.a.run.app

2022-03-26 15:18:52,482 DEBUG    urllib3.connectionpool https://cloudbuild.googleapis.com:443 "GET /v1/projects/greenday-6aba2/locations/global/builds/7651b9a7-d140-4863-b7ae-51d97731b0c7?alt=json HTTP/1.1" 200 None
2022-03-26 15:18:52,642 DEBUG    urllib3.connectionpool https://storage.googleapis.com:443 "GET /15765189134.cloudbuild-logs.googleusercontent.com/log-7651b9a7-d140-4863-b7ae-51d97731b0c7.txt HTTP/1.1" 206 833
2022-03-26 15:18:52,643 DEBUG    root            Reading GCS logfile: 206 (read 833 bytes)
2022-03-26 15:18:52,644 INFO     ___FILE_ONLY___ Finished Step #3
PUSH
Pushing eu.gcr.io/greenday-6aba2/cloud-run/material-analyzer
The push refers to repository [eu.gcr.io/greenday-6aba2/cloud-run/material-analyzer]
c0b4f2cbd1ef: Preparing
dbb24a80c525: Preparing
a95d51b4c233: Preparing
4fb4eb56c558: Preparing
523337b7ba9c: Preparing
9c645fe38b9e: Preparing
75e70aa52609: Preparing
dda151859818: Preparing
fbd2732ad777: Preparing
ba9de9d8475e: Preparing
9c645fe38b9e: Waiting
75e70aa52609: Waiting
dda151859818: Waiting
fbd2732ad777: Waiting
ba9de9d8475e: Waiting
523337b7ba9c: Layer already exists
4fb4eb56c558: Layer already exists
dbb24a80c525: Layer already exists
a95d51b4c233: Layer already exists
c0b4f2cbd1ef: Layer already exists
75e70aa52609: Layer already exists
9c645fe38b9e: Layer already exists
dda151859818: Layer already exists
fbd2732ad777: Layer already exists

2022-03-26 15:18:53,803 DEBUG    urllib3.connectionpool https://cloudbuild.googleapis.com:443 "GET /v1/projects/greenday-6aba2/locations/global/builds/7651b9a7-d140-4863-b7ae-51d97731b0c7?alt=json HTTP/1.1" 200 None
2022-03-26 15:18:53,824 DEBUG    urllib3.connectionpool https://storage.googleapis.com:443 "GET /15765189134.cloudbuild-logs.googleusercontent.com/log-7651b9a7-d140-4863-b7ae-51d97731b0c7.txt HTTP/1.1" 206 139
2022-03-26 15:18:53,825 DEBUG    root            Reading GCS logfile: 206 (read 139 bytes)
2022-03-26 15:18:53,825 INFO     ___FILE_ONLY___ ba9de9d8475e: Layer already exists
latest: digest: sha256:f3b08fe236519d414fab8241a5c22998908cdd12f3457474fa9a73a637a8110e size: 2407
DONE

2022-03-26 15:18:54,971 DEBUG    urllib3.connectionpool https://storage.googleapis.com:443 "GET /15765189134.cloudbuild-logs.googleusercontent.com/log-7651b9a7-d140-4863-b7ae-51d97731b0c7.txt HTTP/1.1" 416 167
2022-03-26 15:18:54,973 DEBUG    root            Reading GCS logfile: 416 (no new content; keep polling)
2022-03-26 15:18:54,973 INFO     ___FILE_ONLY___ ------------------------------------------------------------------------------------------------------------------------------

2022-03-26 15:18:54,976 INFO     root            Display format: "
        table(
          id,
          createTime.date('%Y-%m-%dT%H:%M:%S%Oz', undefined='-'),
          duration(start=startTime,end=finishTime,precision=0,calendar=false,undefined="  -").slice(2:).join(""):label=DURATION,
          build_source(undefined="-"):label=SOURCE,
          build_images(undefined="-"):label=IMAGES,
          status
        )
      "
2022-03-26 15:18:54,989 INFO     ___FILE_ONLY___ ID
2022-03-26 15:18:54,990 INFO     ___FILE_ONLY___                                     
2022-03-26 15:18:54,990 INFO     ___FILE_ONLY___ CREATE_TIME
2022-03-26 15:18:54,990 INFO     ___FILE_ONLY___                 
2022-03-26 15:18:54,990 INFO     ___FILE_ONLY___ DURATION
2022-03-26 15:18:54,990 INFO     ___FILE_ONLY___   
2022-03-26 15:18:54,990 INFO     ___FILE_ONLY___ SOURCE
2022-03-26 15:18:54,990 INFO     ___FILE_ONLY___                                                                                         
2022-03-26 15:18:54,990 INFO     ___FILE_ONLY___ IMAGES
2022-03-26 15:18:54,990 INFO     ___FILE_ONLY___                                                           
2022-03-26 15:18:54,990 INFO     ___FILE_ONLY___ STATUS
2022-03-26 15:18:54,990 INFO     ___FILE_ONLY___ 

2022-03-26 15:18:54,991 INFO     ___FILE_ONLY___ 7651b9a7-d140-4863-b7ae-51d97731b0c7
2022-03-26 15:18:54,991 INFO     ___FILE_ONLY___   
2022-03-26 15:18:54,991 INFO     ___FILE_ONLY___ 2022-03-26T22:18:09+00:00
2022-03-26 15:18:54,991 INFO     ___FILE_ONLY___   
2022-03-26 15:18:54,991 INFO     ___FILE_ONLY___ 43S
2022-03-26 15:18:54,991 INFO     ___FILE_ONLY___        
2022-03-26 15:18:54,991 INFO     ___FILE_ONLY___ gs://greenday-6aba2_cloudbuild/source/1648333088.377705-be5e1e9e2dee4fcea6c1b4861c95dcd9.tgz
2022-03-26 15:18:54,991 INFO     ___FILE_ONLY___   
2022-03-26 15:18:54,991 INFO     ___FILE_ONLY___ eu.gcr.io/greenday-6aba2/cloud-run/material-analyzer (+1 more)
2022-03-26 15:18:54,991 INFO     ___FILE_ONLY___   
2022-03-26 15:18:54,991 INFO     ___FILE_ONLY___ SUCCESS
2022-03-26 15:18:54,991 INFO     ___FILE_ONLY___ 

2022-03-26 15:18:54,992 INFO     ___FILE_ONLY___ 

Updates are available for some Google Cloud CLI components.  To install them,
please run:
  $ gcloud components update


