2022-03-26 15:27:26,052 DEBUG    root            Loaded Command Group: ['gcloud', 'builds']
2022-03-26 15:27:26,067 DEBUG    root            Loaded Command Group: ['gcloud', 'builds', 'submit']
2022-03-26 15:27:26,075 DEBUG    root            Running [gcloud.builds.submit] with arguments: [--substitutions: "OrderedDict([('_MODEL_NAME', 'material-analyzer'), ('_DOCKERFOLDER', 'automl-vision-cpu-1.14.0'), ('_GCS_MODEL_PATH', 'gs://greenday-taco-ai/model-export/iod/tf_saved_model-taco_20220325070838-2022-03-26T21:38:37.487016Z'), ('_GCP_REGION', 'us-east1'), ('_MAX_INSTANCES', '1')])"]
2022-03-26 15:27:26,123 DEBUG    urllib3.connectionpool Starting new HTTPS connection (1): storage.googleapis.com:443
2022-03-26 15:27:26,388 DEBUG    urllib3.connectionpool https://storage.googleapis.com:443 "GET /storage/v1/b/greenday-6aba2_cloudbuild?alt=json HTTP/1.1" 200 648
2022-03-26 15:27:26,603 DEBUG    urllib3.connectionpool https://storage.googleapis.com:443 "GET /storage/v1/b?alt=json&maxResults=1000&prefix=greenday-6aba2_cloudbuild&project=greenday-6aba2 HTTP/1.1" 200 794
2022-03-26 15:27:26,608 INFO     root            Not using ignore file.
2022-03-26 15:27:26,609 INFO     ___FILE_ONLY___ Creating temporary tarball archive of 5 file(s) totalling 3.1 KiB before compression.

2022-03-26 15:27:26,614 DEBUG    root            Added dir [automl-vision-cpu-1.14.0]
2022-03-26 15:27:26,614 DEBUG    root            Added dir [automl-vision-cpu-1.12.0]
2022-03-26 15:27:26,615 DEBUG    root            Added [cloudbuild.yaml]
2022-03-26 15:27:26,616 DEBUG    root            Added [README.md]
2022-03-26 15:27:26,616 DEBUG    root            Added [deploy.sh]
2022-03-26 15:27:26,617 DEBUG    root            Added [automl-vision-cpu-1.14.0/Dockerfile]
2022-03-26 15:27:26,617 DEBUG    root            Added [automl-vision-cpu-1.12.0/Dockerfile]
2022-03-26 15:27:26,618 INFO     ___FILE_ONLY___ Uploading tarball of [.] to [gs://greenday-6aba2_cloudbuild/source/1648333646.090139-099dd68902784a3ebaaaae3a22b2e64c.tgz]

2022-03-26 15:27:26,622 INFO     root            Uploading [/var/folders/s5/kqdr94n90p92sn2jtby_q0rh0000gn/T/tmpuz6x7je2/file.tgz] to [greenday-6aba2_cloudbuild/source/1648333646.090139-099dd68902784a3ebaaaae3a22b2e64c.tgz]
2022-03-26 15:27:26,893 DEBUG    urllib3.connectionpool https://storage.googleapis.com:443 "POST /upload/storage/v1/b/greenday-6aba2_cloudbuild/o?alt=json&name=source%2F1648333646.090139-099dd68902784a3ebaaaae3a22b2e64c.tgz&uploadType=multipart HTTP/1.1" 200 998
2022-03-26 15:27:26,898 DEBUG    root            submitting build: <Build
 images: ['eu.gcr.io/${PROJECT_ID}/cloud-run/${_MODEL_NAME}']
 secrets: []
 source: <Source
 storageSource: <StorageSource
 bucket: 'greenday-6aba2_cloudbuild'
 generation: 1648333646846317
 object: 'source/1648333646.090139-099dd68902784a3ebaaaae3a22b2e64c.tgz'>>
 steps: [<BuildStep
 args: ['cp', '${_GCS_MODEL_PATH}/*', '${_DOCKERFOLDER}/']
 env: []
 name: 'gcr.io/cloud-builders/gsutil'
 secretEnv: []
 volumes: []
 waitFor: []>, <BuildStep
 args: ['build', '-t', 'eu.gcr.io/${PROJECT_ID}/cloud-run/${_MODEL_NAME}:${_VERSION}', '${_DOCKERFOLDER}']
 env: []
 name: 'gcr.io/cloud-builders/docker'
 secretEnv: []
 volumes: []
 waitFor: []>, <BuildStep
 args: ['push', 'eu.gcr.io/${PROJECT_ID}/cloud-run/${_MODEL_NAME}:${_VERSION}']
 env: []
 name: 'gcr.io/cloud-builders/docker'
 secretEnv: []
 volumes: []
 waitFor: []>, <BuildStep
 args: ['run', 'deploy', '${_MODEL_NAME}', '--image', 'eu.gcr.io/${PROJECT_ID}/cloud-run/${_MODEL_NAME}:${_VERSION}', '--port', '8501', 'allow-unauthenticated', '--timeout', '${_TIMEOUT}', '--memory', '${_MEMORY}', '--max-instances', '${_MAX_INSTANCES}', '--service-account', 'cloud-run-service-account@greenday-6aba2.iam.gserviceaccount.com', '--region', '${_GCP_REGION}', '--platform', 'managed']
 env: []
 name: 'gcr.io/cloud-builders/gcloud-slim'
 secretEnv: []
 volumes: []
 waitFor: []>]
 substitutions: <SubstitutionsValue
 additionalProperties: [<AdditionalProperty
 key: '_DOCKERFOLDER'
 value: 'automl-vision-cpu-1.14.0'>, <AdditionalProperty
 key: '_GCP_REGION'
 value: 'us-east1'>, <AdditionalProperty
 key: '_GCS_MODEL_PATH'
 value: 'gs://greenday-taco-ai/model-export/iod/tf_saved_model-taco_20220325070838-2022-03-26T21:38:37.487016Z'>, <AdditionalProperty
 key: '_MAX_INSTANCES'
 value: '1'>, <AdditionalProperty
 key: '_MEMORY'
 value: '1Gi'>, <AdditionalProperty
 key: '_MODEL_NAME'
 value: 'material-analyzer'>, <AdditionalProperty
 key: '_TIMEOUT'
 value: '60'>, <AdditionalProperty
 key: '_VERSION'
 value: 'latest'>]>
 tags: []
 warnings: []>
2022-03-26 15:27:26,999 DEBUG    urllib3.connectionpool Starting new HTTPS connection (1): cloudbuild.googleapis.com:443
2022-03-26 15:27:28,035 DEBUG    urllib3.connectionpool https://cloudbuild.googleapis.com:443 "POST /v1/projects/greenday-6aba2/locations/global/builds?alt=json HTTP/1.1" 200 None
2022-03-26 15:27:28,047 INFO     ___FILE_ONLY___ Created [https://cloudbuild.googleapis.com/v1/projects/greenday-6aba2/locations/global/builds/78b0d5db-18e0-4532-834b-e7bbe04d139d].

2022-03-26 15:27:28,047 INFO     ___FILE_ONLY___ Logs are available at [https://console.cloud.google.com/cloud-build/builds/78b0d5db-18e0-4532-834b-e7bbe04d139d?project=15765189134].

2022-03-26 15:27:28,184 DEBUG    urllib3.connectionpool https://cloudbuild.googleapis.com:443 "GET /v1/projects/greenday-6aba2/locations/global/builds/78b0d5db-18e0-4532-834b-e7bbe04d139d?alt=json HTTP/1.1" 200 None
2022-03-26 15:27:28,189 DEBUG    root            GCS logfile url is https://storage.googleapis.com/15765189134.cloudbuild-logs.googleusercontent.com/log-78b0d5db-18e0-4532-834b-e7bbe04d139d.txt
2022-03-26 15:27:28,194 DEBUG    urllib3.connectionpool Starting new HTTPS connection (1): storage.googleapis.com:443
2022-03-26 15:27:28,302 DEBUG    urllib3.connectionpool https://cloudbuild.googleapis.com:443 "GET /v1/projects/greenday-6aba2/locations/global/builds/78b0d5db-18e0-4532-834b-e7bbe04d139d?alt=json HTTP/1.1" 200 None
2022-03-26 15:27:28,435 DEBUG    urllib3.connectionpool https://storage.googleapis.com:443 "GET /15765189134.cloudbuild-logs.googleusercontent.com/log-78b0d5db-18e0-4532-834b-e7bbe04d139d.txt HTTP/1.1" 404 256
2022-03-26 15:27:28,436 DEBUG    root            Reading GCS logfile: 404 (no log yet; keep polling)
2022-03-26 15:27:29,551 DEBUG    urllib3.connectionpool https://storage.googleapis.com:443 "GET /15765189134.cloudbuild-logs.googleusercontent.com/log-78b0d5db-18e0-4532-834b-e7bbe04d139d.txt HTTP/1.1" 416 164
2022-03-26 15:27:29,551 DEBUG    root            Reading GCS logfile: 416 (no new content; keep polling)
2022-03-26 15:27:29,608 DEBUG    urllib3.connectionpool https://cloudbuild.googleapis.com:443 "GET /v1/projects/greenday-6aba2/locations/global/builds/78b0d5db-18e0-4532-834b-e7bbe04d139d?alt=json HTTP/1.1" 200 None
2022-03-26 15:27:30,720 DEBUG    urllib3.connectionpool https://storage.googleapis.com:443 "GET /15765189134.cloudbuild-logs.googleusercontent.com/log-78b0d5db-18e0-4532-834b-e7bbe04d139d.txt HTTP/1.1" 206 202
2022-03-26 15:27:30,722 DEBUG    root            Reading GCS logfile: 206 (read 202 bytes)
2022-03-26 15:27:30,723 INFO     ___FILE_ONLY___ ---------------------------------------------------- REMOTE BUILD OUTPUT -----------------------------------------------------

2022-03-26 15:27:30,723 INFO     ___FILE_ONLY___ starting build "78b0d5db-18e0-4532-834b-e7bbe04d139d"

FETCHSOURCE
Fetching storage object: gs://greenday-6aba2_cloudbuild/source/1648333646.090139-099dd68902784a3ebaaaae3a22b2e64c.tgz#1648333646846317

2022-03-26 15:27:30,786 DEBUG    urllib3.connectionpool https://cloudbuild.googleapis.com:443 "GET /v1/projects/greenday-6aba2/locations/global/builds/78b0d5db-18e0-4532-834b-e7bbe04d139d?alt=json HTTP/1.1" 200 None
2022-03-26 15:27:31,911 DEBUG    urllib3.connectionpool https://storage.googleapis.com:443 "GET /15765189134.cloudbuild-logs.googleusercontent.com/log-78b0d5db-18e0-4532-834b-e7bbe04d139d.txt HTTP/1.1" 416 166
2022-03-26 15:27:31,913 DEBUG    root            Reading GCS logfile: 416 (no new content; keep polling)
2022-03-26 15:27:32,111 DEBUG    urllib3.connectionpool https://cloudbuild.googleapis.com:443 "GET /v1/projects/greenday-6aba2/locations/global/builds/78b0d5db-18e0-4532-834b-e7bbe04d139d?alt=json HTTP/1.1" 200 None
2022-03-26 15:27:33,070 DEBUG    urllib3.connectionpool https://storage.googleapis.com:443 "GET /15765189134.cloudbuild-logs.googleusercontent.com/log-78b0d5db-18e0-4532-834b-e7bbe04d139d.txt HTTP/1.1" 416 166
2022-03-26 15:27:33,071 DEBUG    root            Reading GCS logfile: 416 (no new content; keep polling)
2022-03-26 15:27:33,230 DEBUG    urllib3.connectionpool https://cloudbuild.googleapis.com:443 "GET /v1/projects/greenday-6aba2/locations/global/builds/78b0d5db-18e0-4532-834b-e7bbe04d139d?alt=json HTTP/1.1" 200 None
2022-03-26 15:27:34,215 DEBUG    urllib3.connectionpool https://storage.googleapis.com:443 "GET /15765189134.cloudbuild-logs.googleusercontent.com/log-78b0d5db-18e0-4532-834b-e7bbe04d139d.txt HTTP/1.1" 206 121
2022-03-26 15:27:34,216 DEBUG    root            Reading GCS logfile: 206 (read 121 bytes)
2022-03-26 15:27:34,216 INFO     ___FILE_ONLY___ Copying gs://greenday-6aba2_cloudbuild/source/1648333646.090139-099dd68902784a3ebaaaae3a22b2e64c.tgz#1648333646846317...

2022-03-26 15:27:34,593 DEBUG    urllib3.connectionpool https://cloudbuild.googleapis.com:443 "GET /v1/projects/greenday-6aba2/locations/global/builds/78b0d5db-18e0-4532-834b-e7bbe04d139d?alt=json HTTP/1.1" 200 None
2022-03-26 15:27:35,418 DEBUG    urllib3.connectionpool https://storage.googleapis.com:443 "GET /15765189134.cloudbuild-logs.googleusercontent.com/log-78b0d5db-18e0-4532-834b-e7bbe04d139d.txt HTTP/1.1" 206 245
2022-03-26 15:27:35,418 DEBUG    root            Reading GCS logfile: 206 (read 245 bytes)
2022-03-26 15:27:35,418 INFO     ___FILE_ONLY___ / [0 files][    0.0 B/  1.7 KiB]                                                / [1 files][  1.7 KiB/  1.7 KiB]                                                
Operation completed over 1 objects/1.7 KiB.

2022-03-26 15:27:36,027 DEBUG    urllib3.connectionpool https://cloudbuild.googleapis.com:443 "GET /v1/projects/greenday-6aba2/locations/global/builds/78b0d5db-18e0-4532-834b-e7bbe04d139d?alt=json HTTP/1.1" 200 None
2022-03-26 15:27:36,605 DEBUG    urllib3.connectionpool https://storage.googleapis.com:443 "GET /15765189134.cloudbuild-logs.googleusercontent.com/log-78b0d5db-18e0-4532-834b-e7bbe04d139d.txt HTTP/1.1" 206 95
2022-03-26 15:27:36,608 DEBUG    root            Reading GCS logfile: 206 (read 95 bytes)
2022-03-26 15:27:36,608 INFO     ___FILE_ONLY___ BUILD
Starting Step #0
Step #0: Already have image (with digest): gcr.io/cloud-builders/gsutil

2022-03-26 15:27:37,336 DEBUG    urllib3.connectionpool https://cloudbuild.googleapis.com:443 "GET /v1/projects/greenday-6aba2/locations/global/builds/78b0d5db-18e0-4532-834b-e7bbe04d139d?alt=json HTTP/1.1" 200 None
2022-03-26 15:27:37,766 DEBUG    urllib3.connectionpool https://storage.googleapis.com:443 "GET /15765189134.cloudbuild-logs.googleusercontent.com/log-78b0d5db-18e0-4532-834b-e7bbe04d139d.txt HTTP/1.1" 206 137
2022-03-26 15:27:37,768 DEBUG    root            Reading GCS logfile: 206 (read 137 bytes)
2022-03-26 15:27:37,769 INFO     ___FILE_ONLY___ Step #0: Copying gs://greenday-taco-ai/model-export/iod/tf_saved_model-taco_20220325070838-2022-03-26T21:38:37.487016Z/saved_model.pb...

2022-03-26 15:27:38,483 DEBUG    urllib3.connectionpool https://cloudbuild.googleapis.com:443 "GET /v1/projects/greenday-6aba2/locations/global/builds/78b0d5db-18e0-4532-834b-e7bbe04d139d?alt=json HTTP/1.1" 200 None
2022-03-26 15:27:38,930 DEBUG    urllib3.connectionpool https://storage.googleapis.com:443 "GET /15765189134.cloudbuild-logs.googleusercontent.com/log-78b0d5db-18e0-4532-834b-e7bbe04d139d.txt HTTP/1.1" 206 371
2022-03-26 15:27:38,932 DEBUG    root            Reading GCS logfile: 206 (read 371 bytes)
2022-03-26 15:27:38,932 INFO     ___FILE_ONLY___ Step #0: / [0 files][    0.0 B/ 11.0 MiB]                                                / [1 files][ 11.0 MiB/ 11.0 MiB]                                                -
Step #0: Operation completed over 1 objects/11.0 MiB.                                     
Finished Step #0
Starting Step #1
Step #1: Already have image (with digest): gcr.io/cloud-builders/docker

2022-03-26 15:27:39,924 DEBUG    urllib3.connectionpool https://cloudbuild.googleapis.com:443 "GET /v1/projects/greenday-6aba2/locations/global/builds/78b0d5db-18e0-4532-834b-e7bbe04d139d?alt=json HTTP/1.1" 200 None
2022-03-26 15:27:40,092 DEBUG    urllib3.connectionpool https://storage.googleapis.com:443 "GET /15765189134.cloudbuild-logs.googleusercontent.com/log-78b0d5db-18e0-4532-834b-e7bbe04d139d.txt HTTP/1.1" 206 152
2022-03-26 15:27:40,094 DEBUG    root            Reading GCS logfile: 206 (read 152 bytes)
2022-03-26 15:27:40,095 INFO     ___FILE_ONLY___ Step #1: Sending build context to Docker daemon  11.49MB
Step #1: Step 1/3 : FROM gcr.io/cloud-devrel-public-resources/gcloud-container-1.14.0:latest

2022-03-26 15:27:41,244 DEBUG    urllib3.connectionpool https://cloudbuild.googleapis.com:443 "GET /v1/projects/greenday-6aba2/locations/global/builds/78b0d5db-18e0-4532-834b-e7bbe04d139d?alt=json HTTP/1.1" 200 None
2022-03-26 15:27:41,246 DEBUG    urllib3.connectionpool https://storage.googleapis.com:443 "GET /15765189134.cloudbuild-logs.googleusercontent.com/log-78b0d5db-18e0-4532-834b-e7bbe04d139d.txt HTTP/1.1" 206 891
2022-03-26 15:27:41,248 DEBUG    root            Reading GCS logfile: 206 (read 891 bytes)
2022-03-26 15:27:41,251 INFO     ___FILE_ONLY___ Step #1: latest: Pulling from cloud-devrel-public-resources/gcloud-container-1.14.0
Step #1: 5b7339215d1d: Pulling fs layer
Step #1: 14ca88e9f672: Pulling fs layer
Step #1: a31c3b1caad4: Pulling fs layer
Step #1: b054a26005b7: Pulling fs layer
Step #1: ea2f76a48494: Pulling fs layer
Step #1: 096d79dc1d76: Pulling fs layer
Step #1: f5a9cc9ce8fa: Pulling fs layer
Step #1: cd7f51a0ae8e: Pulling fs layer
Step #1: b054a26005b7: Waiting
Step #1: ea2f76a48494: Waiting
Step #1: 096d79dc1d76: Waiting
Step #1: f5a9cc9ce8fa: Waiting
Step #1: cd7f51a0ae8e: Waiting
Step #1: 14ca88e9f672: Verifying Checksum
Step #1: 14ca88e9f672: Download complete
Step #1: b054a26005b7: Verifying Checksum
Step #1: b054a26005b7: Download complete
Step #1: 5b7339215d1d: Verifying Checksum
Step #1: 5b7339215d1d: Download complete
Step #1: a31c3b1caad4: Verifying Checksum
Step #1: a31c3b1caad4: Download complete

2022-03-26 15:27:42,430 DEBUG    urllib3.connectionpool https://storage.googleapis.com:443 "GET /15765189134.cloudbuild-logs.googleusercontent.com/log-78b0d5db-18e0-4532-834b-e7bbe04d139d.txt HTTP/1.1" 206 517
2022-03-26 15:27:42,431 DEBUG    urllib3.connectionpool https://cloudbuild.googleapis.com:443 "GET /v1/projects/greenday-6aba2/locations/global/builds/78b0d5db-18e0-4532-834b-e7bbe04d139d?alt=json HTTP/1.1" 200 None
2022-03-26 15:27:42,433 DEBUG    root            Reading GCS logfile: 206 (read 517 bytes)
2022-03-26 15:27:42,433 INFO     ___FILE_ONLY___ Step #1: f5a9cc9ce8fa: Verifying Checksum
Step #1: f5a9cc9ce8fa: Download complete
Step #1: ea2f76a48494: Verifying Checksum
Step #1: ea2f76a48494: Download complete
Step #1: cd7f51a0ae8e: Verifying Checksum
Step #1: cd7f51a0ae8e: Download complete
Step #1: 096d79dc1d76: Verifying Checksum
Step #1: 096d79dc1d76: Download complete
Step #1: 5b7339215d1d: Pull complete
Step #1: 14ca88e9f672: Pull complete
Step #1: a31c3b1caad4: Pull complete
Step #1: b054a26005b7: Pull complete
Step #1: ea2f76a48494: Pull complete

2022-03-26 15:27:43,583 DEBUG    urllib3.connectionpool https://storage.googleapis.com:443 "GET /15765189134.cloudbuild-logs.googleusercontent.com/log-78b0d5db-18e0-4532-834b-e7bbe04d139d.txt HTTP/1.1" 416 167
2022-03-26 15:27:43,585 DEBUG    root            Reading GCS logfile: 416 (no new content; keep polling)
2022-03-26 15:27:43,612 DEBUG    urllib3.connectionpool https://cloudbuild.googleapis.com:443 "GET /v1/projects/greenday-6aba2/locations/global/builds/78b0d5db-18e0-4532-834b-e7bbe04d139d?alt=json HTTP/1.1" 200 None
2022-03-26 15:27:44,739 DEBUG    urllib3.connectionpool https://storage.googleapis.com:443 "GET /15765189134.cloudbuild-logs.googleusercontent.com/log-78b0d5db-18e0-4532-834b-e7bbe04d139d.txt HTTP/1.1" 206 398
2022-03-26 15:27:44,741 DEBUG    root            Reading GCS logfile: 206 (read 398 bytes)
2022-03-26 15:27:44,741 INFO     ___FILE_ONLY___ Step #1: 096d79dc1d76: Pull complete
Step #1: f5a9cc9ce8fa: Pull complete
Step #1: cd7f51a0ae8e: Pull complete
Step #1: Digest: sha256:f7121feb57eadc36ff1eb959d17a2c484f4dd0be6c2b679fdcb781f3d8e5d87b
Step #1: Status: Downloaded newer image for gcr.io/cloud-devrel-public-resources/gcloud-container-1.14.0:latest
Step #1:  ---> 797d86682860
Step #1: Step 2/3 : RUN mkdir -p /tmp/mounted_model/0001/

2022-03-26 15:27:44,932 DEBUG    urllib3.connectionpool https://cloudbuild.googleapis.com:443 "GET /v1/projects/greenday-6aba2/locations/global/builds/78b0d5db-18e0-4532-834b-e7bbe04d139d?alt=json HTTP/1.1" 200 None
2022-03-26 15:27:45,906 DEBUG    urllib3.connectionpool https://storage.googleapis.com:443 "GET /15765189134.cloudbuild-logs.googleusercontent.com/log-78b0d5db-18e0-4532-834b-e7bbe04d139d.txt HTTP/1.1" 206 39
2022-03-26 15:27:45,908 DEBUG    root            Reading GCS logfile: 206 (read 39 bytes)
2022-03-26 15:27:45,909 INFO     ___FILE_ONLY___ Step #1:  ---> Running in 59b607945873

2022-03-26 15:27:46,278 DEBUG    urllib3.connectionpool https://cloudbuild.googleapis.com:443 "GET /v1/projects/greenday-6aba2/locations/global/builds/78b0d5db-18e0-4532-834b-e7bbe04d139d?alt=json HTTP/1.1" 200 None
2022-03-26 15:27:47,078 DEBUG    urllib3.connectionpool https://storage.googleapis.com:443 "GET /15765189134.cloudbuild-logs.googleusercontent.com/log-78b0d5db-18e0-4532-834b-e7bbe04d139d.txt HTTP/1.1" 206 305
2022-03-26 15:27:47,080 DEBUG    root            Reading GCS logfile: 206 (read 305 bytes)
2022-03-26 15:27:47,080 INFO     ___FILE_ONLY___ Step #1: Removing intermediate container 59b607945873
Step #1:  ---> 546cd9fb1117
Step #1: Step 3/3 : COPY saved_model.pb /tmp/mounted_model/0001/
Step #1:  ---> f658a5fdb21b
Step #1: Successfully built f658a5fdb21b
Step #1: Successfully tagged eu.gcr.io/greenday-6aba2/cloud-run/material-analyzer:latest

2022-03-26 15:27:47,708 DEBUG    urllib3.connectionpool https://cloudbuild.googleapis.com:443 "GET /v1/projects/greenday-6aba2/locations/global/builds/78b0d5db-18e0-4532-834b-e7bbe04d139d?alt=json HTTP/1.1" 200 None
2022-03-26 15:27:48,254 DEBUG    urllib3.connectionpool https://storage.googleapis.com:443 "GET /15765189134.cloudbuild-logs.googleusercontent.com/log-78b0d5db-18e0-4532-834b-e7bbe04d139d.txt HTTP/1.1" 206 685
2022-03-26 15:27:48,255 DEBUG    root            Reading GCS logfile: 206 (read 685 bytes)
2022-03-26 15:27:48,256 INFO     ___FILE_ONLY___ Finished Step #1
Starting Step #2
Step #2: Already have image (with digest): gcr.io/cloud-builders/docker
Step #2: The push refers to repository [eu.gcr.io/greenday-6aba2/cloud-run/material-analyzer]
Step #2: cdb6a4d9cb0d: Preparing
Step #2: d112042b9957: Preparing
Step #2: a95d51b4c233: Preparing
Step #2: 4fb4eb56c558: Preparing
Step #2: 523337b7ba9c: Preparing
Step #2: 9c645fe38b9e: Preparing
Step #2: 75e70aa52609: Preparing
Step #2: dda151859818: Preparing
Step #2: fbd2732ad777: Preparing
Step #2: ba9de9d8475e: Preparing
Step #2: 9c645fe38b9e: Waiting
Step #2: 75e70aa52609: Waiting
Step #2: dda151859818: Waiting
Step #2: fbd2732ad777: Waiting
Step #2: ba9de9d8475e: Waiting

2022-03-26 15:27:48,869 DEBUG    urllib3.connectionpool https://cloudbuild.googleapis.com:443 "GET /v1/projects/greenday-6aba2/locations/global/builds/78b0d5db-18e0-4532-834b-e7bbe04d139d?alt=json HTTP/1.1" 200 None
2022-03-26 15:27:49,441 DEBUG    urllib3.connectionpool https://storage.googleapis.com:443 "GET /15765189134.cloudbuild-logs.googleusercontent.com/log-78b0d5db-18e0-4532-834b-e7bbe04d139d.txt HTTP/1.1" 206 352
2022-03-26 15:27:49,443 DEBUG    root            Reading GCS logfile: 206 (read 352 bytes)
2022-03-26 15:27:49,444 INFO     ___FILE_ONLY___ Step #2: a95d51b4c233: Layer already exists
Step #2: 523337b7ba9c: Layer already exists
Step #2: 4fb4eb56c558: Layer already exists
Step #2: 9c645fe38b9e: Layer already exists
Step #2: 75e70aa52609: Layer already exists
Step #2: fbd2732ad777: Layer already exists
Step #2: ba9de9d8475e: Layer already exists
Step #2: dda151859818: Layer already exists

2022-03-26 15:27:50,375 DEBUG    urllib3.connectionpool https://cloudbuild.googleapis.com:443 "GET /v1/projects/greenday-6aba2/locations/global/builds/78b0d5db-18e0-4532-834b-e7bbe04d139d?alt=json HTTP/1.1" 200 None
2022-03-26 15:27:50,619 DEBUG    urllib3.connectionpool https://storage.googleapis.com:443 "GET /15765189134.cloudbuild-logs.googleusercontent.com/log-78b0d5db-18e0-4532-834b-e7bbe04d139d.txt HTTP/1.1" 416 167
2022-03-26 15:27:50,621 DEBUG    root            Reading GCS logfile: 416 (no new content; keep polling)
2022-03-26 15:27:51,494 DEBUG    urllib3.connectionpool https://cloudbuild.googleapis.com:443 "GET /v1/projects/greenday-6aba2/locations/global/builds/78b0d5db-18e0-4532-834b-e7bbe04d139d?alt=json HTTP/1.1" 200 None
2022-03-26 15:27:51,772 DEBUG    urllib3.connectionpool https://storage.googleapis.com:443 "GET /15765189134.cloudbuild-logs.googleusercontent.com/log-78b0d5db-18e0-4532-834b-e7bbe04d139d.txt HTTP/1.1" 416 167
2022-03-26 15:27:51,772 DEBUG    root            Reading GCS logfile: 416 (no new content; keep polling)
2022-03-26 15:27:52,811 DEBUG    urllib3.connectionpool https://cloudbuild.googleapis.com:443 "GET /v1/projects/greenday-6aba2/locations/global/builds/78b0d5db-18e0-4532-834b-e7bbe04d139d?alt=json HTTP/1.1" 200 None
2022-03-26 15:27:52,918 DEBUG    urllib3.connectionpool https://storage.googleapis.com:443 "GET /15765189134.cloudbuild-logs.googleusercontent.com/log-78b0d5db-18e0-4532-834b-e7bbe04d139d.txt HTTP/1.1" 416 167
2022-03-26 15:27:52,919 DEBUG    root            Reading GCS logfile: 416 (no new content; keep polling)
2022-03-26 15:27:53,927 DEBUG    urllib3.connectionpool https://cloudbuild.googleapis.com:443 "GET /v1/projects/greenday-6aba2/locations/global/builds/78b0d5db-18e0-4532-834b-e7bbe04d139d?alt=json HTTP/1.1" 200 None
2022-03-26 15:27:54,085 DEBUG    urllib3.connectionpool https://storage.googleapis.com:443 "GET /15765189134.cloudbuild-logs.googleusercontent.com/log-78b0d5db-18e0-4532-834b-e7bbe04d139d.txt HTTP/1.1" 206 30
2022-03-26 15:27:54,085 DEBUG    root            Reading GCS logfile: 206 (read 30 bytes)
2022-03-26 15:27:54,085 INFO     ___FILE_ONLY___ Step #2: d112042b9957: Pushed

2022-03-26 15:27:55,047 DEBUG    urllib3.connectionpool https://cloudbuild.googleapis.com:443 "GET /v1/projects/greenday-6aba2/locations/global/builds/78b0d5db-18e0-4532-834b-e7bbe04d139d?alt=json HTTP/1.1" 200 None
2022-03-26 15:27:55,236 DEBUG    urllib3.connectionpool https://storage.googleapis.com:443 "GET /15765189134.cloudbuild-logs.googleusercontent.com/log-78b0d5db-18e0-4532-834b-e7bbe04d139d.txt HTTP/1.1" 206 30
2022-03-26 15:27:55,238 DEBUG    root            Reading GCS logfile: 206 (read 30 bytes)
2022-03-26 15:27:55,238 INFO     ___FILE_ONLY___ Step #2: cdb6a4d9cb0d: Pushed

2022-03-26 15:27:56,358 DEBUG    urllib3.connectionpool https://cloudbuild.googleapis.com:443 "GET /v1/projects/greenday-6aba2/locations/global/builds/78b0d5db-18e0-4532-834b-e7bbe04d139d?alt=json HTTP/1.1" 200 None
2022-03-26 15:27:56,403 DEBUG    urllib3.connectionpool https://storage.googleapis.com:443 "GET /15765189134.cloudbuild-logs.googleusercontent.com/log-78b0d5db-18e0-4532-834b-e7bbe04d139d.txt HTTP/1.1" 416 167
2022-03-26 15:27:56,405 DEBUG    root            Reading GCS logfile: 416 (no new content; keep polling)
2022-03-26 15:27:57,497 DEBUG    urllib3.connectionpool https://cloudbuild.googleapis.com:443 "GET /v1/projects/greenday-6aba2/locations/global/builds/78b0d5db-18e0-4532-834b-e7bbe04d139d?alt=json HTTP/1.1" 200 None
2022-03-26 15:27:57,551 DEBUG    urllib3.connectionpool https://storage.googleapis.com:443 "GET /15765189134.cloudbuild-logs.googleusercontent.com/log-78b0d5db-18e0-4532-834b-e7bbe04d139d.txt HTTP/1.1" 416 167
2022-03-26 15:27:57,552 DEBUG    root            Reading GCS logfile: 416 (no new content; keep polling)
2022-03-26 15:27:58,689 DEBUG    urllib3.connectionpool https://storage.googleapis.com:443 "GET /15765189134.cloudbuild-logs.googleusercontent.com/log-78b0d5db-18e0-4532-834b-e7bbe04d139d.txt HTTP/1.1" 416 167
2022-03-26 15:27:58,692 DEBUG    root            Reading GCS logfile: 416 (no new content; keep polling)
2022-03-26 15:27:58,872 DEBUG    urllib3.connectionpool https://cloudbuild.googleapis.com:443 "GET /v1/projects/greenday-6aba2/locations/global/builds/78b0d5db-18e0-4532-834b-e7bbe04d139d?alt=json HTTP/1.1" 200 None
2022-03-26 15:27:59,805 DEBUG    urllib3.connectionpool https://storage.googleapis.com:443 "GET /15765189134.cloudbuild-logs.googleusercontent.com/log-78b0d5db-18e0-4532-834b-e7bbe04d139d.txt HTTP/1.1" 416 167
2022-03-26 15:27:59,807 DEBUG    root            Reading GCS logfile: 416 (no new content; keep polling)
2022-03-26 15:28:00,209 DEBUG    urllib3.connectionpool https://cloudbuild.googleapis.com:443 "GET /v1/projects/greenday-6aba2/locations/global/builds/78b0d5db-18e0-4532-834b-e7bbe04d139d?alt=json HTTP/1.1" 200 None
2022-03-26 15:28:01,041 DEBUG    urllib3.connectionpool https://storage.googleapis.com:443 "GET /15765189134.cloudbuild-logs.googleusercontent.com/log-78b0d5db-18e0-4532-834b-e7bbe04d139d.txt HTTP/1.1" 206 219
2022-03-26 15:28:01,043 DEBUG    root            Reading GCS logfile: 206 (read 219 bytes)
2022-03-26 15:28:01,044 INFO     ___FILE_ONLY___ Step #2: latest: digest: sha256:71a42c587d6b040eba27da40edccc51db07ca6fb5ae1fb45454d776fb95c3345 size: 2407
Finished Step #2
Starting Step #3
Step #3: Already have image (with digest): gcr.io/cloud-builders/gcloud-slim

2022-03-26 15:28:01,324 DEBUG    urllib3.connectionpool https://cloudbuild.googleapis.com:443 "GET /v1/projects/greenday-6aba2/locations/global/builds/78b0d5db-18e0-4532-834b-e7bbe04d139d?alt=json HTTP/1.1" 200 None
2022-03-26 15:28:02,235 DEBUG    urllib3.connectionpool https://storage.googleapis.com:443 "GET /15765189134.cloudbuild-logs.googleusercontent.com/log-78b0d5db-18e0-4532-834b-e7bbe04d139d.txt HTTP/1.1" 416 167
2022-03-26 15:28:02,235 DEBUG    root            Reading GCS logfile: 416 (no new content; keep polling)
2022-03-26 15:28:02,452 DEBUG    urllib3.connectionpool https://cloudbuild.googleapis.com:443 "GET /v1/projects/greenday-6aba2/locations/global/builds/78b0d5db-18e0-4532-834b-e7bbe04d139d?alt=json HTTP/1.1" 200 None
2022-03-26 15:28:03,389 DEBUG    urllib3.connectionpool https://storage.googleapis.com:443 "GET /15765189134.cloudbuild-logs.googleusercontent.com/log-78b0d5db-18e0-4532-834b-e7bbe04d139d.txt HTTP/1.1" 206 313
2022-03-26 15:28:03,391 DEBUG    root            Reading GCS logfile: 206 (read 313 bytes)
2022-03-26 15:28:03,392 INFO     ___FILE_ONLY___ Step #3: ERROR: (gcloud.run.deploy) unrecognized arguments: allow-unauthenticated 
Step #3: 
Step #3: To search the help text of gcloud commands, run:
Step #3:   gcloud help -- SEARCH_TERMS
Finished Step #3
ERROR
ERROR: build step 3 "gcr.io/cloud-builders/gcloud-slim" failed: step exited with non-zero status: 2

2022-03-26 15:28:03,758 DEBUG    urllib3.connectionpool https://cloudbuild.googleapis.com:443 "GET /v1/projects/greenday-6aba2/locations/global/builds/78b0d5db-18e0-4532-834b-e7bbe04d139d?alt=json HTTP/1.1" 200 None
2022-03-26 15:28:04,534 DEBUG    urllib3.connectionpool https://storage.googleapis.com:443 "GET /15765189134.cloudbuild-logs.googleusercontent.com/log-78b0d5db-18e0-4532-834b-e7bbe04d139d.txt HTTP/1.1" 416 167
2022-03-26 15:28:04,534 DEBUG    root            Reading GCS logfile: 416 (no new content; keep polling)
2022-03-26 15:28:05,692 DEBUG    urllib3.connectionpool https://storage.googleapis.com:443 "GET /15765189134.cloudbuild-logs.googleusercontent.com/log-78b0d5db-18e0-4532-834b-e7bbe04d139d.txt HTTP/1.1" 416 167
2022-03-26 15:28:05,694 DEBUG    root            Reading GCS logfile: 416 (no new content; keep polling)
2022-03-26 15:28:05,694 INFO     ___FILE_ONLY___ ------------------------------------------------------------------------------------------------------------------------------

2022-03-26 15:28:05,695 INFO     ___FILE_ONLY___ 
BUILD FAILURE: Build step failure: build step 3 "gcr.io/cloud-builders/gcloud-slim" failed: step exited with non-zero status: 2

2022-03-26 15:28:05,696 DEBUG    root            (gcloud.builds.submit) build 78b0d5db-18e0-4532-834b-e7bbe04d139d completed with status "FAILURE"
Traceback (most recent call last):
  File "/Users/ankurahir/Documents/G-Cloud/google-cloud-sdk/lib/googlecloudsdk/calliope/cli.py", line 987, in Execute
    resources = calliope_command.Run(cli=self, args=args)
  File "/Users/ankurahir/Documents/G-Cloud/google-cloud-sdk/lib/googlecloudsdk/calliope/backend.py", line 809, in Run
    resources = command_instance.Run(args)
  File "/Users/ankurahir/Documents/G-Cloud/google-cloud-sdk/lib/surface/builds/submit.py", line 164, in Run
    build, _ = submit_util.Build(
  File "/Users/ankurahir/Documents/G-Cloud/google-cloud-sdk/lib/googlecloudsdk/command_lib/builds/submit_util.py", line 630, in Build
    raise FailedBuildException(build)
googlecloudsdk.command_lib.builds.submit_util.FailedBuildException: build 78b0d5db-18e0-4532-834b-e7bbe04d139d completed with status "FAILURE"
2022-03-26 15:28:05,701 ERROR    root            (gcloud.builds.submit) build 78b0d5db-18e0-4532-834b-e7bbe04d139d completed with status "FAILURE"
